{"/home/nicolas/u/FS2/KeyLab/src/App.jsx": {"path":"/home/nicolas/u/FS2/KeyLab/src/App.jsx","statementMap":{"0":{"start":{"line":37,"column":2},"end":{"line":67,"column":null}}},"fnMap":{"0":{"name":"App","decl":{"start":{"line":36,"column":9},"end":{"line":36,"column":15}},"loc":{"start":{"line":36,"column":15},"end":{"line":69,"column":null}},"line":36}},"branchMap":{},"s":{"0":0},"f":{"0":0},"b":{},"meta":{"lastBranch":0,"lastFunction":1,"lastStatement":1,"seen":{"f:36:9:36:15":0,"s:37:2:67:Infinity":0}}}
,"/home/nicolas/u/FS2/KeyLab/src/main.jsx": {"path":"/home/nicolas/u/FS2/KeyLab/src/main.jsx","statementMap":{"0":{"start":{"line":11,"column":0},"end":{"line":11,"column":null}},"1":{"start":{"line":13,"column":0},"end":{"line":21,"column":null}}},"fnMap":{},"branchMap":{},"s":{"0":0,"1":0},"f":{},"b":{},"meta":{"lastBranch":0,"lastFunction":0,"lastStatement":2,"seen":{"s:11:0:11:Infinity":0,"s:13:0:21:Infinity":1}}}
,"/home/nicolas/u/FS2/KeyLab/src/components/Footer.jsx": {"path":"/home/nicolas/u/FS2/KeyLab/src/components/Footer.jsx","statementMap":{"0":{"start":{"line":2,"column":2},"end":{"line":7,"column":null}}},"fnMap":{"0":{"name":"Footer","decl":{"start":{"line":1,"column":9},"end":{"line":1,"column":18}},"loc":{"start":{"line":1,"column":18},"end":{"line":9,"column":null}},"line":1}},"branchMap":{},"s":{"0":2},"f":{"0":2},"b":{},"meta":{"lastBranch":0,"lastFunction":1,"lastStatement":1,"seen":{"f:1:9:1:18":0,"s:2:2:7:Infinity":0}}}
,"/home/nicolas/u/FS2/KeyLab/src/components/ListaCategoricaDinamica.jsx": {"path":"/home/nicolas/u/FS2/KeyLab/src/components/ListaCategoricaDinamica.jsx","statementMap":{"0":{"start":{"line":6,"column":20},"end":{"line":6,"column":null}},"1":{"start":{"line":7,"column":24},"end":{"line":7,"column":null}},"2":{"start":{"line":9,"column":15},"end":{"line":15,"column":null}},"3":{"start":{"line":10,"column":10},"end":{"line":10,"column":null}},"4":{"start":{"line":11,"column":21},"end":{"line":13,"column":null}},"5":{"start":{"line":12,"column":11},"end":{"line":12,"column":null}},"6":{"start":{"line":14,"column":4},"end":{"line":14,"column":null}},"7":{"start":{"line":17,"column":2},"end":{"line":22,"column":null}},"8":{"start":{"line":18,"column":4},"end":{"line":18,"column":null}},"9":{"start":{"line":19,"column":22},"end":{"line":19,"column":null}},"10":{"start":{"line":19,"column":31},"end":{"line":19,"column":66}},"11":{"start":{"line":19,"column":58},"end":{"line":19,"column":66}},"12":{"start":{"line":20,"column":4},"end":{"line":20,"column":null}},"13":{"start":{"line":21,"column":4},"end":{"line":21,"column":null}},"14":{"start":{"line":21,"column":17},"end":{"line":21,"column":null}},"15":{"start":{"line":24,"column":2},"end":{"line":24,"column":null}},"16":{"start":{"line":24,"column":21},"end":{"line":24,"column":null}},"17":{"start":{"line":26,"column":2},"end":{"line":64,"column":null}},"18":{"start":{"line":31,"column":10},"end":{"line":61,"column":null}},"19":{"start":{"line":48,"column":20},"end":{"line":54,"column":null}}},"fnMap":{"0":{"name":"ListaCategoricaDinamica","decl":{"start":{"line":5,"column":24},"end":{"line":5,"column":48}},"loc":{"start":{"line":5,"column":63},"end":{"line":66,"column":null}},"line":5},"1":{"name":"(anonymous_1)","decl":{"start":{"line":9,"column":15},"end":{"line":9,"column":21}},"loc":{"start":{"line":9,"column":21},"end":{"line":15,"column":null}},"line":9},"2":{"name":"(anonymous_2)","decl":{"start":{"line":12,"column":6},"end":{"line":12,"column":11}},"loc":{"start":{"line":12,"column":11},"end":{"line":12,"column":null}},"line":12},"3":{"name":"(anonymous_3)","decl":{"start":{"line":17,"column":12},"end":{"line":17,"column":18}},"loc":{"start":{"line":17,"column":18},"end":{"line":22,"column":5}},"line":17},"4":{"name":"(anonymous_4)","decl":{"start":{"line":19,"column":22},"end":{"line":19,"column":23}},"loc":{"start":{"line":19,"column":29},"end":{"line":19,"column":null}},"line":19},"5":{"name":"(anonymous_5)","decl":{"start":{"line":21,"column":11},"end":{"line":21,"column":17}},"loc":{"start":{"line":21,"column":17},"end":{"line":21,"column":null}},"line":21},"6":{"name":"(anonymous_6)","decl":{"start":{"line":30,"column":19},"end":{"line":30,"column":20}},"loc":{"start":{"line":31,"column":10},"end":{"line":61,"column":null}},"line":31},"7":{"name":"(anonymous_7)","decl":{"start":{"line":47,"column":27},"end":{"line":47,"column":null}},"loc":{"start":{"line":48,"column":20},"end":{"line":54,"column":null}},"line":48}},"branchMap":{"0":{"loc":{"start":{"line":12,"column":18},"end":{"line":12,"column":35}},"type":"binary-expr","locations":[{"start":{"line":12,"column":18},"end":{"line":12,"column":33}},{"start":{"line":12,"column":33},"end":{"line":12,"column":35}}],"line":12},"1":{"loc":{"start":{"line":19,"column":31},"end":{"line":19,"column":66}},"type":"if","locations":[{"start":{"line":19,"column":31},"end":{"line":19,"column":66}},{"start":{},"end":{}}],"line":19},"2":{"loc":{"start":{"line":24,"column":2},"end":{"line":24,"column":null}},"type":"if","locations":[{"start":{"line":24,"column":2},"end":{"line":24,"column":null}},{"start":{},"end":{}}],"line":24},"3":{"loc":{"start":{"line":34,"column":21},"end":{"line":34,"column":null}},"type":"binary-expr","locations":[{"start":{"line":34,"column":21},"end":{"line":34,"column":33}},{"start":{"line":34,"column":33},"end":{"line":34,"column":null}}],"line":34},"4":{"loc":{"start":{"line":42,"column":27},"end":{"line":42,"column":40}},"type":"binary-expr","locations":[{"start":{"line":42,"column":27},"end":{"line":42,"column":39}},{"start":{"line":42,"column":39},"end":{"line":42,"column":40}}],"line":42},"5":{"loc":{"start":{"line":51,"column":37},"end":{"line":51,"column":50}},"type":"binary-expr","locations":[{"start":{"line":51,"column":37},"end":{"line":51,"column":49}},{"start":{"line":51,"column":49},"end":{"line":51,"column":50}}],"line":51},"6":{"loc":{"start":{"line":52,"column":30},"end":{"line":52,"column":null}},"type":"binary-expr","locations":[{"start":{"line":52,"column":30},"end":{"line":52,"column":42}},{"start":{"line":52,"column":42},"end":{"line":52,"column":null}}],"line":52}},"s":{"0":24,"1":24,"2":24,"3":12,"4":12,"5":0,"6":12,"7":24,"8":12,"9":12,"10":0,"11":0,"12":12,"13":12,"14":12,"15":24,"16":24,"17":0,"18":0,"19":0},"f":{"0":24,"1":12,"2":0,"3":12,"4":0,"5":12,"6":0,"7":0},"b":{"0":[0,0],"1":[0,0],"2":[24,0],"3":[0,0],"4":[0,0],"5":[0,0],"6":[0,0]},"meta":{"lastBranch":7,"lastFunction":8,"lastStatement":20,"seen":{"f:5:24:5:48":0,"s:6:20:6:Infinity":0,"s:7:24:7:Infinity":1,"s:9:15:15:Infinity":2,"f:9:15:9:21":1,"s:10:10:10:Infinity":3,"s:11:21:13:Infinity":4,"f:12:6:12:11":2,"s:12:11:12:Infinity":5,"b:12:18:12:33:12:33:12:35":0,"s:14:4:14:Infinity":6,"s:17:2:22:Infinity":7,"f:17:12:17:18":3,"s:18:4:18:Infinity":8,"s:19:22:19:Infinity":9,"f:19:22:19:23":4,"b:19:31:19:66:undefined:undefined:undefined:undefined":1,"s:19:31:19:66":10,"s:19:58:19:66":11,"s:20:4:20:Infinity":12,"s:21:4:21:Infinity":13,"f:21:11:21:17":5,"s:21:17:21:Infinity":14,"b:24:2:24:Infinity:undefined:undefined:undefined:undefined":2,"s:24:2:24:Infinity":15,"s:24:21:24:Infinity":16,"s:26:2:64:Infinity":17,"f:30:19:30:20":6,"s:31:10:61:Infinity":18,"b:34:21:34:33:34:33:34:Infinity":3,"b:42:27:42:39:42:39:42:40":4,"f:47:27:47:Infinity":7,"s:48:20:54:Infinity":19,"b:51:37:51:49:51:49:51:50":5,"b:52:30:52:42:52:42:52:Infinity":6}}}
,"/home/nicolas/u/FS2/KeyLab/src/components/Navbar.jsx": {"path":"/home/nicolas/u/FS2/KeyLab/src/components/Navbar.jsx","statementMap":{"0":{"start":{"line":8,"column":23},"end":{"line":8,"column":null}},"1":{"start":{"line":9,"column":24},"end":{"line":9,"column":null}},"2":{"start":{"line":11,"column":2},"end":{"line":83,"column":null}}},"fnMap":{"0":{"name":"Navbar","decl":{"start":{"line":7,"column":9},"end":{"line":7,"column":18}},"loc":{"start":{"line":7,"column":18},"end":{"line":85,"column":null}},"line":7}},"branchMap":{"0":{"loc":{"start":{"line":43,"column":13},"end":{"line":46,"column":null}},"type":"binary-expr","locations":[{"start":{"line":43,"column":13},"end":{"line":43,"column":null}},{"start":{"line":44,"column":16},"end":{"line":46,"column":null}}],"line":43},"1":{"loc":{"start":{"line":48,"column":19},"end":{"line":68,"column":null}},"type":"cond-expr","locations":[{"start":{"line":49,"column":14},"end":{"line":64,"column":null}},{"start":{"line":66,"column":14},"end":{"line":68,"column":null}}],"line":48},"2":{"loc":{"start":{"line":55,"column":25},"end":{"line":55,"column":null}},"type":"binary-expr","locations":[{"start":{"line":55,"column":25},"end":{"line":55,"column":40}},{"start":{"line":55,"column":40},"end":{"line":55,"column":null}}],"line":55}},"s":{"0":5,"1":5,"2":5},"f":{"0":5},"b":{"0":[5,1],"1":[2,3],"2":[2,0]},"meta":{"lastBranch":3,"lastFunction":1,"lastStatement":3,"seen":{"f:7:9:7:18":0,"s:8:23:8:Infinity":0,"s:9:24:9:Infinity":1,"s:11:2:83:Infinity":2,"b:43:13:43:Infinity:44:16:46:Infinity":0,"b:49:14:64:Infinity:66:14:68:Infinity":1,"b:55:25:55:40:55:40:55:Infinity":2}}}
,"/home/nicolas/u/FS2/KeyLab/src/components/ProductGrid.jsx": {"path":"/home/nicolas/u/FS2/KeyLab/src/components/ProductGrid.jsx","statementMap":{"0":{"start":{"line":9,"column":37},"end":{"line":9,"column":null}},"1":{"start":{"line":11,"column":26},"end":{"line":13,"column":null}},"2":{"start":{"line":12,"column":4},"end":{"line":12,"column":null}},"3":{"start":{"line":14,"column":16},"end":{"line":14,"column":null}},"4":{"start":{"line":16,"column":2},"end":{"line":18,"column":null}},"5":{"start":{"line":17,"column":4},"end":{"line":17,"column":null}},"6":{"start":{"line":20,"column":2},"end":{"line":68,"column":null}},"7":{"start":{"line":23,"column":34},"end":{"line":23,"column":null}},"8":{"start":{"line":25,"column":8},"end":{"line":65,"column":null}},"9":{"start":{"line":52,"column":31},"end":{"line":52,"column":null}}},"fnMap":{"0":{"name":"ProductGrid","decl":{"start":{"line":8,"column":24},"end":{"line":8,"column":36}},"loc":{"start":{"line":8,"column":51},"end":{"line":70,"column":null}},"line":8},"1":{"name":"(anonymous_1)","decl":{"start":{"line":11,"column":26},"end":{"line":11,"column":27}},"loc":{"start":{"line":11,"column":40},"end":{"line":13,"column":null}},"line":11},"2":{"name":"(anonymous_2)","decl":{"start":{"line":22,"column":17},"end":{"line":22,"column":18}},"loc":{"start":{"line":22,"column":31},"end":{"line":67,"column":7}},"line":22},"3":{"name":"(anonymous_3)","decl":{"start":{"line":52,"column":25},"end":{"line":52,"column":31}},"loc":{"start":{"line":52,"column":31},"end":{"line":52,"column":null}},"line":52}},"branchMap":{"0":{"loc":{"start":{"line":14,"column":16},"end":{"line":14,"column":null}},"type":"cond-expr","locations":[{"start":{"line":14,"column":43},"end":{"line":14,"column":55}},{"start":{"line":14,"column":55},"end":{"line":14,"column":null}}],"line":14},"1":{"loc":{"start":{"line":16,"column":2},"end":{"line":18,"column":null}},"type":"if","locations":[{"start":{"line":16,"column":2},"end":{"line":18,"column":null}},{"start":{},"end":{}}],"line":16},"2":{"loc":{"start":{"line":39,"column":15},"end":{"line":44,"column":null}},"type":"binary-expr","locations":[{"start":{"line":39,"column":15},"end":{"line":39,"column":null}},{"start":{"line":40,"column":16},"end":{"line":44,"column":null}}],"line":39},"3":{"loc":{"start":{"line":54,"column":17},"end":{"line":54,"column":null}},"type":"cond-expr","locations":[{"start":{"line":54,"column":41},"end":{"line":54,"column":56}},{"start":{"line":54,"column":56},"end":{"line":54,"column":null}}],"line":54}},"s":{"0":0,"1":0,"2":0,"3":0,"4":0,"5":0,"6":0,"7":0,"8":0,"9":0},"f":{"0":0,"1":0,"2":0,"3":0},"b":{"0":[0,0],"1":[0,0],"2":[0,0],"3":[0,0]},"meta":{"lastBranch":4,"lastFunction":4,"lastStatement":10,"seen":{"f:8:24:8:36":0,"s:9:37:9:Infinity":0,"s:11:26:13:Infinity":1,"f:11:26:11:27":1,"s:12:4:12:Infinity":2,"s:14:16:14:Infinity":3,"b:14:43:14:55:14:55:14:Infinity":0,"b:16:2:18:Infinity:undefined:undefined:undefined:undefined":1,"s:16:2:18:Infinity":4,"s:17:4:17:Infinity":5,"s:20:2:68:Infinity":6,"f:22:17:22:18":2,"s:23:34:23:Infinity":7,"s:25:8:65:Infinity":8,"b:39:15:39:Infinity:40:16:44:Infinity":2,"f:52:25:52:31":3,"s:52:31:52:Infinity":9,"b:54:41:54:56:54:56:54:Infinity":3}}}
,"/home/nicolas/u/FS2/KeyLab/src/context/AuthContext.jsx": {"path":"/home/nicolas/u/FS2/KeyLab/src/context/AuthContext.jsx","statementMap":{"0":{"start":{"line":4,"column":6},"end":{"line":4,"column":null}},"1":{"start":{"line":7,"column":20},"end":{"line":7,"column":null}},"2":{"start":{"line":11,"column":22},"end":{"line":19,"column":null}},"3":{"start":{"line":12,"column":4},"end":{"line":18,"column":null}},"4":{"start":{"line":13,"column":18},"end":{"line":13,"column":null}},"5":{"start":{"line":14,"column":6},"end":{"line":14,"column":null}},"6":{"start":{"line":16,"column":6},"end":{"line":16,"column":null}},"7":{"start":{"line":17,"column":6},"end":{"line":17,"column":null}},"8":{"start":{"line":22,"column":2},"end":{"line":32,"column":null}},"9":{"start":{"line":23,"column":4},"end":{"line":31,"column":null}},"10":{"start":{"line":24,"column":6},"end":{"line":28,"column":null}},"11":{"start":{"line":25,"column":8},"end":{"line":25,"column":null}},"12":{"start":{"line":27,"column":8},"end":{"line":27,"column":null}},"13":{"start":{"line":30,"column":6},"end":{"line":30,"column":null}},"14":{"start":{"line":35,"column":16},"end":{"line":45,"column":null}},"15":{"start":{"line":36,"column":21},"end":{"line":36,"column":null}},"16":{"start":{"line":37,"column":18},"end":{"line":41,"column":null}},"17":{"start":{"line":39,"column":8},"end":{"line":40,"column":null}},"18":{"start":{"line":42,"column":4},"end":{"line":42,"column":null}},"19":{"start":{"line":42,"column":16},"end":{"line":42,"column":null}},"20":{"start":{"line":43,"column":4},"end":{"line":43,"column":null}},"21":{"start":{"line":44,"column":4},"end":{"line":44,"column":null}},"22":{"start":{"line":48,"column":19},"end":{"line":58,"column":null}},"23":{"start":{"line":49,"column":21},"end":{"line":49,"column":null}},"24":{"start":{"line":50,"column":19},"end":{"line":52,"column":null}},"25":{"start":{"line":51,"column":13},"end":{"line":51,"column":null}},"26":{"start":{"line":53,"column":4},"end":{"line":53,"column":null}},"27":{"start":{"line":53,"column":16},"end":{"line":53,"column":null}},"28":{"start":{"line":54,"column":4},"end":{"line":54,"column":null}},"29":{"start":{"line":55,"column":4},"end":{"line":55,"column":null}},"30":{"start":{"line":56,"column":4},"end":{"line":56,"column":null}},"31":{"start":{"line":57,"column":4},"end":{"line":57,"column":null}},"32":{"start":{"line":62,"column":17},"end":{"line":65,"column":null}},"33":{"start":{"line":63,"column":4},"end":{"line":63,"column":null}},"34":{"start":{"line":64,"column":4},"end":{"line":64,"column":null}},"35":{"start":{"line":67,"column":2},"end":{"line":70,"column":null}},"36":{"start":{"line":76,"column":2},"end":{"line":76,"column":null}}},"fnMap":{"0":{"name":"AuthProvider","decl":{"start":{"line":9,"column":16},"end":{"line":9,"column":29}},"loc":{"start":{"line":9,"column":43},"end":{"line":72,"column":null}},"line":9},"1":{"name":"(anonymous_1)","decl":{"start":{"line":11,"column":35},"end":{"line":11,"column":41}},"loc":{"start":{"line":11,"column":41},"end":{"line":19,"column":3}},"line":11},"2":{"name":"(anonymous_2)","decl":{"start":{"line":22,"column":12},"end":{"line":22,"column":18}},"loc":{"start":{"line":22,"column":18},"end":{"line":32,"column":5}},"line":22},"3":{"name":"(anonymous_3)","decl":{"start":{"line":35,"column":16},"end":{"line":35,"column":17}},"loc":{"start":{"line":35,"column":37},"end":{"line":45,"column":null}},"line":35},"4":{"name":"(anonymous_4)","decl":{"start":{"line":38,"column":6},"end":{"line":38,"column":7}},"loc":{"start":{"line":39,"column":8},"end":{"line":40,"column":null}},"line":39},"5":{"name":"(anonymous_5)","decl":{"start":{"line":48,"column":19},"end":{"line":48,"column":20}},"loc":{"start":{"line":48,"column":32},"end":{"line":58,"column":null}},"line":48},"6":{"name":"(anonymous_6)","decl":{"start":{"line":51,"column":6},"end":{"line":51,"column":7}},"loc":{"start":{"line":51,"column":13},"end":{"line":51,"column":null}},"line":51},"7":{"name":"(anonymous_7)","decl":{"start":{"line":62,"column":17},"end":{"line":62,"column":23}},"loc":{"start":{"line":62,"column":23},"end":{"line":65,"column":null}},"line":62},"8":{"name":"useAuth","decl":{"start":{"line":75,"column":16},"end":{"line":75,"column":26}},"loc":{"start":{"line":75,"column":26},"end":{"line":77,"column":null}},"line":75}},"branchMap":{"0":{"loc":{"start":{"line":14,"column":13},"end":{"line":14,"column":null}},"type":"cond-expr","locations":[{"start":{"line":14,"column":19},"end":{"line":14,"column":37}},{"start":{"line":14,"column":37},"end":{"line":14,"column":null}}],"line":14},"1":{"loc":{"start":{"line":24,"column":6},"end":{"line":28,"column":null}},"type":"if","locations":[{"start":{"line":24,"column":6},"end":{"line":28,"column":null}},{"start":{"line":26,"column":13},"end":{"line":28,"column":null}}],"line":24},"2":{"loc":{"start":{"line":36,"column":32},"end":{"line":36,"column":72}},"type":"binary-expr","locations":[{"start":{"line":36,"column":32},"end":{"line":36,"column":68}},{"start":{"line":36,"column":68},"end":{"line":36,"column":72}}],"line":36},"3":{"loc":{"start":{"line":39,"column":8},"end":{"line":40,"column":null}},"type":"binary-expr","locations":[{"start":{"line":39,"column":8},"end":{"line":39,"column":null}},{"start":{"line":40,"column":8},"end":{"line":40,"column":null}}],"line":39},"4":{"loc":{"start":{"line":42,"column":4},"end":{"line":42,"column":null}},"type":"if","locations":[{"start":{"line":42,"column":4},"end":{"line":42,"column":null}},{"start":{},"end":{}}],"line":42},"5":{"loc":{"start":{"line":49,"column":32},"end":{"line":49,"column":72}},"type":"binary-expr","locations":[{"start":{"line":49,"column":32},"end":{"line":49,"column":68}},{"start":{"line":49,"column":68},"end":{"line":49,"column":72}}],"line":49},"6":{"loc":{"start":{"line":53,"column":4},"end":{"line":53,"column":null}},"type":"if","locations":[{"start":{"line":53,"column":4},"end":{"line":53,"column":null}},{"start":{},"end":{}}],"line":53}},"s":{"0":3,"1":3,"2":0,"3":0,"4":0,"5":0,"6":0,"7":0,"8":0,"9":0,"10":0,"11":0,"12":0,"13":0,"14":0,"15":0,"16":0,"17":0,"18":0,"19":0,"20":0,"21":0,"22":0,"23":0,"24":0,"25":0,"26":0,"27":0,"28":0,"29":0,"30":0,"31":0,"32":0,"33":0,"34":0,"35":0,"36":20},"f":{"0":0,"1":0,"2":0,"3":0,"4":0,"5":0,"6":0,"7":0,"8":20},"b":{"0":[0,0],"1":[0,0],"2":[0,0],"3":[0,0],"4":[0,0],"5":[0,0],"6":[0,0]},"meta":{"lastBranch":7,"lastFunction":9,"lastStatement":37,"seen":{"s:4:6:4:Infinity":0,"s:7:20:7:Infinity":1,"f:9:16:9:29":0,"s:11:22:19:Infinity":2,"f:11:35:11:41":1,"s:12:4:18:Infinity":3,"s:13:18:13:Infinity":4,"s:14:6:14:Infinity":5,"b:14:19:14:37:14:37:14:Infinity":0,"s:16:6:16:Infinity":6,"s:17:6:17:Infinity":7,"s:22:2:32:Infinity":8,"f:22:12:22:18":2,"s:23:4:31:Infinity":9,"b:24:6:28:Infinity:26:13:28:Infinity":1,"s:24:6:28:Infinity":10,"s:25:8:25:Infinity":11,"s:27:8:27:Infinity":12,"s:30:6:30:Infinity":13,"s:35:16:45:Infinity":14,"f:35:16:35:17":3,"s:36:21:36:Infinity":15,"b:36:32:36:68:36:68:36:72":2,"s:37:18:41:Infinity":16,"f:38:6:38:7":4,"s:39:8:40:Infinity":17,"b:39:8:39:Infinity:40:8:40:Infinity":3,"b:42:4:42:Infinity:undefined:undefined:undefined:undefined":4,"s:42:4:42:Infinity":18,"s:42:16:42:Infinity":19,"s:43:4:43:Infinity":20,"s:44:4:44:Infinity":21,"s:48:19:58:Infinity":22,"f:48:19:48:20":5,"s:49:21:49:Infinity":23,"b:49:32:49:68:49:68:49:72":5,"s:50:19:52:Infinity":24,"f:51:6:51:7":6,"s:51:13:51:Infinity":25,"b:53:4:53:Infinity:undefined:undefined:undefined:undefined":6,"s:53:4:53:Infinity":26,"s:53:16:53:Infinity":27,"s:54:4:54:Infinity":28,"s:55:4:55:Infinity":29,"s:56:4:56:Infinity":30,"s:57:4:57:Infinity":31,"s:62:17:65:Infinity":32,"f:62:17:62:23":7,"s:63:4:63:Infinity":33,"s:64:4:64:Infinity":34,"s:67:2:70:Infinity":35,"f:75:16:75:26":8,"s:76:2:76:Infinity":36}}}
,"/home/nicolas/u/FS2/KeyLab/src/context/CartContext.jsx": {"path":"/home/nicolas/u/FS2/KeyLab/src/context/CartContext.jsx","statementMap":{"0":{"start":{"line":5,"column":6},"end":{"line":5,"column":null}},"1":{"start":{"line":9,"column":22},"end":{"line":12,"column":null}},"2":{"start":{"line":10,"column":18},"end":{"line":10,"column":null}},"3":{"start":{"line":11,"column":4},"end":{"line":11,"column":null}},"4":{"start":{"line":15,"column":2},"end":{"line":17,"column":null}},"5":{"start":{"line":16,"column":4},"end":{"line":16,"column":null}},"6":{"start":{"line":20,"column":20},"end":{"line":72,"column":null}},"7":{"start":{"line":21,"column":26},"end":{"line":21,"column":null}},"8":{"start":{"line":21,"column":46},"end":{"line":21,"column":69}},"9":{"start":{"line":23,"column":4},"end":{"line":71,"column":null}},"10":{"start":{"line":25,"column":6},"end":{"line":32,"column":null}},"11":{"start":{"line":26,"column":8},"end":{"line":30,"column":null}},"12":{"start":{"line":31,"column":8},"end":{"line":31,"column":null}},"13":{"start":{"line":35,"column":6},"end":{"line":41,"column":null}},"14":{"start":{"line":37,"column":10},"end":{"line":39,"column":null}},"15":{"start":{"line":43,"column":6},"end":{"line":49,"column":null}},"16":{"start":{"line":52,"column":6},"end":{"line":59,"column":null}},"17":{"start":{"line":53,"column":8},"end":{"line":57,"column":null}},"18":{"start":{"line":58,"column":8},"end":{"line":58,"column":null}},"19":{"start":{"line":62,"column":6},"end":{"line":62,"column":null}},"20":{"start":{"line":64,"column":6},"end":{"line":70,"column":null}},"21":{"start":{"line":75,"column":25},"end":{"line":99,"column":null}},"22":{"start":{"line":76,"column":21},"end":{"line":76,"column":null}},"23":{"start":{"line":76,"column":41},"end":{"line":76,"column":62}},"24":{"start":{"line":78,"column":4},"end":{"line":98,"column":null}},"25":{"start":{"line":88,"column":6},"end":{"line":97,"column":null}},"26":{"start":{"line":89,"column":8},"end":{"line":89,"column":null}},"27":{"start":{"line":89,"column":38},"end":{"line":89,"column":59}},"28":{"start":{"line":90,"column":8},"end":{"line":96,"column":null}},"29":{"start":{"line":102,"column":25},"end":{"line":129,"column":null}},"30":{"start":{"line":104,"column":4},"end":{"line":107,"column":null}},"31":{"start":{"line":105,"column":6},"end":{"line":105,"column":null}},"32":{"start":{"line":106,"column":6},"end":{"line":106,"column":null}},"33":{"start":{"line":109,"column":17},"end":{"line":109,"column":null}},"34":{"start":{"line":109,"column":37},"end":{"line":109,"column":58}},"35":{"start":{"line":111,"column":4},"end":{"line":111,"column":null}},"36":{"start":{"line":111,"column":15},"end":{"line":111,"column":null}},"37":{"start":{"line":114,"column":4},"end":{"line":121,"column":null}},"38":{"start":{"line":115,"column":6},"end":{"line":119,"column":null}},"39":{"start":{"line":120,"column":6},"end":{"line":120,"column":null}},"40":{"start":{"line":124,"column":4},"end":{"line":128,"column":null}},"41":{"start":{"line":126,"column":8},"end":{"line":126,"column":null}},"42":{"start":{"line":132,"column":20},"end":{"line":153,"column":null}},"43":{"start":{"line":133,"column":4},"end":{"line":152,"column":null}},"44":{"start":{"line":143,"column":6},"end":{"line":151,"column":null}},"45":{"start":{"line":144,"column":8},"end":{"line":144,"column":null}},"46":{"start":{"line":145,"column":8},"end":{"line":150,"column":null}},"47":{"start":{"line":156,"column":26},"end":{"line":158,"column":null}},"48":{"start":{"line":157,"column":4},"end":{"line":157,"column":null}},"49":{"start":{"line":161,"column":24},"end":{"line":163,"column":null}},"50":{"start":{"line":162,"column":4},"end":{"line":162,"column":null}},"51":{"start":{"line":162,"column":40},"end":{"line":162,"column":63}},"52":{"start":{"line":166,"column":24},"end":{"line":168,"column":null}},"53":{"start":{"line":167,"column":4},"end":{"line":167,"column":null}},"54":{"start":{"line":167,"column":40},"end":{"line":167,"column":77}},"55":{"start":{"line":171,"column":26},"end":{"line":174,"column":null}},"56":{"start":{"line":172,"column":17},"end":{"line":172,"column":null}},"57":{"start":{"line":172,"column":37},"end":{"line":172,"column":58}},"58":{"start":{"line":173,"column":4},"end":{"line":173,"column":null}},"59":{"start":{"line":177,"column":19},"end":{"line":179,"column":null}},"60":{"start":{"line":178,"column":4},"end":{"line":178,"column":null}},"61":{"start":{"line":178,"column":31},"end":{"line":178,"column":52}},"62":{"start":{"line":181,"column":16},"end":{"line":192,"column":null}},"63":{"start":{"line":194,"column":2},"end":{"line":194,"column":null}},"64":{"start":{"line":199,"column":8},"end":{"line":199,"column":null}},"65":{"start":{"line":200,"column":2},"end":{"line":202,"column":null}},"66":{"start":{"line":201,"column":4},"end":{"line":201,"column":null}},"67":{"start":{"line":203,"column":2},"end":{"line":203,"column":null}}},"fnMap":{"0":{"name":"CartProvider","decl":{"start":{"line":7,"column":16},"end":{"line":7,"column":29}},"loc":{"start":{"line":7,"column":43},"end":{"line":195,"column":null}},"line":7},"1":{"name":"(anonymous_1)","decl":{"start":{"line":9,"column":35},"end":{"line":9,"column":41}},"loc":{"start":{"line":9,"column":41},"end":{"line":12,"column":3}},"line":9},"2":{"name":"(anonymous_2)","decl":{"start":{"line":15,"column":12},"end":{"line":15,"column":18}},"loc":{"start":{"line":15,"column":18},"end":{"line":17,"column":5}},"line":15},"3":{"name":"(anonymous_3)","decl":{"start":{"line":20,"column":20},"end":{"line":20,"column":21}},"loc":{"start":{"line":20,"column":34},"end":{"line":72,"column":null}},"line":20},"4":{"name":"(anonymous_4)","decl":{"start":{"line":21,"column":36},"end":{"line":21,"column":37}},"loc":{"start":{"line":21,"column":46},"end":{"line":21,"column":69}},"line":21},"5":{"name":"(anonymous_5)","decl":{"start":{"line":36,"column":17},"end":{"line":36,"column":18}},"loc":{"start":{"line":37,"column":10},"end":{"line":39,"column":null}},"line":37},"6":{"name":"(anonymous_6)","decl":{"start":{"line":75,"column":25},"end":{"line":75,"column":26}},"loc":{"start":{"line":75,"column":40},"end":{"line":99,"column":null}},"line":75},"7":{"name":"(anonymous_7)","decl":{"start":{"line":76,"column":31},"end":{"line":76,"column":32}},"loc":{"start":{"line":76,"column":41},"end":{"line":76,"column":62}},"line":76},"8":{"name":"(anonymous_8)","decl":{"start":{"line":87,"column":12},"end":{"line":87,"column":13}},"loc":{"start":{"line":87,"column":24},"end":{"line":98,"column":5}},"line":87},"9":{"name":"(anonymous_9)","decl":{"start":{"line":89,"column":28},"end":{"line":89,"column":29}},"loc":{"start":{"line":89,"column":38},"end":{"line":89,"column":59}},"line":89},"10":{"name":"(anonymous_10)","decl":{"start":{"line":102,"column":25},"end":{"line":102,"column":26}},"loc":{"start":{"line":102,"column":53},"end":{"line":129,"column":null}},"line":102},"11":{"name":"(anonymous_11)","decl":{"start":{"line":109,"column":27},"end":{"line":109,"column":28}},"loc":{"start":{"line":109,"column":37},"end":{"line":109,"column":58}},"line":109},"12":{"name":"(anonymous_12)","decl":{"start":{"line":125,"column":15},"end":{"line":125,"column":16}},"loc":{"start":{"line":126,"column":8},"end":{"line":126,"column":null}},"line":126},"13":{"name":"(anonymous_13)","decl":{"start":{"line":132,"column":20},"end":{"line":132,"column":26}},"loc":{"start":{"line":132,"column":26},"end":{"line":153,"column":null}},"line":132},"14":{"name":"(anonymous_14)","decl":{"start":{"line":142,"column":12},"end":{"line":142,"column":13}},"loc":{"start":{"line":142,"column":24},"end":{"line":152,"column":5}},"line":142},"15":{"name":"(anonymous_15)","decl":{"start":{"line":156,"column":26},"end":{"line":156,"column":32}},"loc":{"start":{"line":156,"column":32},"end":{"line":158,"column":null}},"line":156},"16":{"name":"(anonymous_16)","decl":{"start":{"line":161,"column":24},"end":{"line":161,"column":30}},"loc":{"start":{"line":161,"column":30},"end":{"line":163,"column":null}},"line":161},"17":{"name":"(anonymous_17)","decl":{"start":{"line":162,"column":23},"end":{"line":162,"column":24}},"loc":{"start":{"line":162,"column":40},"end":{"line":162,"column":63}},"line":162},"18":{"name":"(anonymous_18)","decl":{"start":{"line":166,"column":24},"end":{"line":166,"column":30}},"loc":{"start":{"line":166,"column":30},"end":{"line":168,"column":null}},"line":166},"19":{"name":"(anonymous_19)","decl":{"start":{"line":167,"column":23},"end":{"line":167,"column":24}},"loc":{"start":{"line":167,"column":40},"end":{"line":167,"column":77}},"line":167},"20":{"name":"(anonymous_20)","decl":{"start":{"line":171,"column":26},"end":{"line":171,"column":27}},"loc":{"start":{"line":171,"column":41},"end":{"line":174,"column":null}},"line":171},"21":{"name":"(anonymous_21)","decl":{"start":{"line":172,"column":27},"end":{"line":172,"column":28}},"loc":{"start":{"line":172,"column":37},"end":{"line":172,"column":58}},"line":172},"22":{"name":"(anonymous_22)","decl":{"start":{"line":177,"column":19},"end":{"line":177,"column":20}},"loc":{"start":{"line":177,"column":34},"end":{"line":179,"column":null}},"line":177},"23":{"name":"(anonymous_23)","decl":{"start":{"line":178,"column":21},"end":{"line":178,"column":22}},"loc":{"start":{"line":178,"column":31},"end":{"line":178,"column":52}},"line":178},"24":{"name":"useCart","decl":{"start":{"line":198,"column":16},"end":{"line":198,"column":26}},"loc":{"start":{"line":198,"column":26},"end":{"line":204,"column":null}},"line":198}},"branchMap":{"0":{"loc":{"start":{"line":11,"column":11},"end":{"line":11,"column":null}},"type":"cond-expr","locations":[{"start":{"line":11,"column":19},"end":{"line":11,"column":39}},{"start":{"line":11,"column":39},"end":{"line":11,"column":null}}],"line":11},"1":{"loc":{"start":{"line":23,"column":4},"end":{"line":71,"column":null}},"type":"if","locations":[{"start":{"line":23,"column":4},"end":{"line":71,"column":null}},{"start":{"line":50,"column":11},"end":{"line":71,"column":null}}],"line":23},"2":{"loc":{"start":{"line":25,"column":6},"end":{"line":32,"column":null}},"type":"if","locations":[{"start":{"line":25,"column":6},"end":{"line":32,"column":null}},{"start":{},"end":{}}],"line":25},"3":{"loc":{"start":{"line":37,"column":10},"end":{"line":39,"column":null}},"type":"cond-expr","locations":[{"start":{"line":38,"column":14},"end":{"line":38,"column":null}},{"start":{"line":39,"column":14},"end":{"line":39,"column":null}}],"line":37},"4":{"loc":{"start":{"line":52,"column":6},"end":{"line":59,"column":null}},"type":"if","locations":[{"start":{"line":52,"column":6},"end":{"line":59,"column":null}},{"start":{},"end":{}}],"line":52},"5":{"loc":{"start":{"line":88,"column":6},"end":{"line":97,"column":null}},"type":"if","locations":[{"start":{"line":88,"column":6},"end":{"line":97,"column":null}},{"start":{},"end":{}}],"line":88},"6":{"loc":{"start":{"line":104,"column":4},"end":{"line":107,"column":null}},"type":"if","locations":[{"start":{"line":104,"column":4},"end":{"line":107,"column":null}},{"start":{},"end":{}}],"line":104},"7":{"loc":{"start":{"line":111,"column":4},"end":{"line":111,"column":null}},"type":"if","locations":[{"start":{"line":111,"column":4},"end":{"line":111,"column":null}},{"start":{},"end":{}}],"line":111},"8":{"loc":{"start":{"line":114,"column":4},"end":{"line":121,"column":null}},"type":"if","locations":[{"start":{"line":114,"column":4},"end":{"line":121,"column":null}},{"start":{},"end":{}}],"line":114},"9":{"loc":{"start":{"line":126,"column":8},"end":{"line":126,"column":null}},"type":"cond-expr","locations":[{"start":{"line":126,"column":32},"end":{"line":126,"column":69}},{"start":{"line":126,"column":69},"end":{"line":126,"column":null}}],"line":126},"10":{"loc":{"start":{"line":143,"column":6},"end":{"line":151,"column":null}},"type":"if","locations":[{"start":{"line":143,"column":6},"end":{"line":151,"column":null}},{"start":{},"end":{}}],"line":143},"11":{"loc":{"start":{"line":173,"column":11},"end":{"line":173,"column":null}},"type":"cond-expr","locations":[{"start":{"line":173,"column":18},"end":{"line":173,"column":34}},{"start":{"line":173,"column":34},"end":{"line":173,"column":null}}],"line":173},"12":{"loc":{"start":{"line":200,"column":2},"end":{"line":202,"column":null}},"type":"if","locations":[{"start":{"line":200,"column":2},"end":{"line":202,"column":null}},{"start":{},"end":{}}],"line":200}},"s":{"0":6,"1":22,"2":17,"3":17,"4":22,"5":22,"6":22,"7":3,"8":0,"9":3,"10":0,"11":0,"12":0,"13":0,"14":0,"15":0,"16":3,"17":0,"18":0,"19":3,"20":3,"21":22,"22":1,"23":1,"24":1,"25":1,"26":1,"27":1,"28":1,"29":22,"30":1,"31":0,"32":0,"33":1,"34":1,"35":1,"36":0,"37":1,"38":0,"39":0,"40":1,"41":1,"42":22,"43":0,"44":0,"45":0,"46":0,"47":22,"48":0,"49":22,"50":0,"51":0,"52":22,"53":0,"54":0,"55":22,"56":0,"57":0,"58":0,"59":22,"60":0,"61":0,"62":22,"63":22,"64":32,"65":32,"66":0,"67":32},"f":{"0":22,"1":17,"2":22,"3":3,"4":0,"5":0,"6":1,"7":1,"8":1,"9":1,"10":1,"11":1,"12":1,"13":0,"14":0,"15":0,"16":0,"17":0,"18":0,"19":0,"20":0,"21":0,"22":0,"23":0,"24":32},"b":{"0":[8,9],"1":[0,3],"2":[0,0],"3":[0,0],"4":[0,3],"5":[1,0],"6":[0,1],"7":[0,1],"8":[0,1],"9":[1,0],"10":[0,0],"11":[0,0],"12":[0,32]},"meta":{"lastBranch":13,"lastFunction":25,"lastStatement":68,"seen":{"s:5:6:5:Infinity":0,"f:7:16:7:29":0,"s:9:22:12:Infinity":1,"f:9:35:9:41":1,"s:10:18:10:Infinity":2,"s:11:4:11:Infinity":3,"b:11:19:11:39:11:39:11:Infinity":0,"s:15:2:17:Infinity":4,"f:15:12:15:18":2,"s:16:4:16:Infinity":5,"s:20:20:72:Infinity":6,"f:20:20:20:21":3,"s:21:26:21:Infinity":7,"f:21:36:21:37":4,"s:21:46:21:69":8,"b:23:4:71:Infinity:50:11:71:Infinity":1,"s:23:4:71:Infinity":9,"b:25:6:32:Infinity:undefined:undefined:undefined:undefined":2,"s:25:6:32:Infinity":10,"s:26:8:30:Infinity":11,"s:31:8:31:Infinity":12,"s:35:6:41:Infinity":13,"f:36:17:36:18":5,"s:37:10:39:Infinity":14,"b:38:14:38:Infinity:39:14:39:Infinity":3,"s:43:6:49:Infinity":15,"b:52:6:59:Infinity:undefined:undefined:undefined:undefined":4,"s:52:6:59:Infinity":16,"s:53:8:57:Infinity":17,"s:58:8:58:Infinity":18,"s:62:6:62:Infinity":19,"s:64:6:70:Infinity":20,"s:75:25:99:Infinity":21,"f:75:25:75:26":6,"s:76:21:76:Infinity":22,"f:76:31:76:32":7,"s:76:41:76:62":23,"s:78:4:98:Infinity":24,"f:87:12:87:13":8,"b:88:6:97:Infinity:undefined:undefined:undefined:undefined":5,"s:88:6:97:Infinity":25,"s:89:8:89:Infinity":26,"f:89:28:89:29":9,"s:89:38:89:59":27,"s:90:8:96:Infinity":28,"s:102:25:129:Infinity":29,"f:102:25:102:26":10,"b:104:4:107:Infinity:undefined:undefined:undefined:undefined":6,"s:104:4:107:Infinity":30,"s:105:6:105:Infinity":31,"s:106:6:106:Infinity":32,"s:109:17:109:Infinity":33,"f:109:27:109:28":11,"s:109:37:109:58":34,"b:111:4:111:Infinity:undefined:undefined:undefined:undefined":7,"s:111:4:111:Infinity":35,"s:111:15:111:Infinity":36,"b:114:4:121:Infinity:undefined:undefined:undefined:undefined":8,"s:114:4:121:Infinity":37,"s:115:6:119:Infinity":38,"s:120:6:120:Infinity":39,"s:124:4:128:Infinity":40,"f:125:15:125:16":12,"s:126:8:126:Infinity":41,"b:126:32:126:69:126:69:126:Infinity":9,"s:132:20:153:Infinity":42,"f:132:20:132:26":13,"s:133:4:152:Infinity":43,"f:142:12:142:13":14,"b:143:6:151:Infinity:undefined:undefined:undefined:undefined":10,"s:143:6:151:Infinity":44,"s:144:8:144:Infinity":45,"s:145:8:150:Infinity":46,"s:156:26:158:Infinity":47,"f:156:26:156:32":15,"s:157:4:157:Infinity":48,"s:161:24:163:Infinity":49,"f:161:24:161:30":16,"s:162:4:162:Infinity":50,"f:162:23:162:24":17,"s:162:40:162:63":51,"s:166:24:168:Infinity":52,"f:166:24:166:30":18,"s:167:4:167:Infinity":53,"f:167:23:167:24":19,"s:167:40:167:77":54,"s:171:26:174:Infinity":55,"f:171:26:171:27":20,"s:172:17:172:Infinity":56,"f:172:27:172:28":21,"s:172:37:172:58":57,"s:173:4:173:Infinity":58,"b:173:18:173:34:173:34:173:Infinity":11,"s:177:19:179:Infinity":59,"f:177:19:177:20":22,"s:178:4:178:Infinity":60,"f:178:21:178:22":23,"s:178:31:178:52":61,"s:181:16:192:Infinity":62,"s:194:2:194:Infinity":63,"f:198:16:198:26":24,"s:199:8:199:Infinity":64,"b:200:2:202:Infinity:undefined:undefined:undefined:undefined":12,"s:200:2:202:Infinity":65,"s:201:4:201:Infinity":66,"s:203:2:203:Infinity":67}}}
,"/home/nicolas/u/FS2/KeyLab/src/data/productos.js": {"path":"/home/nicolas/u/FS2/KeyLab/src/data/productos.js","statementMap":{"0":{"start":{"line":1,"column":25},"end":{"line":266,"column":1}}},"fnMap":{},"branchMap":{},"s":{"0":4},"f":{},"b":{},"meta":{"lastBranch":0,"lastFunction":0,"lastStatement":1,"seen":{"s:1:25:266:1":0}}}
,"/home/nicolas/u/FS2/KeyLab/src/hooks/useProductsByCategory.js": {"path":"/home/nicolas/u/FS2/KeyLab/src/hooks/useProductsByCategory.js","statementMap":{"0":{"start":{"line":5,"column":27},"end":{"line":5,"column":40}},"1":{"start":{"line":7,"column":15},"end":{"line":12,"column":3}},"2":{"start":{"line":8,"column":15},"end":{"line":8,"column":29}},"3":{"start":{"line":9,"column":4},"end":{"line":11,"column":null}},"4":{"start":{"line":10,"column":6},"end":{"line":10,"column":null}},"5":{"start":{"line":14,"column":1},"end":{"line":22,"column":null}},"6":{"start":{"line":15,"column":4},"end":{"line":15,"column":null}},"7":{"start":{"line":17,"column":22},"end":{"line":19,"column":5}},"8":{"start":{"line":18,"column":6},"end":{"line":18,"column":null}},"9":{"start":{"line":18,"column":33},"end":{"line":18,"column":null}},"10":{"start":{"line":20,"column":4},"end":{"line":20,"column":null}},"11":{"start":{"line":21,"column":4},"end":{"line":21,"column":null}},"12":{"start":{"line":21,"column":17},"end":{"line":21,"column":65}},"13":{"start":{"line":24,"column":2},"end":{"line":24,"column":null}}},"fnMap":{"0":{"name":"useProductsByCategory","decl":{"start":{"line":4,"column":24},"end":{"line":4,"column":45}},"loc":{"start":{"line":4,"column":57},"end":{"line":25,"column":null}},"line":4},"1":{"name":"(anonymous_1)","decl":{"start":{"line":7,"column":15},"end":{"line":7,"column":16}},"loc":{"start":{"line":7,"column":21},"end":{"line":12,"column":3}},"line":7},"2":{"name":"(anonymous_2)","decl":{"start":{"line":9,"column":24},"end":{"line":9,"column":25}},"loc":{"start":{"line":10,"column":6},"end":{"line":10,"column":null}},"line":10},"3":{"name":"(anonymous_3)","decl":{"start":{"line":14,"column":12},"end":{"line":14,"column":13}},"loc":{"start":{"line":14,"column":18},"end":{"line":22,"column":3}},"line":14},"4":{"name":"(anonymous_4)","decl":{"start":{"line":17,"column":22},"end":{"line":17,"column":23}},"loc":{"start":{"line":17,"column":29},"end":{"line":19,"column":5}},"line":17},"5":{"name":"(anonymous_5)","decl":{"start":{"line":21,"column":11},"end":{"line":21,"column":12}},"loc":{"start":{"line":21,"column":17},"end":{"line":21,"column":65}},"line":21}},"branchMap":{"0":{"loc":{"start":{"line":10,"column":13},"end":{"line":10,"column":30}},"type":"binary-expr","locations":[{"start":{"line":10,"column":13},"end":{"line":10,"column":24}},{"start":{"line":10,"column":28},"end":{"line":10,"column":30}}],"line":10},"1":{"loc":{"start":{"line":18,"column":6},"end":{"line":18,"column":null}},"type":"if","locations":[{"start":{"line":18,"column":6},"end":{"line":18,"column":null}},{"start":{},"end":{}}],"line":18}},"s":{"0":0,"1":0,"2":0,"3":0,"4":0,"5":0,"6":0,"7":0,"8":0,"9":0,"10":0,"11":0,"12":0,"13":0},"f":{"0":0,"1":0,"2":0,"3":0,"4":0,"5":0},"b":{"0":[0,0],"1":[0,0]},"meta":{"lastBranch":2,"lastFunction":6,"lastStatement":14,"seen":{"f:4:24:4:45":0,"s:5:27:5:40":0,"s:7:15:12:3":1,"f:7:15:7:16":1,"s:8:15:8:29":2,"s:9:4:11:Infinity":3,"f:9:24:9:25":2,"s:10:6:10:Infinity":4,"b:10:13:10:24:10:28:10:30":0,"s:14:1:22:Infinity":5,"f:14:12:14:13":3,"s:15:4:15:Infinity":6,"s:17:22:19:5":7,"f:17:22:17:23":4,"b:18:6:18:Infinity:undefined:undefined:undefined:undefined":1,"s:18:6:18:Infinity":8,"s:18:33:18:Infinity":9,"s:20:4:20:Infinity":10,"s:21:4:21:Infinity":11,"f:21:11:21:12":5,"s:21:17:21:65":12,"s:24:2:24:Infinity":13}}}
,"/home/nicolas/u/FS2/KeyLab/src/pages/Admin.jsx": {"path":"/home/nicolas/u/FS2/KeyLab/src/pages/Admin.jsx","statementMap":{"0":{"start":{"line":9,"column":18},"end":{"line":9,"column":null}},"1":{"start":{"line":13,"column":2},"end":{"line":19,"column":null}},"2":{"start":{"line":14,"column":16},"end":{"line":14,"column":null}},"3":{"start":{"line":15,"column":16},"end":{"line":15,"column":null}},"4":{"start":{"line":16,"column":4},"end":{"line":16,"column":null}},"5":{"start":{"line":18,"column":4},"end":{"line":18,"column":null}},"6":{"start":{"line":23,"column":15},"end":{"line":23,"column":null}},"7":{"start":{"line":24,"column":24},"end":{"line":24,"column":null}},"8":{"start":{"line":27,"column":20},"end":{"line":36,"column":null}},"9":{"start":{"line":28,"column":21},"end":{"line":28,"column":null}},"10":{"start":{"line":29,"column":22},"end":{"line":29,"column":null}},"11":{"start":{"line":30,"column":22},"end":{"line":30,"column":null}},"12":{"start":{"line":31,"column":4},"end":{"line":35,"column":null}},"13":{"start":{"line":38,"column":2},"end":{"line":49,"column":null}},"14":{"start":{"line":39,"column":4},"end":{"line":39,"column":null}},"15":{"start":{"line":42,"column":22},"end":{"line":46,"column":null}},"16":{"start":{"line":43,"column":6},"end":{"line":45,"column":null}},"17":{"start":{"line":44,"column":8},"end":{"line":44,"column":null}},"18":{"start":{"line":47,"column":4},"end":{"line":47,"column":null}},"19":{"start":{"line":48,"column":4},"end":{"line":48,"column":null}},"20":{"start":{"line":48,"column":17},"end":{"line":48,"column":null}},"21":{"start":{"line":51,"column":2},"end":{"line":57,"column":null}},"22":{"start":{"line":52,"column":4},"end":{"line":55,"column":null}},"23":{"start":{"line":59,"column":18},"end":{"line":63,"column":null}},"24":{"start":{"line":65,"column":17},"end":{"line":65,"column":null}},"25":{"start":{"line":67,"column":2},"end":{"line":114,"column":null}},"26":{"start":{"line":78,"column":10},"end":{"line":86,"column":null}},"27":{"start":{"line":102,"column":14},"end":{"line":107,"column":null}}},"fnMap":{"0":{"name":"readArray","decl":{"start":{"line":12,"column":9},"end":{"line":12,"column":19}},"loc":{"start":{"line":12,"column":24},"end":{"line":20,"column":null}},"line":12},"1":{"name":"Admin","decl":{"start":{"line":22,"column":24},"end":{"line":22,"column":32}},"loc":{"start":{"line":22,"column":32},"end":{"line":116,"column":null}},"line":22},"2":{"name":"(anonymous_2)","decl":{"start":{"line":27,"column":20},"end":{"line":27,"column":26}},"loc":{"start":{"line":27,"column":26},"end":{"line":36,"column":null}},"line":27},"3":{"name":"(anonymous_3)","decl":{"start":{"line":38,"column":12},"end":{"line":38,"column":18}},"loc":{"start":{"line":38,"column":18},"end":{"line":49,"column":5}},"line":38},"4":{"name":"(anonymous_4)","decl":{"start":{"line":42,"column":22},"end":{"line":42,"column":23}},"loc":{"start":{"line":42,"column":29},"end":{"line":46,"column":null}},"line":42},"5":{"name":"(anonymous_5)","decl":{"start":{"line":48,"column":11},"end":{"line":48,"column":17}},"loc":{"start":{"line":48,"column":17},"end":{"line":48,"column":null}},"line":48},"6":{"name":"(anonymous_6)","decl":{"start":{"line":77,"column":21},"end":{"line":77,"column":22}},"loc":{"start":{"line":78,"column":10},"end":{"line":86,"column":null}},"line":78},"7":{"name":"(anonymous_7)","decl":{"start":{"line":101,"column":23},"end":{"line":101,"column":null}},"loc":{"start":{"line":102,"column":14},"end":{"line":107,"column":null}},"line":102}},"branchMap":{"0":{"loc":{"start":{"line":9,"column":18},"end":{"line":9,"column":null}},"type":"binary-expr","locations":[{"start":{"line":9,"column":18},"end":{"line":9,"column":37}},{"start":{"line":9,"column":37},"end":{"line":9,"column":null}}],"line":9},"1":{"loc":{"start":{"line":15,"column":16},"end":{"line":15,"column":null}},"type":"cond-expr","locations":[{"start":{"line":15,"column":22},"end":{"line":15,"column":40}},{"start":{"line":15,"column":40},"end":{"line":15,"column":null}}],"line":15},"2":{"loc":{"start":{"line":16,"column":11},"end":{"line":16,"column":null}},"type":"cond-expr","locations":[{"start":{"line":16,"column":32},"end":{"line":16,"column":38}},{"start":{"line":16,"column":38},"end":{"line":16,"column":null}}],"line":16},"3":{"loc":{"start":{"line":43,"column":6},"end":{"line":45,"column":null}},"type":"if","locations":[{"start":{"line":43,"column":6},"end":{"line":45,"column":null}},{"start":{},"end":{}}],"line":43},"4":{"loc":{"start":{"line":51,"column":2},"end":{"line":57,"column":null}},"type":"if","locations":[{"start":{"line":51,"column":2},"end":{"line":57,"column":null}},{"start":{},"end":{}}],"line":51},"5":{"loc":{"start":{"line":51,"column":6},"end":{"line":51,"column":45}},"type":"binary-expr","locations":[{"start":{"line":51,"column":6},"end":{"line":51,"column":15}},{"start":{"line":51,"column":15},"end":{"line":51,"column":45}}],"line":51},"6":{"loc":{"start":{"line":98,"column":11},"end":{"line":108,"column":null}},"type":"cond-expr","locations":[{"start":{"line":99,"column":12},"end":{"line":99,"column":null}},{"start":{"line":101,"column":12},"end":{"line":108,"column":null}}],"line":98},"7":{"loc":{"start":{"line":105,"column":23},"end":{"line":105,"column":37}},"type":"binary-expr","locations":[{"start":{"line":105,"column":23},"end":{"line":105,"column":34}},{"start":{"line":105,"column":34},"end":{"line":105,"column":37}}],"line":105},"8":{"loc":{"start":{"line":106,"column":21},"end":{"line":106,"column":37}},"type":"binary-expr","locations":[{"start":{"line":106,"column":21},"end":{"line":106,"column":33}},{"start":{"line":106,"column":33},"end":{"line":106,"column":37}}],"line":106}},"s":{"0":1,"1":8,"2":8,"3":8,"4":8,"5":0,"6":4,"7":4,"8":4,"9":2,"10":2,"11":2,"12":2,"13":4,"14":2,"15":2,"16":0,"17":0,"18":2,"19":2,"20":2,"21":4,"22":2,"23":2,"24":2,"25":2,"26":6,"27":2},"f":{"0":8,"1":4,"2":2,"3":2,"4":0,"5":2,"6":6,"7":2},"b":{"0":[1,1],"1":[5,3],"2":[8,0],"3":[0,0],"4":[2,2],"5":[4,4],"6":[0,2],"7":[2,2],"8":[2,2]},"meta":{"lastBranch":9,"lastFunction":8,"lastStatement":28,"seen":{"s:9:18:9:Infinity":0,"b:9:18:9:37:9:37:9:Infinity":0,"f:12:9:12:19":0,"s:13:2:19:Infinity":1,"s:14:16:14:Infinity":2,"s:15:16:15:Infinity":3,"b:15:22:15:40:15:40:15:Infinity":1,"s:16:4:16:Infinity":4,"b:16:32:16:38:16:38:16:Infinity":2,"s:18:4:18:Infinity":5,"f:22:24:22:32":1,"s:23:15:23:Infinity":6,"s:24:24:24:Infinity":7,"s:27:20:36:Infinity":8,"f:27:20:27:26":2,"s:28:21:28:Infinity":9,"s:29:22:29:Infinity":10,"s:30:22:30:Infinity":11,"s:31:4:35:Infinity":12,"s:38:2:49:Infinity":13,"f:38:12:38:18":3,"s:39:4:39:Infinity":14,"s:42:22:46:Infinity":15,"f:42:22:42:23":4,"b:43:6:45:Infinity:undefined:undefined:undefined:undefined":3,"s:43:6:45:Infinity":16,"s:44:8:44:Infinity":17,"s:47:4:47:Infinity":18,"s:48:4:48:Infinity":19,"f:48:11:48:17":5,"s:48:17:48:Infinity":20,"b:51:2:57:Infinity:undefined:undefined:undefined:undefined":4,"s:51:2:57:Infinity":21,"b:51:6:51:15:51:15:51:45":5,"s:52:4:55:Infinity":22,"s:59:18:63:Infinity":23,"s:65:17:65:Infinity":24,"s:67:2:114:Infinity":25,"f:77:21:77:22":6,"s:78:10:86:Infinity":26,"b:99:12:99:Infinity:101:12:108:Infinity":6,"f:101:23:101:Infinity":7,"s:102:14:107:Infinity":27,"b:105:23:105:34:105:34:105:37":7,"b:106:21:106:33:106:33:106:37":8}}}
,"/home/nicolas/u/FS2/KeyLab/src/pages/AdminProductos.jsx": {"path":"/home/nicolas/u/FS2/KeyLab/src/pages/AdminProductos.jsx","statementMap":{"0":{"start":{"line":6,"column":14},"end":{"line":6,"column":null}},"1":{"start":{"line":11,"column":22},"end":{"line":11,"column":null}},"2":{"start":{"line":12,"column":22},"end":{"line":12,"column":null}},"3":{"start":{"line":14,"column":15},"end":{"line":14,"column":null}},"4":{"start":{"line":14,"column":21},"end":{"line":14,"column":null}},"5":{"start":{"line":16,"column":2},"end":{"line":21,"column":null}},"6":{"start":{"line":17,"column":4},"end":{"line":17,"column":null}},"7":{"start":{"line":18,"column":22},"end":{"line":18,"column":null}},"8":{"start":{"line":18,"column":31},"end":{"line":18,"column":66}},"9":{"start":{"line":18,"column":58},"end":{"line":18,"column":66}},"10":{"start":{"line":19,"column":4},"end":{"line":19,"column":null}},"11":{"start":{"line":20,"column":4},"end":{"line":20,"column":null}},"12":{"start":{"line":20,"column":17},"end":{"line":20,"column":null}},"13":{"start":{"line":23,"column":19},"end":{"line":26,"column":null}},"14":{"start":{"line":24,"column":28},"end":{"line":24,"column":null}},"15":{"start":{"line":25,"column":4},"end":{"line":25,"column":null}},"16":{"start":{"line":25,"column":21},"end":{"line":25,"column":48}},"17":{"start":{"line":28,"column":16},"end":{"line":43,"column":null}},"18":{"start":{"line":29,"column":4},"end":{"line":29,"column":null}},"19":{"start":{"line":30,"column":19},"end":{"line":30,"column":null}},"20":{"start":{"line":31,"column":22},"end":{"line":31,"column":null}},"21":{"start":{"line":32,"column":19},"end":{"line":32,"column":null}},"22":{"start":{"line":33,"column":18},"end":{"line":33,"column":null}},"23":{"start":{"line":35,"column":4},"end":{"line":35,"column":null}},"24":{"start":{"line":35,"column":17},"end":{"line":35,"column":null}},"25":{"start":{"line":36,"column":4},"end":{"line":36,"column":null}},"26":{"start":{"line":36,"column":20},"end":{"line":36,"column":null}},"27":{"start":{"line":37,"column":4},"end":{"line":37,"column":null}},"28":{"start":{"line":37,"column":49},"end":{"line":37,"column":null}},"29":{"start":{"line":39,"column":4},"end":{"line":39,"column":null}},"30":{"start":{"line":40,"column":4},"end":{"line":40,"column":null}},"31":{"start":{"line":41,"column":4},"end":{"line":41,"column":null}},"32":{"start":{"line":42,"column":4},"end":{"line":42,"column":null}},"33":{"start":{"line":45,"column":19},"end":{"line":59,"column":null}},"34":{"start":{"line":46,"column":4},"end":{"line":58,"column":null}},"35":{"start":{"line":53,"column":6},"end":{"line":57,"column":null}},"36":{"start":{"line":54,"column":8},"end":{"line":54,"column":null}},"37":{"start":{"line":55,"column":8},"end":{"line":55,"column":null}},"38":{"start":{"line":56,"column":8},"end":{"line":56,"column":null}},"39":{"start":{"line":61,"column":2},"end":{"line":106,"column":null}},"40":{"start":{"line":93,"column":12},"end":{"line":102,"column":null}},"41":{"start":{"line":100,"column":70},"end":{"line":100,"column":86}}},"fnMap":{"0":{"name":"AdminProductos","decl":{"start":{"line":10,"column":24},"end":{"line":10,"column":41}},"loc":{"start":{"line":10,"column":41},"end":{"line":108,"column":null}},"line":10},"1":{"name":"(anonymous_1)","decl":{"start":{"line":14,"column":15},"end":{"line":14,"column":21}},"loc":{"start":{"line":14,"column":21},"end":{"line":14,"column":null}},"line":14},"2":{"name":"(anonymous_2)","decl":{"start":{"line":16,"column":12},"end":{"line":16,"column":18}},"loc":{"start":{"line":16,"column":18},"end":{"line":21,"column":5}},"line":16},"3":{"name":"(anonymous_3)","decl":{"start":{"line":18,"column":22},"end":{"line":18,"column":23}},"loc":{"start":{"line":18,"column":29},"end":{"line":18,"column":null}},"line":18},"4":{"name":"(anonymous_4)","decl":{"start":{"line":20,"column":11},"end":{"line":20,"column":17}},"loc":{"start":{"line":20,"column":17},"end":{"line":20,"column":null}},"line":20},"5":{"name":"(anonymous_5)","decl":{"start":{"line":23,"column":19},"end":{"line":23,"column":20}},"loc":{"start":{"line":23,"column":26},"end":{"line":26,"column":null}},"line":23},"6":{"name":"(anonymous_6)","decl":{"start":{"line":25,"column":12},"end":{"line":25,"column":21}},"loc":{"start":{"line":25,"column":21},"end":{"line":25,"column":48}},"line":25},"7":{"name":"(anonymous_7)","decl":{"start":{"line":28,"column":16},"end":{"line":28,"column":17}},"loc":{"start":{"line":28,"column":23},"end":{"line":43,"column":null}},"line":28},"8":{"name":"(anonymous_8)","decl":{"start":{"line":45,"column":19},"end":{"line":45,"column":20}},"loc":{"start":{"line":45,"column":27},"end":{"line":59,"column":null}},"line":45},"9":{"name":"(anonymous_9)","decl":{"start":{"line":52,"column":12},"end":{"line":52,"column":19}},"loc":{"start":{"line":52,"column":19},"end":{"line":58,"column":5}},"line":52},"10":{"name":"(anonymous_10)","decl":{"start":{"line":92,"column":23},"end":{"line":92,"column":24}},"loc":{"start":{"line":93,"column":12},"end":{"line":102,"column":null}},"line":93},"11":{"name":"(anonymous_11)","decl":{"start":{"line":100,"column":64},"end":{"line":100,"column":70}},"loc":{"start":{"line":100,"column":70},"end":{"line":100,"column":86}},"line":100}},"branchMap":{"0":{"loc":{"start":{"line":6,"column":14},"end":{"line":6,"column":null}},"type":"binary-expr","locations":[{"start":{"line":6,"column":14},"end":{"line":6,"column":33}},{"start":{"line":6,"column":33},"end":{"line":6,"column":null}}],"line":6},"1":{"loc":{"start":{"line":18,"column":31},"end":{"line":18,"column":66}},"type":"if","locations":[{"start":{"line":18,"column":31},"end":{"line":18,"column":66}},{"start":{},"end":{}}],"line":18},"2":{"loc":{"start":{"line":33,"column":25},"end":{"line":33,"column":40}},"type":"binary-expr","locations":[{"start":{"line":33,"column":25},"end":{"line":33,"column":39}},{"start":{"line":33,"column":39},"end":{"line":33,"column":40}}],"line":33},"3":{"loc":{"start":{"line":35,"column":4},"end":{"line":35,"column":null}},"type":"if","locations":[{"start":{"line":35,"column":4},"end":{"line":35,"column":null}},{"start":{},"end":{}}],"line":35},"4":{"loc":{"start":{"line":36,"column":4},"end":{"line":36,"column":null}},"type":"if","locations":[{"start":{"line":36,"column":4},"end":{"line":36,"column":null}},{"start":{},"end":{}}],"line":36},"5":{"loc":{"start":{"line":37,"column":4},"end":{"line":37,"column":null}},"type":"if","locations":[{"start":{"line":37,"column":4},"end":{"line":37,"column":null}},{"start":{},"end":{}}],"line":37},"6":{"loc":{"start":{"line":37,"column":8},"end":{"line":37,"column":49}},"type":"binary-expr","locations":[{"start":{"line":37,"column":8},"end":{"line":37,"column":36}},{"start":{"line":37,"column":36},"end":{"line":37,"column":49}}],"line":37},"7":{"loc":{"start":{"line":53,"column":6},"end":{"line":57,"column":null}},"type":"if","locations":[{"start":{"line":53,"column":6},"end":{"line":57,"column":null}},{"start":{},"end":{}}],"line":53},"8":{"loc":{"start":{"line":90,"column":11},"end":{"line":103,"column":null}},"type":"cond-expr","locations":[{"start":{"line":91,"column":12},"end":{"line":91,"column":null}},{"start":{"line":92,"column":14},"end":{"line":103,"column":null}}],"line":90},"9":{"loc":{"start":{"line":97,"column":27},"end":{"line":97,"column":38}},"type":"binary-expr","locations":[{"start":{"line":97,"column":27},"end":{"line":97,"column":37}},{"start":{"line":97,"column":37},"end":{"line":97,"column":38}}],"line":97},"10":{"loc":{"start":{"line":98,"column":19},"end":{"line":98,"column":32}},"type":"binary-expr","locations":[{"start":{"line":98,"column":19},"end":{"line":98,"column":30}},{"start":{"line":98,"column":30},"end":{"line":98,"column":32}}],"line":98}},"s":{"0":1,"1":2,"2":2,"3":2,"4":1,"5":2,"6":1,"7":1,"8":0,"9":0,"10":1,"11":1,"12":1,"13":2,"14":0,"15":0,"16":0,"17":2,"18":0,"19":0,"20":0,"21":0,"22":0,"23":0,"24":0,"25":0,"26":0,"27":0,"28":0,"29":0,"30":0,"31":0,"32":0,"33":2,"34":0,"35":0,"36":0,"37":0,"38":0,"39":2,"40":3,"41":0},"f":{"0":2,"1":1,"2":1,"3":0,"4":1,"5":0,"6":0,"7":0,"8":0,"9":0,"10":3,"11":0},"b":{"0":[1,1],"1":[0,0],"2":[0,0],"3":[0,0],"4":[0,0],"5":[0,0],"6":[0,0],"7":[0,0],"8":[1,1],"9":[3,3],"10":[3,3]},"meta":{"lastBranch":11,"lastFunction":12,"lastStatement":42,"seen":{"s:6:14:6:Infinity":0,"b:6:14:6:33:6:33:6:Infinity":0,"f:10:24:10:41":0,"s:11:22:11:Infinity":1,"s:12:22:12:Infinity":2,"s:14:15:14:Infinity":3,"f:14:15:14:21":1,"s:14:21:14:Infinity":4,"s:16:2:21:Infinity":5,"f:16:12:16:18":2,"s:17:4:17:Infinity":6,"s:18:22:18:Infinity":7,"f:18:22:18:23":3,"b:18:31:18:66:undefined:undefined:undefined:undefined":1,"s:18:31:18:66":8,"s:18:58:18:66":9,"s:19:4:19:Infinity":10,"s:20:4:20:Infinity":11,"f:20:11:20:17":4,"s:20:17:20:Infinity":12,"s:23:19:26:Infinity":13,"f:23:19:23:20":5,"s:24:28:24:Infinity":14,"s:25:4:25:Infinity":15,"f:25:12:25:21":6,"s:25:21:25:48":16,"s:28:16:43:Infinity":17,"f:28:16:28:17":7,"s:29:4:29:Infinity":18,"s:30:19:30:Infinity":19,"s:31:22:31:Infinity":20,"s:32:19:32:Infinity":21,"s:33:18:33:Infinity":22,"b:33:25:33:39:33:39:33:40":2,"b:35:4:35:Infinity:undefined:undefined:undefined:undefined":3,"s:35:4:35:Infinity":23,"s:35:17:35:Infinity":24,"b:36:4:36:Infinity:undefined:undefined:undefined:undefined":4,"s:36:4:36:Infinity":25,"s:36:20:36:Infinity":26,"b:37:4:37:Infinity:undefined:undefined:undefined:undefined":5,"s:37:4:37:Infinity":27,"b:37:8:37:36:37:36:37:49":6,"s:37:49:37:Infinity":28,"s:39:4:39:Infinity":29,"s:40:4:40:Infinity":30,"s:41:4:41:Infinity":31,"s:42:4:42:Infinity":32,"s:45:19:59:Infinity":33,"f:45:19:45:20":8,"s:46:4:58:Infinity":34,"f:52:12:52:19":9,"b:53:6:57:Infinity:undefined:undefined:undefined:undefined":7,"s:53:6:57:Infinity":35,"s:54:8:54:Infinity":36,"s:55:8:55:Infinity":37,"s:56:8:56:Infinity":38,"s:61:2:106:Infinity":39,"b:91:12:91:Infinity:92:14:103:Infinity":8,"f:92:23:92:24":10,"s:93:12:102:Infinity":40,"b:97:27:97:37:97:37:97:38":9,"b:98:19:98:30:98:30:98:32":10,"f:100:64:100:70":11,"s:100:70:100:86":41}}}
,"/home/nicolas/u/FS2/KeyLab/src/pages/AdminUsuarios.jsx": {"path":"/home/nicolas/u/FS2/KeyLab/src/pages/AdminUsuarios.jsx","statementMap":{"0":{"start":{"line":6,"column":14},"end":{"line":6,"column":null}},"1":{"start":{"line":12,"column":23},"end":{"line":12,"column":null}},"2":{"start":{"line":13,"column":22},"end":{"line":13,"column":null}},"3":{"start":{"line":14,"column":22},"end":{"line":14,"column":null}},"4":{"start":{"line":16,"column":15},"end":{"line":16,"column":null}},"5":{"start":{"line":16,"column":21},"end":{"line":16,"column":null}},"6":{"start":{"line":18,"column":2},"end":{"line":23,"column":null}},"7":{"start":{"line":19,"column":4},"end":{"line":19,"column":null}},"8":{"start":{"line":20,"column":22},"end":{"line":20,"column":null}},"9":{"start":{"line":20,"column":31},"end":{"line":20,"column":65}},"10":{"start":{"line":20,"column":57},"end":{"line":20,"column":65}},"11":{"start":{"line":21,"column":4},"end":{"line":21,"column":null}},"12":{"start":{"line":22,"column":4},"end":{"line":22,"column":null}},"13":{"start":{"line":22,"column":17},"end":{"line":22,"column":null}},"14":{"start":{"line":25,"column":8},"end":{"line":25,"column":null}},"15":{"start":{"line":25,"column":35},"end":{"line":25,"column":87}},"16":{"start":{"line":25,"column":52},"end":{"line":25,"column":77}},"17":{"start":{"line":27,"column":19},"end":{"line":30,"column":null}},"18":{"start":{"line":28,"column":28},"end":{"line":28,"column":null}},"19":{"start":{"line":29,"column":4},"end":{"line":29,"column":null}},"20":{"start":{"line":29,"column":21},"end":{"line":29,"column":48}},"21":{"start":{"line":32,"column":16},"end":{"line":53,"column":null}},"22":{"start":{"line":33,"column":4},"end":{"line":33,"column":null}},"23":{"start":{"line":34,"column":20},"end":{"line":41,"column":null}},"24":{"start":{"line":42,"column":4},"end":{"line":44,"column":null}},"25":{"start":{"line":43,"column":6},"end":{"line":43,"column":null}},"26":{"start":{"line":45,"column":4},"end":{"line":52,"column":null}},"27":{"start":{"line":46,"column":6},"end":{"line":46,"column":null}},"28":{"start":{"line":47,"column":6},"end":{"line":47,"column":null}},"29":{"start":{"line":48,"column":6},"end":{"line":48,"column":null}},"30":{"start":{"line":49,"column":6},"end":{"line":49,"column":null}},"31":{"start":{"line":51,"column":6},"end":{"line":51,"column":null}},"32":{"start":{"line":55,"column":19},"end":{"line":77,"column":null}},"33":{"start":{"line":56,"column":4},"end":{"line":58,"column":null}},"34":{"start":{"line":57,"column":6},"end":{"line":57,"column":null}},"35":{"start":{"line":59,"column":4},"end":{"line":61,"column":null}},"36":{"start":{"line":60,"column":6},"end":{"line":60,"column":null}},"37":{"start":{"line":62,"column":4},"end":{"line":76,"column":null}},"38":{"start":{"line":69,"column":6},"end":{"line":75,"column":null}},"39":{"start":{"line":70,"column":8},"end":{"line":70,"column":null}},"40":{"start":{"line":72,"column":8},"end":{"line":72,"column":null}},"41":{"start":{"line":72,"column":37},"end":{"line":72,"column":null}},"42":{"start":{"line":73,"column":8},"end":{"line":73,"column":null}},"43":{"start":{"line":74,"column":8},"end":{"line":74,"column":null}},"44":{"start":{"line":79,"column":2},"end":{"line":133,"column":null}},"45":{"start":{"line":121,"column":12},"end":{"line":129,"column":null}},"46":{"start":{"line":127,"column":70},"end":{"line":127,"column":83}}},"fnMap":{"0":{"name":"AdminUsuarios","decl":{"start":{"line":11,"column":24},"end":{"line":11,"column":40}},"loc":{"start":{"line":11,"column":40},"end":{"line":135,"column":null}},"line":11},"1":{"name":"(anonymous_1)","decl":{"start":{"line":16,"column":15},"end":{"line":16,"column":21}},"loc":{"start":{"line":16,"column":21},"end":{"line":16,"column":null}},"line":16},"2":{"name":"(anonymous_2)","decl":{"start":{"line":18,"column":12},"end":{"line":18,"column":18}},"loc":{"start":{"line":18,"column":18},"end":{"line":23,"column":5}},"line":18},"3":{"name":"(anonymous_3)","decl":{"start":{"line":20,"column":22},"end":{"line":20,"column":23}},"loc":{"start":{"line":20,"column":29},"end":{"line":20,"column":null}},"line":20},"4":{"name":"(anonymous_4)","decl":{"start":{"line":22,"column":11},"end":{"line":22,"column":17}},"loc":{"start":{"line":22,"column":17},"end":{"line":22,"column":null}},"line":22},"5":{"name":"(anonymous_5)","decl":{"start":{"line":25,"column":29},"end":{"line":25,"column":35}},"loc":{"start":{"line":25,"column":35},"end":{"line":25,"column":87}},"line":25},"6":{"name":"(anonymous_6)","decl":{"start":{"line":25,"column":47},"end":{"line":25,"column":52}},"loc":{"start":{"line":25,"column":52},"end":{"line":25,"column":77}},"line":25},"7":{"name":"(anonymous_7)","decl":{"start":{"line":27,"column":19},"end":{"line":27,"column":20}},"loc":{"start":{"line":27,"column":26},"end":{"line":30,"column":null}},"line":27},"8":{"name":"(anonymous_8)","decl":{"start":{"line":29,"column":12},"end":{"line":29,"column":21}},"loc":{"start":{"line":29,"column":21},"end":{"line":29,"column":48}},"line":29},"9":{"name":"(anonymous_9)","decl":{"start":{"line":32,"column":16},"end":{"line":32,"column":17}},"loc":{"start":{"line":32,"column":23},"end":{"line":53,"column":null}},"line":32},"10":{"name":"(anonymous_10)","decl":{"start":{"line":55,"column":19},"end":{"line":55,"column":20}},"loc":{"start":{"line":55,"column":26},"end":{"line":77,"column":null}},"line":55},"11":{"name":"(anonymous_11)","decl":{"start":{"line":68,"column":12},"end":{"line":68,"column":19}},"loc":{"start":{"line":68,"column":19},"end":{"line":76,"column":5}},"line":68},"12":{"name":"(anonymous_12)","decl":{"start":{"line":120,"column":23},"end":{"line":120,"column":24}},"loc":{"start":{"line":121,"column":12},"end":{"line":129,"column":null}},"line":121},"13":{"name":"(anonymous_13)","decl":{"start":{"line":127,"column":64},"end":{"line":127,"column":70}},"loc":{"start":{"line":127,"column":70},"end":{"line":127,"column":83}},"line":127}},"branchMap":{"0":{"loc":{"start":{"line":6,"column":14},"end":{"line":6,"column":null}},"type":"binary-expr","locations":[{"start":{"line":6,"column":14},"end":{"line":6,"column":33}},{"start":{"line":6,"column":33},"end":{"line":6,"column":null}}],"line":6},"1":{"loc":{"start":{"line":20,"column":31},"end":{"line":20,"column":65}},"type":"if","locations":[{"start":{"line":20,"column":31},"end":{"line":20,"column":65}},{"start":{},"end":{}}],"line":20},"2":{"loc":{"start":{"line":42,"column":4},"end":{"line":44,"column":null}},"type":"if","locations":[{"start":{"line":42,"column":4},"end":{"line":44,"column":null}},{"start":{},"end":{}}],"line":42},"3":{"loc":{"start":{"line":42,"column":8},"end":{"line":42,"column":64}},"type":"binary-expr","locations":[{"start":{"line":42,"column":8},"end":{"line":42,"column":26}},{"start":{"line":42,"column":26},"end":{"line":42,"column":47}},{"start":{"line":42,"column":47},"end":{"line":42,"column":64}}],"line":42},"4":{"loc":{"start":{"line":51,"column":25},"end":{"line":51,"column":62}},"type":"binary-expr","locations":[{"start":{"line":51,"column":25},"end":{"line":51,"column":40}},{"start":{"line":51,"column":40},"end":{"line":51,"column":62}}],"line":51},"5":{"loc":{"start":{"line":56,"column":4},"end":{"line":58,"column":null}},"type":"if","locations":[{"start":{"line":56,"column":4},"end":{"line":58,"column":null}},{"start":{},"end":{}}],"line":56},"6":{"loc":{"start":{"line":59,"column":4},"end":{"line":61,"column":null}},"type":"if","locations":[{"start":{"line":59,"column":4},"end":{"line":61,"column":null}},{"start":{},"end":{}}],"line":59},"7":{"loc":{"start":{"line":59,"column":8},"end":{"line":59,"column":54}},"type":"binary-expr","locations":[{"start":{"line":59,"column":8},"end":{"line":59,"column":37}},{"start":{"line":59,"column":37},"end":{"line":59,"column":54}}],"line":59},"8":{"loc":{"start":{"line":69,"column":6},"end":{"line":75,"column":null}},"type":"if","locations":[{"start":{"line":69,"column":6},"end":{"line":75,"column":null}},{"start":{},"end":{}}],"line":69},"9":{"loc":{"start":{"line":72,"column":8},"end":{"line":72,"column":null}},"type":"if","locations":[{"start":{"line":72,"column":8},"end":{"line":72,"column":null}},{"start":{},"end":{}}],"line":72},"10":{"loc":{"start":{"line":118,"column":11},"end":{"line":130,"column":null}},"type":"cond-expr","locations":[{"start":{"line":119,"column":12},"end":{"line":119,"column":null}},{"start":{"line":120,"column":14},"end":{"line":130,"column":null}}],"line":118}},"s":{"0":1,"1":2,"2":2,"3":2,"4":2,"5":1,"6":2,"7":1,"8":1,"9":0,"10":0,"11":1,"12":1,"13":1,"14":2,"15":2,"16":2,"17":2,"18":0,"19":0,"20":0,"21":2,"22":0,"23":0,"24":0,"25":0,"26":0,"27":0,"28":0,"29":0,"30":0,"31":0,"32":2,"33":0,"34":0,"35":0,"36":0,"37":0,"38":0,"39":0,"40":0,"41":0,"42":0,"43":0,"44":2,"45":2,"46":0},"f":{"0":2,"1":1,"2":1,"3":0,"4":1,"5":2,"6":2,"7":0,"8":0,"9":0,"10":0,"11":0,"12":2,"13":0},"b":{"0":[1,1],"1":[0,0],"2":[0,0],"3":[0,0,0],"4":[0,0],"5":[0,0],"6":[0,0],"7":[0,0],"8":[0,0],"9":[0,0],"10":[1,1]},"meta":{"lastBranch":11,"lastFunction":14,"lastStatement":47,"seen":{"s:6:14:6:Infinity":0,"b:6:14:6:33:6:33:6:Infinity":0,"f:11:24:11:40":0,"s:12:23:12:Infinity":1,"s:13:22:13:Infinity":2,"s:14:22:14:Infinity":3,"s:16:15:16:Infinity":4,"f:16:15:16:21":1,"s:16:21:16:Infinity":5,"s:18:2:23:Infinity":6,"f:18:12:18:18":2,"s:19:4:19:Infinity":7,"s:20:22:20:Infinity":8,"f:20:22:20:23":3,"b:20:31:20:65:undefined:undefined:undefined:undefined":1,"s:20:31:20:65":9,"s:20:57:20:65":10,"s:21:4:21:Infinity":11,"s:22:4:22:Infinity":12,"f:22:11:22:17":4,"s:22:17:22:Infinity":13,"s:25:8:25:Infinity":14,"f:25:29:25:35":5,"s:25:35:25:87":15,"f:25:47:25:52":6,"s:25:52:25:77":16,"s:27:19:30:Infinity":17,"f:27:19:27:20":7,"s:28:28:28:Infinity":18,"s:29:4:29:Infinity":19,"f:29:12:29:21":8,"s:29:21:29:48":20,"s:32:16:53:Infinity":21,"f:32:16:32:17":9,"s:33:4:33:Infinity":22,"s:34:20:41:Infinity":23,"b:42:4:44:Infinity:undefined:undefined:undefined:undefined":2,"s:42:4:44:Infinity":24,"b:42:8:42:26:42:26:42:47:42:47:42:64":3,"s:43:6:43:Infinity":25,"s:45:4:52:Infinity":26,"s:46:6:46:Infinity":27,"s:47:6:47:Infinity":28,"s:48:6:48:Infinity":29,"s:49:6:49:Infinity":30,"s:51:6:51:Infinity":31,"b:51:25:51:40:51:40:51:62":4,"s:55:19:77:Infinity":32,"f:55:19:55:20":10,"b:56:4:58:Infinity:undefined:undefined:undefined:undefined":5,"s:56:4:58:Infinity":33,"s:57:6:57:Infinity":34,"b:59:4:61:Infinity:undefined:undefined:undefined:undefined":6,"s:59:4:61:Infinity":35,"b:59:8:59:37:59:37:59:54":7,"s:60:6:60:Infinity":36,"s:62:4:76:Infinity":37,"f:68:12:68:19":11,"b:69:6:75:Infinity:undefined:undefined:undefined:undefined":8,"s:69:6:75:Infinity":38,"s:70:8:70:Infinity":39,"b:72:8:72:Infinity:undefined:undefined:undefined:undefined":9,"s:72:8:72:Infinity":40,"s:72:37:72:Infinity":41,"s:73:8:73:Infinity":42,"s:74:8:74:Infinity":43,"s:79:2:133:Infinity":44,"b:119:12:119:Infinity:120:14:130:Infinity":10,"f:120:23:120:24":12,"s:121:12:129:Infinity":45,"f:127:64:127:70":13,"s:127:70:127:83":46}}}
,"/home/nicolas/u/FS2/KeyLab/src/pages/Carrito.jsx": {"path":"/home/nicolas/u/FS2/KeyLab/src/pages/Carrito.jsx","statementMap":{"0":{"start":{"line":26,"column":2},"end":{"line":26,"column":null}},"1":{"start":{"line":28,"column":42},"end":{"line":28,"column":null}},"2":{"start":{"line":31,"column":2},"end":{"line":44,"column":null}},"3":{"start":{"line":32,"column":4},"end":{"line":42,"column":null}},"4":{"start":{"line":46,"column":16},"end":{"line":46,"column":null}},"5":{"start":{"line":48,"column":2},"end":{"line":223,"column":null}},"6":{"start":{"line":67,"column":18},"end":{"line":126,"column":null}},"7":{"start":{"line":96,"column":41},"end":{"line":96,"column":null}},"8":{"start":{"line":107,"column":41},"end":{"line":107,"column":null}},"9":{"start":{"line":121,"column":39},"end":{"line":121,"column":null}},"10":{"start":{"line":174,"column":31},"end":{"line":174,"column":null}},"11":{"start":{"line":198,"column":22},"end":{"line":198,"column":null}},"12":{"start":{"line":209,"column":53},"end":{"line":209,"column":79}},"13":{"start":{"line":215,"column":14},"end":{"line":215,"column":null}},"14":{"start":{"line":216,"column":14},"end":{"line":216,"column":null}}},"fnMap":{"0":{"name":"Carrito","decl":{"start":{"line":19,"column":9},"end":{"line":19,"column":19}},"loc":{"start":{"line":19,"column":19},"end":{"line":225,"column":null}},"line":19},"1":{"name":"(anonymous_1)","decl":{"start":{"line":66,"column":26},"end":{"line":66,"column":27}},"loc":{"start":{"line":67,"column":18},"end":{"line":126,"column":null}},"line":67},"2":{"name":"(anonymous_2)","decl":{"start":{"line":96,"column":35},"end":{"line":96,"column":41}},"loc":{"start":{"line":96,"column":41},"end":{"line":96,"column":null}},"line":96},"3":{"name":"(anonymous_3)","decl":{"start":{"line":107,"column":35},"end":{"line":107,"column":41}},"loc":{"start":{"line":107,"column":41},"end":{"line":107,"column":null}},"line":107},"4":{"name":"(anonymous_4)","decl":{"start":{"line":121,"column":33},"end":{"line":121,"column":39}},"loc":{"start":{"line":121,"column":39},"end":{"line":121,"column":null}},"line":121},"5":{"name":"(anonymous_5)","decl":{"start":{"line":174,"column":25},"end":{"line":174,"column":31}},"loc":{"start":{"line":174,"column":31},"end":{"line":174,"column":null}},"line":174},"6":{"name":"(anonymous_6)","decl":{"start":{"line":198,"column":16},"end":{"line":198,"column":22}},"loc":{"start":{"line":198,"column":22},"end":{"line":198,"column":null}},"line":198},"7":{"name":"(anonymous_7)","decl":{"start":{"line":209,"column":47},"end":{"line":209,"column":53}},"loc":{"start":{"line":209,"column":53},"end":{"line":209,"column":79}},"line":209},"8":{"name":"(anonymous_8)","decl":{"start":{"line":214,"column":21},"end":{"line":214,"column":27}},"loc":{"start":{"line":214,"column":27},"end":{"line":217,"column":null}},"line":214}},"branchMap":{"0":{"loc":{"start":{"line":31,"column":2},"end":{"line":44,"column":null}},"type":"if","locations":[{"start":{"line":31,"column":2},"end":{"line":44,"column":null}},{"start":{},"end":{}}],"line":31}},"s":{"0":7,"1":7,"2":7,"3":1,"4":6,"5":6,"6":7,"7":1,"8":1,"9":1,"10":1,"11":0,"12":0,"13":1,"14":1},"f":{"0":7,"1":7,"2":1,"3":1,"4":1,"5":1,"6":0,"7":0,"8":1},"b":{"0":[1,6]},"meta":{"lastBranch":1,"lastFunction":9,"lastStatement":15,"seen":{"f:19:9:19:19":0,"s:26:2:26:Infinity":0,"s:28:42:28:Infinity":1,"b:31:2:44:Infinity:undefined:undefined:undefined:undefined":0,"s:31:2:44:Infinity":2,"s:32:4:42:Infinity":3,"s:46:16:46:Infinity":4,"s:48:2:223:Infinity":5,"f:66:26:66:27":1,"s:67:18:126:Infinity":6,"f:96:35:96:41":2,"s:96:41:96:Infinity":7,"f:107:35:107:41":3,"s:107:41:107:Infinity":8,"f:121:33:121:39":4,"s:121:39:121:Infinity":9,"f:174:25:174:31":5,"s:174:31:174:Infinity":10,"f:198:16:198:22":6,"s:198:22:198:Infinity":11,"f:209:47:209:53":7,"s:209:53:209:79":12,"f:214:21:214:27":8,"s:215:14:215:Infinity":13,"s:216:14:216:Infinity":14}}}
,"/home/nicolas/u/FS2/KeyLab/src/pages/Cases.jsx": {"path":"/home/nicolas/u/FS2/KeyLab/src/pages/Cases.jsx","statementMap":{"0":{"start":{"line":7,"column":16},"end":{"line":7,"column":null}},"1":{"start":{"line":7,"column":40},"end":{"line":7,"column":63}},"2":{"start":{"line":9,"column":2},"end":{"line":20,"column":null}}},"fnMap":{"0":{"name":"Cases","decl":{"start":{"line":6,"column":9},"end":{"line":6,"column":17}},"loc":{"start":{"line":6,"column":17},"end":{"line":22,"column":null}},"line":6},"1":{"name":"(anonymous_1)","decl":{"start":{"line":7,"column":33},"end":{"line":7,"column":34}},"loc":{"start":{"line":7,"column":40},"end":{"line":7,"column":63}},"line":7}},"branchMap":{"0":{"loc":{"start":{"line":13,"column":7},"end":{"line":16,"column":null}},"type":"cond-expr","locations":[{"start":{"line":14,"column":8},"end":{"line":14,"column":null}},{"start":{"line":16,"column":8},"end":{"line":16,"column":null}}],"line":13}},"s":{"0":3,"1":78,"2":3},"f":{"0":3,"1":78},"b":{"0":[0,3]},"meta":{"lastBranch":1,"lastFunction":2,"lastStatement":3,"seen":{"f:6:9:6:17":0,"s:7:16:7:Infinity":0,"f:7:33:7:34":1,"s:7:40:7:63":1,"s:9:2:20:Infinity":2,"b:14:8:14:Infinity:16:8:16:Infinity":0}}}
,"/home/nicolas/u/FS2/KeyLab/src/pages/Contacto.jsx": {"path":"/home/nicolas/u/FS2/KeyLab/src/pages/Contacto.jsx","statementMap":{"0":{"start":{"line":7,"column":30},"end":{"line":11,"column":null}},"1":{"start":{"line":13,"column":24},"end":{"line":13,"column":null}},"2":{"start":{"line":16,"column":23},"end":{"line":22,"column":null}},"3":{"start":{"line":17,"column":28},"end":{"line":17,"column":null}},"4":{"start":{"line":18,"column":4},"end":{"line":21,"column":null}},"5":{"start":{"line":25,"column":23},"end":{"line":75,"column":null}},"6":{"start":{"line":26,"column":4},"end":{"line":26,"column":null}},"7":{"start":{"line":29,"column":4},"end":{"line":37,"column":null}},"8":{"start":{"line":30,"column":6},"end":{"line":30,"column":null}},"9":{"start":{"line":31,"column":6},"end":{"line":35,"column":null}},"10":{"start":{"line":36,"column":6},"end":{"line":36,"column":null}},"11":{"start":{"line":39,"column":4},"end":{"line":47,"column":null}},"12":{"start":{"line":40,"column":6},"end":{"line":40,"column":null}},"13":{"start":{"line":41,"column":6},"end":{"line":45,"column":null}},"14":{"start":{"line":46,"column":6},"end":{"line":46,"column":null}},"15":{"start":{"line":49,"column":4},"end":{"line":57,"column":null}},"16":{"start":{"line":50,"column":6},"end":{"line":50,"column":null}},"17":{"start":{"line":51,"column":6},"end":{"line":55,"column":null}},"18":{"start":{"line":56,"column":6},"end":{"line":56,"column":null}},"19":{"start":{"line":60,"column":4},"end":{"line":60,"column":null}},"20":{"start":{"line":61,"column":4},"end":{"line":65,"column":null}},"21":{"start":{"line":67,"column":4},"end":{"line":67,"column":null}},"22":{"start":{"line":70,"column":4},"end":{"line":74,"column":null}},"23":{"start":{"line":77,"column":2},"end":{"line":116,"column":null}}},"fnMap":{"0":{"name":"Contacto","decl":{"start":{"line":6,"column":9},"end":{"line":6,"column":20}},"loc":{"start":{"line":6,"column":20},"end":{"line":118,"column":null}},"line":6},"1":{"name":"(anonymous_1)","decl":{"start":{"line":16,"column":23},"end":{"line":16,"column":24}},"loc":{"start":{"line":16,"column":30},"end":{"line":22,"column":null}},"line":16},"2":{"name":"(anonymous_2)","decl":{"start":{"line":25,"column":23},"end":{"line":25,"column":24}},"loc":{"start":{"line":25,"column":30},"end":{"line":75,"column":null}},"line":25}},"branchMap":{"0":{"loc":{"start":{"line":29,"column":4},"end":{"line":37,"column":null}},"type":"if","locations":[{"start":{"line":29,"column":4},"end":{"line":37,"column":null}},{"start":{},"end":{}}],"line":29},"1":{"loc":{"start":{"line":39,"column":4},"end":{"line":47,"column":null}},"type":"if","locations":[{"start":{"line":39,"column":4},"end":{"line":47,"column":null}},{"start":{},"end":{}}],"line":39},"2":{"loc":{"start":{"line":49,"column":4},"end":{"line":57,"column":null}},"type":"if","locations":[{"start":{"line":49,"column":4},"end":{"line":57,"column":null}},{"start":{},"end":{}}],"line":49},"3":{"loc":{"start":{"line":82,"column":7},"end":{"line":82,"column":null}},"type":"binary-expr","locations":[{"start":{"line":82,"column":7},"end":{"line":82,"column":16}},{"start":{"line":82,"column":16},"end":{"line":82,"column":null}}],"line":82}},"s":{"0":16,"1":16,"2":16,"3":9,"4":9,"5":16,"6":3,"7":3,"8":1,"9":1,"10":1,"11":2,"12":0,"13":0,"14":0,"15":2,"16":1,"17":1,"18":1,"19":1,"20":1,"21":1,"22":1,"23":16},"f":{"0":16,"1":9,"2":3},"b":{"0":[1,2],"1":[0,2],"2":[1,1],"3":[16,2]},"meta":{"lastBranch":4,"lastFunction":3,"lastStatement":24,"seen":{"f:6:9:6:20":0,"s:7:30:11:Infinity":0,"s:13:24:13:Infinity":1,"s:16:23:22:Infinity":2,"f:16:23:16:24":1,"s:17:28:17:Infinity":3,"s:18:4:21:Infinity":4,"s:25:23:75:Infinity":5,"f:25:23:25:24":2,"s:26:4:26:Infinity":6,"b:29:4:37:Infinity:undefined:undefined:undefined:undefined":0,"s:29:4:37:Infinity":7,"s:30:6:30:Infinity":8,"s:31:6:35:Infinity":9,"s:36:6:36:Infinity":10,"b:39:4:47:Infinity:undefined:undefined:undefined:undefined":1,"s:39:4:47:Infinity":11,"s:40:6:40:Infinity":12,"s:41:6:45:Infinity":13,"s:46:6:46:Infinity":14,"b:49:4:57:Infinity:undefined:undefined:undefined:undefined":2,"s:49:4:57:Infinity":15,"s:50:6:50:Infinity":16,"s:51:6:55:Infinity":17,"s:56:6:56:Infinity":18,"s:60:4:60:Infinity":19,"s:61:4:65:Infinity":20,"s:67:4:67:Infinity":21,"s:70:4:74:Infinity":22,"s:77:2:116:Infinity":23,"b:82:7:82:16:82:16:82:Infinity":3}}}
[...]
":0},"end":{"line":124,"column":null}}},"fnMap":{"0":{"name":"(anonymous_0)","decl":{"start":{"line":3,"column":24},"end":{"line":3,"column":25}},"loc":{"start":{"line":11,"column":6},"end":{"line":43,"column":null}},"line":11},"1":{"name":"(anonymous_1)","decl":{"start":{"line":45,"column":23},"end":{"line":45,"column":24}},"loc":{"start":{"line":45,"column":46},"end":{"line":59,"column":null}},"line":45},"2":{"name":"(anonymous_2)","decl":{"start":{"line":61,"column":21},"end":{"line":61,"column":22}},"loc":{"start":{"line":72,"column":6},"end":{"line":80,"column":null}},"line":72},"3":{"name":"(anonymous_3)","decl":{"start":{"line":82,"column":25},"end":{"line":82,"column":26}},"loc":{"start":{"line":83,"column":2},"end":{"line":85,"column":null}},"line":83},"4":{"name":"(anonymous_4)","decl":{"start":{"line":88,"column":25},"end":{"line":88,"column":26}},"loc":{"start":{"line":89,"column":2},"end":{"line":91,"column":null}},"line":89},"5":{"name":"(anonymous_5)","decl":{"start":{"line":94,"column":25},"end":{"line":94,"column":26}},"loc":{"start":{"line":95,"column":2},"end":{"line":97,"column":null}},"line":95},"6":{"name":"(anonymous_6)","decl":{"start":{"line":100,"column":24},"end":{"line":100,"column":25}},"loc":{"start":{"line":101,"column":2},"end":{"line":103,"column":null}},"line":101},"7":{"name":"(anonymous_7)","decl":{"start":{"line":106,"column":36},"end":{"line":106,"column":37}},"loc":{"start":{"line":106,"column":52},"end":{"line":122,"column":1}},"line":106}},"branchMap":{"0":{"loc":{"start":{"line":14,"column":2},"end":{"line":16,"column":null}},"type":"if","locations":[{"start":{"line":14,"column":2},"end":{"line":16,"column":null}},{"start":{},"end":{}}],"line":14},"1":{"loc":{"start":{"line":15,"column":17},"end":{"line":15,"column":91}},"type":"cond-expr","locations":[{"start":{"line":15,"column":47},"end":{"line":15,"column":76}},{"start":{"line":15,"column":76},"end":{"line":15,"column":91}}],"line":15},"2":{"loc":{"start":{"line":18,"column":2},"end":{"line":20,"column":null}},"type":"if","locations":[{"start":{"line":18,"column":2},"end":{"line":20,"column":null}},{"start":{},"end":{}}],"line":18},"3":{"loc":{"start":{"line":22,"column":2},"end":{"line":24,"column":null}},"type":"if","locations":[{"start":{"line":22,"column":2},"end":{"line":24,"column":null}},{"start":{},"end":{}}],"line":22},"4":{"loc":{"start":{"line":26,"column":2},"end":{"line":28,"column":null}},"type":"if","locations":[{"start":{"line":26,"column":2},"end":{"line":28,"column":null}},{"start":{},"end":{}}],"line":26},"5":{"loc":{"start":{"line":30,"column":2},"end":{"line":32,"column":null}},"type":"if","locations":[{"start":{"line":30,"column":2},"end":{"line":32,"column":null}},{"start":{},"end":{}}],"line":30},"6":{"loc":{"start":{"line":34,"column":2},"end":{"line":36,"column":null}},"type":"if","locations":[{"start":{"line":34,"column":2},"end":{"line":36,"column":null}},{"start":{},"end":{}}],"line":34},"7":{"loc":{"start":{"line":38,"column":2},"end":{"line":40,"column":null}},"type":"if","locations":[{"start":{"line":38,"column":2},"end":{"line":40,"column":null}},{"start":{},"end":{}}],"line":38},"8":{"loc":{"start":{"line":46,"column":2},"end":{"line":48,"column":null}},"type":"if","locations":[{"start":{"line":46,"column":2},"end":{"line":48,"column":null}},{"start":{},"end":{}}],"line":46},"9":{"loc":{"start":{"line":50,"column":26},"end":{"line":52,"column":null}},"type":"cond-expr","locations":[{"start":{"line":51,"column":6},"end":{"line":51,"column":null}},{"start":{"line":52,"column":6},"end":{"line":52,"column":null}}],"line":50},"10":{"loc":{"start":{"line":62,"column":2},"end":{"line":62,"column":null}},"type":"default-arg","locations":[{"start":{"line":62,"column":12},"end":{"line":62,"column":null}}],"line":62},"11":{"loc":{"start":{"line":63,"column":2},"end":{"line":63,"column":null}},"type":"default-arg","locations":[{"start":{"line":63,"column":10},"end":{"line":63,"column":null}}],"line":63},"12":{"loc":{"start":{"line":64,"column":2},"end":{"line":64,"column":null}},"type":"default-arg","locations":[{"start":{"line":64,"column":13},"end":{"line":64,"column":null}}],"line":64},"13":{"loc":{"start":{"line":65,"column":2},"end":{"line":65,"column":null}},"type":"default-arg","locations":[{"start":{"line":65,"column":15},"end":{"line":65,"column":null}}],"line":65},"14":{"loc":{"start":{"line":68,"column":2},"end":{"line":68,"column":null}},"type":"default-arg","locations":[{"start":{"line":68,"column":15},"end":{"line":68,"column":null}}],"line":68},"15":{"loc":{"start":{"line":69,"column":2},"end":{"line":69,"column":null}},"type":"default-arg","locations":[{"start":{"line":69,"column":14},"end":{"line":69,"column":null}}],"line":69},"16":{"loc":{"start":{"line":82,"column":28},"end":{"line":82,"column":44}},"type":"default-arg","locations":[{"start":{"line":82,"column":40},"end":{"line":82,"column":44}}],"line":82},"17":{"loc":{"start":{"line":88,"column":28},"end":{"line":88,"column":44}},"type":"default-arg","locations":[{"start":{"line":88,"column":40},"end":{"line":88,"column":44}}],"line":88},"18":{"loc":{"start":{"line":94,"column":28},"end":{"line":94,"column":44}},"type":"default-arg","locations":[{"start":{"line":94,"column":40},"end":{"line":94,"column":44}}],"line":94},"19":{"loc":{"start":{"line":100,"column":27},"end":{"line":100,"column":43}},"type":"default-arg","locations":[{"start":{"line":100,"column":39},"end":{"line":100,"column":43}}],"line":100},"20":{"loc":{"start":{"line":109,"column":4},"end":{"line":109,"column":null}},"type":"default-arg","locations":[{"start":{"line":109,"column":16},"end":{"line":109,"column":null}}],"line":109},"21":{"loc":{"start":{"line":115,"column":20},"end":{"line":115,"column":null}},"type":"binary-expr","locations":[{"start":{"line":115,"column":20},"end":{"line":115,"column":26}},{"start":{"line":115,"column":26},"end":{"line":115,"column":null}}],"line":115}},"s":{"0":9,"1":21,"2":21,"3":15,"4":21,"5":15,"6":21,"7":2,"8":21,"9":0,"10":21,"11":2,"12":21,"13":2,"14":21,"15":6,"16":21,"17":9,"18":21,"19":14,"20":7,"21":21,"22":9,"23":21,"24":21,"25":9,"26":8,"27":9,"28":9,"29":9,"30":2,"31":9,"32":21,"33":9,"34":79,"35":79,"36":79,"37":9},"f":{"0":21,"1":21,"2":21,"3":8,"4":9,"5":2,"6":21,"7":79},"b":{"0":[15,6],"1":[0,15],"2":[15,6],"3":[2,19],"4":[0,21],"5":[2,19],"6":[2,19],"7":[6,15],"8":[14,7],"9":[0,7],"10":[21],"11":[21],"12":[21],"13":[21],"14":[21],"15":[21],"16":[8],"17":[9],"18":[2],"19":[21],"20":[79],"21":[79,44]},"meta":{"lastBranch":22,"lastFunction":8,"lastStatement":38,"seen":{"s:3:24:43:Infinity":0,"f:3:24:3:25":0,"s:12:18:12:Infinity":1,"b:14:2:16:Infinity:undefined:undefined:undefined:undefined":0,"s:14:2:16:Infinity":2,"s:15:4:15:Infinity":3,"b:15:47:15:76:15:76:15:91":1,"b:18:2:20:Infinity:undefined:undefined:undefined:undefined":2,"s:18:2:20:Infinity":4,"s:19:4:19:Infinity":5,"b:22:2:24:Infinity:undefined:undefined:undefined:undefined":3,"s:22:2:24:Infinity":6,"s:23:4:23:Infinity":7,"b:26:2:28:Infinity:undefined:undefined:undefined:undefined":4,"s:26:2:28:Infinity":8,"s:27:4:27:Infinity":9,"b:30:2:32:Infinity:undefined:undefined:undefined:undefined":5,"s:30:2:32:Infinity":10,"s:31:4:31:Infinity":11,"b:34:2:36:Infinity:undefined:undefined:undefined:undefined":6,"s:34:2:36:Infinity":12,"s:35:4:35:Infinity":13,"b:38:2:40:Infinity:undefined:undefined:undefined:undefined":7,"s:38:2:40:Infinity":14,"s:39:4:39:Infinity":15,"s:42:2:42:Infinity":16,"s:45:23:59:Infinity":17,"f:45:23:45:24":1,"b:46:2:48:Infinity:undefined:undefined:undefined:undefined":8,"s:46:2:48:Infinity":18,"s:47:4:47:Infinity":19,"s:50:26:52:Infinity":20,"b:51:6:51:Infinity:52:6:52:Infinity":9,"s:54:2:57:Infinity":21,"s:61:21:80:Infinity":22,"f:61:21:61:22":2,"b:62:12:62:Infinity":10,"b:63:10:63:Infinity":11,"b:64:13:64:Infinity":12,"b:65:15:65:Infinity":13,"b:68:15:68:Infinity":14,"b:69:14:69:Infinity":15,"s:74:4:76:Infinity":23,"s:79:2:79:Infinity":24,"s:82:25:85:Infinity":25,"f:82:25:82:26":3,"s:83:2:85:Infinity":26,"b:82:40:82:44":16,"s:88:25:91:Infinity":27,"f:88:25:88:26":4,"s:89:2:91:Infinity":28,"b:88:40:88:44":17,"s:94:25:97:Infinity":29,"f:94:25:94:26":5,"s:95:2:97:Infinity":30,"b:94:40:94:44":18,"s:100:24:103:Infinity":31,"f:100:24:100:25":6,"s:101:2:103:Infinity":32,"b:100:39:100:43":19,"s:106:13:122:Infinity":33,"f:106:36:106:37":7,"s:113:6:113:Infinity":34,"b:109:16:109:Infinity":20,"s:115:20:115:Infinity":35,"b:115:20:115:26:115:26:115:Infinity":21,"s:117:2:120:Infinity":36,"s:124:0:124:Infinity":37}}}
,"/home/nicolas/u/FS2/KeyLab/src/ui/index.js": {"path":"/home/nicolas/u/FS2/KeyLab/src/ui/index.js","statementMap":{},"fnMap":{},"branchMap":{},"s":{},"f":{},"b":{},"meta":{"lastBranch":0,"lastFunction":0,"lastStatement":0,"seen":{}}}
,"/home/nicolas/u/FS2/KeyLab/src/utils/auth.js": {"path":"/home/nicolas/u/FS2/KeyLab/src/utils/auth.js","statementMap":{"0":{"start":{"line":1,"column":27},"end":{"line":8,"column":1}},"1":{"start":{"line":10,"column":37},"end":{"line":10,"column":94}},"2":{"start":{"line":13,"column":2},"end":{"line":15,"column":null}},"3":{"start":{"line":14,"column":4},"end":{"line":14,"column":null}},"4":{"start":{"line":17,"column":2},"end":{"line":31,"column":null}},"5":{"start":{"line":18,"column":24},"end":{"line":18,"column":63}},"6":{"start":{"line":19,"column":27},"end":{"line":19,"column":69}},"7":{"start":{"line":20,"column":21},"end":{"line":20,"column":72}},"8":{"start":{"line":22,"column":23},"end":{"line":22,"column":42}},"9":{"start":{"line":23,"column":4},"end":{"line":25,"column":null}},"10":{"start":{"line":24,"column":6},"end":{"line":24,"column":null}},"11":{"start":{"line":27,"column":4},"end":{"line":27,"column":null}},"12":{"start":{"line":30,"column":4},"end":{"line":30,"column":null}}},"fnMap":{"0":{"name":"seedAdminUser","decl":{"start":{"line":12,"column":16},"end":{"line":12,"column":29}},"loc":{"start":{"line":12,"column":32},"end":{"line":32,"column":null}},"line":12}},"branchMap":{"0":{"loc":{"start":{"line":13,"column":2},"end":{"line":15,"column":null}},"type":"if","locations":[{"start":{"line":13,"column":2},"end":{"line":15,"column":null}},{"start":{},"end":{}}],"line":13},"1":{"loc":{"start":{"line":19,"column":27},"end":{"line":19,"column":69}},"type":"cond-expr","locations":[{"start":{"line":19,"column":41},"end":{"line":19,"column":64}},{"start":{"line":19,"column":67},"end":{"line":19,"column":69}}],"line":19},"2":{"loc":{"start":{"line":20,"column":21},"end":{"line":20,"column":72}},"type":"cond-expr","locations":[{"start":{"line":20,"column":53},"end":{"line":20,"column":67}},{"start":{"line":20,"column":70},"end":{"line":20,"column":72}}],"line":20},"3":{"loc":{"start":{"line":23,"column":4},"end":{"line":25,"column":null}},"type":"if","locations":[{"start":{"line":23,"column":4},"end":{"line":25,"column":null}},{"start":{},"end":{}}],"line":23}},"s":{"0":1,"1":1,"2":5,"3":0,"4":5,"5":5,"6":5,"7":5,"8":5,"9":5,"10":0,"11":5,"12":0},"f":{"0":5},"b":{"0":[0,5],"1":[0,5],"2":[5,0],"3":[0,5]},"meta":{"lastBranch":4,"lastFunction":1,"lastStatement":13,"seen":{"s:1:27:8:1":0,"s:10:37:10:94":1,"f:12:16:12:29":0,"b:13:2:15:Infinity:undefined:undefined:undefined:undefined":0,"s:13:2:15:Infinity":2,"s:14:4:14:Infinity":3,"s:17:2:31:Infinity":4,"s:18:24:18:63":5,"s:19:27:19:69":6,"b:19:41:19:64:19:67:19:69":1,"s:20:21:20:72":7,"b:20:53:20:67:20:70:20:72":2,"s:22:23:22:42":8,"b:23:4:25:Infinity:undefined:undefined:undefined:undefined":3,"s:23:4:25:Infinity":9,"s:24:6:24:Infinity":10,"s:27:4:27:Infinity":11,"s:30:4:30:Infinity":12}}}
,"/home/nicolas/u/FS2/KeyLab/src/utils/productsApi.js": {"path":"/home/nicolas/u/FS2/KeyLab/src/utils/productsApi.js","statementMap":{"0":{"start":{"line":1,"column":12},"end":{"line":1,"column":23}},"1":{"start":{"line":4,"column":2},"end":{"line":10,"column":null}},"2":{"start":{"line":5,"column":16},"end":{"line":5,"column":41}},"3":{"start":{"line":6,"column":16},"end":{"line":6,"column":42}},"4":{"start":{"line":7,"column":4},"end":{"line":7,"column":null}},"5":{"start":{"line":9,"column":4},"end":{"line":9,"column":null}},"6":{"start":{"line":14,"column":2},"end":{"line":14,"column":null}},"7":{"start":{"line":16,"column":2},"end":{"line":16,"column":null}},"8":{"start":{"line":20,"column":2},"end":{"line":20,"column":null}},"9":{"start":{"line":24,"column":14},"end":{"line":24,"column":20}},"10":{"start":{"line":25,"column":13},"end":{"line":25,"column":34}},"11":{"start":{"line":26,"column":2},"end":{"line":26,"column":null}},"12":{"start":{"line":27,"column":2},"end":{"line":27,"column":null}},"13":{"start":{"line":28,"column":2},"end":{"line":28,"column":null}},"14":{"start":{"line":32,"column":14},"end":{"line":32,"column":61}},"15":{"start":{"line":32,"column":33},"end":{"line":32,"column":60}},"16":{"start":{"line":33,"column":2},"end":{"line":33,"column":null}}},"fnMap":{"0":{"name":"read","decl":{"start":{"line":3,"column":9},"end":{"line":3,"column":13}},"loc":{"start":{"line":3,"column":16},"end":{"line":11,"column":null}},"line":3},"1":{"name":"write","decl":{"start":{"line":13,"column":9},"end":{"line":13,"column":14}},"loc":{"start":{"line":13,"column":20},"end":{"line":17,"column":null}},"line":13},"2":{"name":"getProducts","decl":{"start":{"line":19,"column":16},"end":{"line":19,"column":27}},"loc":{"start":{"line":19,"column":30},"end":{"line":21,"column":null}},"line":19},"3":{"name":"addProduct","decl":{"start":{"line":23,"column":16},"end":{"line":23,"column":26}},"loc":{"start":{"line":23,"column":33},"end":{"line":29,"column":null}},"line":23},"4":{"name":"deleteProduct","decl":{"start":{"line":31,"column":16},"end":{"line":31,"column":29}},"loc":{"start":{"line":31,"column":34},"end":{"line":34,"column":null}},"line":31},"5":{"name":"(anonymous_5)","decl":{"start":{"line":32,"column":28},"end":{"line":32,"column":29}},"loc":{"start":{"line":32,"column":33},"end":{"line":32,"column":60}},"line":32}},"branchMap":{"0":{"loc":{"start":{"line":6,"column":16},"end":{"line":6,"column":42}},"type":"cond-expr","locations":[{"start":{"line":6,"column":22},"end":{"line":6,"column":37}},{"start":{"line":6,"column":40},"end":{"line":6,"column":42}}],"line":6},"1":{"loc":{"start":{"line":7,"column":11},"end":{"line":7,"column":40}},"type":"cond-expr","locations":[{"start":{"line":7,"column":32},"end":{"line":7,"column":35}},{"start":{"line":7,"column":38},"end":{"line":7,"column":40}}],"line":7},"2":{"loc":{"start":{"line":25,"column":13},"end":{"line":25,"column":34}},"type":"binary-expr","locations":[{"start":{"line":25,"column":13},"end":{"line":25,"column":20}},{"start":{"line":25,"column":24},"end":{"line":25,"column":34}}],"line":25}},"s":{"0":5,"1":13,"2":13,"3":13,"4":13,"5":0,"6":0,"7":0,"8":13,"9":0,"10":0,"11":0,"12":0,"13":0,"14":0,"15":0,"16":0},"f":{"0":13,"1":0,"2":13,"3":0,"4":0,"5":0},"b":{"0":[1,12],"1":[13,0],"2":[0,0]},"meta":{"lastBranch":3,"lastFunction":6,"lastStatement":17,"seen":{"s:1:12:1:23":0,"f:3:9:3:13":0,"s:4:2:10:Infinity":1,"s:5:16:5:41":2,"s:6:16:6:42":3,"b:6:22:6:37:6:40:6:42":0,"s:7:4:7:Infinity":4,"b:7:32:7:35:7:38:7:40":1,"s:9:4:9:Infinity":5,"f:13:9:13:14":1,"s:14:2:14:Infinity":6,"s:16:2:16:Infinity":7,"f:19:16:19:27":2,"s:20:2:20:Infinity":8,"f:23:16:23:26":3,"s:24:14:24:20":9,"s:25:13:25:34":10,"b:25:13:25:20:25:24:25:34":2,"s:26:2:26:Infinity":11,"s:27:2:27:Infinity":12,"s:28:2:28:Infinity":13,"f:31:16:31:29":4,"s:32:14:32:61":14,"f:32:28:32:29":5,"s:32:33:32:60":15,"s:33:2:33:Infinity":16}}}
,"/home/nicolas/u/FS2/KeyLab/src/utils/usersApi.js": {"path":"/home/nicolas/u/FS2/KeyLab/src/utils/usersApi.js","statementMap":{"0":{"start":{"line":1,"column":12},"end":{"line":1,"column":22}},"1":{"start":{"line":4,"column":2},"end":{"line":10,"column":null}},"2":{"start":{"line":5,"column":16},"end":{"line":5,"column":41}},"3":{"start":{"line":6,"column":16},"end":{"line":6,"column":42}},"4":{"start":{"line":7,"column":4},"end":{"line":7,"column":null}},"5":{"start":{"line":9,"column":4},"end":{"line":9,"column":null}},"6":{"start":{"line":14,"column":2},"end":{"line":14,"column":null}},"7":{"start":{"line":15,"column":2},"end":{"line":15,"column":null}},"8":{"start":{"line":19,"column":2},"end":{"line":19,"column":null}},"9":{"start":{"line":23,"column":16},"end":{"line":23,"column":22}},"10":{"start":{"line":24,"column":17},"end":{"line":24,"column":111}},"11":{"start":{"line":24,"column":33},"end":{"line":24,"column":110}},"12":{"start":{"line":25,"column":2},"end":{"line":25,"column":null}},"13":{"start":{"line":25,"column":14},"end":{"line":25,"column":null}},"14":{"start":{"line":26,"column":2},"end":{"line":26,"column":null}},"15":{"start":{"line":27,"column":2},"end":{"line":27,"column":null}},"16":{"start":{"line":28,"column":2},"end":{"line":28,"column":null}},"17":{"start":{"line":32,"column":16},"end":{"line":32,"column":22}},"18":{"start":{"line":33,"column":19},"end":{"line":33,"column":113}},"19":{"start":{"line":33,"column":37},"end":{"line":33,"column":112}},"20":{"start":{"line":34,"column":2},"end":{"line":34,"column":null}}},"fnMap":{"0":{"name":"read","decl":{"start":{"line":3,"column":9},"end":{"line":3,"column":13}},"loc":{"start":{"line":3,"column":16},"end":{"line":11,"column":null}},"line":3},"1":{"name":"write","decl":{"start":{"line":13,"column":9},"end":{"line":13,"column":14}},"loc":{"start":{"line":13,"column":20},"end":{"line":16,"column":null}},"line":13},"2":{"name":"getUsers","decl":{"start":{"line":18,"column":16},"end":{"line":18,"column":24}},"loc":{"start":{"line":18,"column":27},"end":{"line":20,"column":null}},"line":18},"3":{"name":"addUser","decl":{"start":{"line":22,"column":16},"end":{"line":22,"column":23}},"loc":{"start":{"line":22,"column":27},"end":{"line":29,"column":null}},"line":22},"4":{"name":"(anonymous_4)","decl":{"start":{"line":24,"column":28},"end":{"line":24,"column":29}},"loc":{"start":{"line":24,"column":33},"end":{"line":24,"column":110}},"line":24},"5":{"name":"deleteUserByEmail","decl":{"start":{"line":31,"column":16},"end":{"line":31,"column":33}},"loc":{"start":{"line":31,"column":41},"end":{"line":35,"column":null}},"line":31},"6":{"name":"(anonymous_6)","decl":{"start":{"line":33,"column":32},"end":{"line":33,"column":33}},"loc":{"start":{"line":33,"column":37},"end":{"line":33,"column":112}},"line":33}},"branchMap":{"0":{"loc":{"start":{"line":6,"column":16},"end":{"line":6,"column":42}},"type":"cond-expr","locations":[{"start":{"line":6,"column":22},"end":{"line":6,"column":37}},{"start":{"line":6,"column":40},"end":{"line":6,"column":42}}],"line":6},"1":{"loc":{"start":{"line":7,"column":11},"end":{"line":7,"column":40}},"type":"cond-expr","locations":[{"start":{"line":7,"column":32},"end":{"line":7,"column":35}},{"start":{"line":7,"column":38},"end":{"line":7,"column":40}}],"line":7},"2":{"loc":{"start":{"line":25,"column":2},"end":{"line":25,"column":null}},"type":"if","locations":[{"start":{"line":25,"column":2},"end":{"line":25,"column":null}},{"start":{},"end":{}}],"line":25}},"s":{"0":1,"1":1,"2":1,"3":1,"4":1,"5":0,"6":0,"7":0,"8":1,"9":0,"10":0,"11":0,"12":0,"13":0,"14":0,"15":0,"16":0,"17":0,"18":0,"19":0,"20":0},"f":{"0":1,"1":0,"2":1,"3":0,"4":0,"5":0,"6":0},"b":{"0":[1,0],"1":[1,0],"2":[0,0]},"meta":{"lastBranch":3,"lastFunction":7,"lastStatement":21,"seen":{"s:1:12:1:22":0,"f:3:9:3:13":0,"s:4:2:10:Infinity":1,"s:5:16:5:41":2,"s:6:16:6:42":3,"b:6:22:6:37:6:40:6:42":0,"s:7:4:7:Infinity":4,"b:7:32:7:35:7:38:7:40":1,"s:9:4:9:Infinity":5,"f:13:9:13:14":1,"s:14:2:14:Infinity":6,"s:15:2:15:Infinity":7,"f:18:16:18:24":2,"s:19:2:19:Infinity":8,"f:22:16:22:23":3,"s:23:16:23:22":9,"s:24:17:24:111":10,"f:24:28:24:29":4,"s:24:33:24:110":11,"b:25:2:25:Infinity:undefined:undefined:undefined:undefined":2,"s:25:2:25:Infinity":12,"s:25:14:25:Infinity":13,"s:26:2:26:Infinity":14,"s:27:2:27:Infinity":15,"s:28:2:28:Infinity":16,"f:31:16:31:33":5,"s:32:16:32:22":17,"s:33:19:33:113":18,"f:33:32:33:33":6,"s:33:37:33:112":19,"s:34:2:34:Infinity":20}}}
}
