{"C:\\Repositorios\\KeyLab\\src\\App.jsx": {"path":"C:\\Repositorios\\KeyLab\\src\\App.jsx","statementMap":{"0":{"start":{"line":30,"column":2},"end":{"line":52,"column":null}}},"fnMap":{"0":{"name":"App","decl":{"start":{"line":29,"column":9},"end":{"line":29,"column":15}},"loc":{"start":{"line":29,"column":15},"end":{"line":54,"column":null}},"line":29}},"branchMap":{},"s":{"0":0},"f":{"0":0},"b":{},"meta":{"lastBranch":0,"lastFunction":1,"lastStatement":1,"seen":{"f:29:9:29:15":0,"s:30:2:52:Infinity":0}}}
,"C:\\Repositorios\\KeyLab\\src\\main.jsx": {"path":"C:\\Repositorios\\KeyLab\\src\\main.jsx","statementMap":{"0":{"start":{"line":10,"column":0},"end":{"line":10,"column":null}},"1":{"start":{"line":12,"column":0},"end":{"line":18,"column":null}}},"fnMap":{},"branchMap":{},"s":{"0":0,"1":0},"f":{},"b":{},"meta":{"lastBranch":0,"lastFunction":0,"lastStatement":2,"seen":{"s:10:0:10:Infinity":0,"s:12:0:18:Infinity":1}}}
,"C:\\Repositorios\\KeyLab\\src\\components\\Footer.jsx": {"path":"C:\\Repositorios\\KeyLab\\src\\components\\Footer.jsx","statementMap":{"0":{"start":{"line":2,"column":2},"end":{"line":7,"column":null}}},"fnMap":{"0":{"name":"Footer","decl":{"start":{"line":1,"column":9},"end":{"line":1,"column":18}},"loc":{"start":{"line":1,"column":18},"end":{"line":9,"column":null}},"line":1}},"branchMap":{},"s":{"0":0},"f":{"0":0},"b":{},"meta":{"lastBranch":0,"lastFunction":1,"lastStatement":1,"seen":{"f:1:9:1:18":0,"s:2:2:7:Infinity":0}}}
,"C:\\Repositorios\\KeyLab\\src\\components\\Navbar.jsx": {"path":"C:\\Repositorios\\KeyLab\\src\\components\\Navbar.jsx","statementMap":{"0":{"start":{"line":7,"column":32},"end":{"line":7,"column":null}},"1":{"start":{"line":8,"column":23},"end":{"line":8,"column":null}},"2":{"start":{"line":10,"column":2},"end":{"line":26,"column":null}},"3":{"start":{"line":11,"column":20},"end":{"line":11,"column":null}},"4":{"start":{"line":12,"column":4},"end":{"line":12,"column":null}},"5":{"start":{"line":14,"column":28},"end":{"line":17,"column":null}},"6":{"start":{"line":15,"column":22},"end":{"line":15,"column":null}},"7":{"start":{"line":16,"column":6},"end":{"line":16,"column":null}},"8":{"start":{"line":19,"column":4},"end":{"line":19,"column":null}},"9":{"start":{"line":20,"column":4},"end":{"line":20,"column":null}},"10":{"start":{"line":22,"column":4},"end":{"line":25,"column":null}},"11":{"start":{"line":23,"column":6},"end":{"line":23,"column":null}},"12":{"start":{"line":24,"column":6},"end":{"line":24,"column":null}},"13":{"start":{"line":28,"column":2},"end":{"line":95,"column":null}}},"fnMap":{"0":{"name":"Navbar","decl":{"start":{"line":6,"column":9},"end":{"line":6,"column":18}},"loc":{"start":{"line":6,"column":18},"end":{"line":97,"column":null}},"line":6},"1":{"name":"(anonymous_1)","decl":{"start":{"line":10,"column":12},"end":{"line":10,"column":18}},"loc":{"start":{"line":10,"column":18},"end":{"line":26,"column":5}},"line":10},"2":{"name":"(anonymous_2)","decl":{"start":{"line":14,"column":28},"end":{"line":14,"column":34}},"loc":{"start":{"line":14,"column":34},"end":{"line":17,"column":null}},"line":14},"3":{"name":"(anonymous_3)","decl":{"start":{"line":22,"column":11},"end":{"line":22,"column":17}},"loc":{"start":{"line":22,"column":17},"end":{"line":25,"column":null}},"line":22}},"branchMap":{"0":{"loc":{"start":{"line":11,"column":20},"end":{"line":11,"column":null}},"type":"binary-expr","locations":[{"start":{"line":11,"column":20},"end":{"line":11,"column":67}},{"start":{"line":11,"column":67},"end":{"line":11,"column":null}}],"line":11},"1":{"loc":{"start":{"line":15,"column":22},"end":{"line":15,"column":null}},"type":"binary-expr","locations":[{"start":{"line":15,"column":22},"end":{"line":15,"column":69}},{"start":{"line":15,"column":69},"end":{"line":15,"column":null}}],"line":15},"2":{"loc":{"start":{"line":60,"column":13},"end":{"line":80,"column":null}},"type":"cond-expr","locations":[{"start":{"line":61,"column":14},"end":{"line":76,"column":null}},{"start":{"line":78,"column":14},"end":{"line":80,"column":null}}],"line":60},"3":{"loc":{"start":{"line":67,"column":25},"end":{"line":67,"column":null}},"type":"binary-expr","locations":[{"start":{"line":67,"column":25},"end":{"line":67,"column":40}},{"start":{"line":67,"column":40},"end":{"line":67,"column":null}}],"line":67}},"s":{"0":0,"1":0,"2":0,"3":0,"4":0,"5":0,"6":0,"7":0,"8":0,"9":0,"10":0,"11":0,"12":0,"13":0},"f":{"0":0,"1":0,"2":0,"3":0},"b":{"0":[0,0],"1":[0,0],"2":[0,0],"3":[0,0]},"meta":{"lastBranch":4,"lastFunction":4,"lastStatement":14,"seen":{"f:6:9:6:18":0,"s:7:32:7:Infinity":0,"s:8:23:8:Infinity":1,"s:10:2:26:Infinity":2,"f:10:12:10:18":1,"s:11:20:11:Infinity":3,"b:11:20:11:67:11:67:11:Infinity":0,"s:12:4:12:Infinity":4,"s:14:28:17:Infinity":5,"f:14:28:14:34":2,"s:15:22:15:Infinity":6,"b:15:22:15:69:15:69:15:Infinity":1,"s:16:6:16:Infinity":7,"s:19:4:19:Infinity":8,"s:20:4:20:Infinity":9,"s:22:4:25:Infinity":10,"f:22:11:22:17":3,"s:23:6:23:Infinity":11,"s:24:6:24:Infinity":12,"s:28:2:95:Infinity":13,"b:61:14:76:Infinity:78:14:80:Infinity":2,"b:67:25:67:40:67:40:67:Infinity":3}}}
,"C:\\Repositorios\\KeyLab\\src\\components\\ProductGrid.jsx": {"path":"C:\\Repositorios\\KeyLab\\src\\components\\ProductGrid.jsx","statementMap":{"0":{"start":{"line":7,"column":16},"end":{"line":7,"column":null}},"1":{"start":{"line":9,"column":2},"end":{"line":11,"column":null}},"2":{"start":{"line":10,"column":4},"end":{"line":10,"column":null}},"3":{"start":{"line":13,"column":2},"end":{"line":51,"column":null}},"4":{"start":{"line":16,"column":8},"end":{"line":49,"column":null}},"5":{"start":{"line":35,"column":16},"end":{"line":35,"column":null}}},"fnMap":{"0":{"name":"ProductGrid","decl":{"start":{"line":6,"column":24},"end":{"line":6,"column":36}},"loc":{"start":{"line":6,"column":51},"end":{"line":53,"column":null}},"line":6},"1":{"name":"(anonymous_1)","decl":{"start":{"line":15,"column":17},"end":{"line":15,"column":18}},"loc":{"start":{"line":16,"column":8},"end":{"line":49,"column":null}},"line":16},"2":{"name":"(anonymous_2)","decl":{"start":{"line":34,"column":23},"end":{"line":34,"column":null}},"loc":{"start":{"line":35,"column":16},"end":{"line":35,"column":null}},"line":35}},"branchMap":{"0":{"loc":{"start":{"line":7,"column":16},"end":{"line":7,"column":null}},"type":"cond-expr","locations":[{"start":{"line":7,"column":43},"end":{"line":7,"column":55}},{"start":{"line":7,"column":55},"end":{"line":7,"column":null}}],"line":7},"1":{"loc":{"start":{"line":9,"column":2},"end":{"line":11,"column":null}},"type":"if","locations":[{"start":{"line":9,"column":2},"end":{"line":11,"column":null}},{"start":{},"end":{}}],"line":9},"2":{"loc":{"start":{"line":35,"column":16},"end":{"line":35,"column":null}},"type":"binary-expr","locations":[{"start":{"line":35,"column":16},"end":{"line":35,"column":43}},{"start":{"line":35,"column":43},"end":{"line":35,"column":null}}],"line":35}},"s":{"0":0,"1":0,"2":0,"3":0,"4":0,"5":0},"f":{"0":0,"1":0,"2":0},"b":{"0":[0,0],"1":[0,0],"2":[0,0]},"meta":{"lastBranch":3,"lastFunction":3,"lastStatement":6,"seen":{"f:6:24:6:36":0,"s:7:16:7:Infinity":0,"b:7:43:7:55:7:55:7:Infinity":0,"b:9:2:11:Infinity:undefined:undefined:undefined:undefined":1,"s:9:2:11:Infinity":1,"s:10:4:10:Infinity":2,"s:13:2:51:Infinity":3,"f:15:17:15:18":1,"s:16:8:49:Infinity":4,"f:34:23:34:Infinity":2,"s:35:16:35:Infinity":5,"b:35:16:35:43:35:43:35:Infinity":2}}}
,"C:\\Repositorios\\KeyLab\\src\\context\\AuthContext.jsx": {"path":"C:\\Repositorios\\KeyLab\\src\\context\\AuthContext.jsx","statementMap":{"0":{"start":{"line":4,"column":6},"end":{"line":4,"column":null}},"1":{"start":{"line":8,"column":22},"end":{"line":11,"column":null}},"2":{"start":{"line":9,"column":16},"end":{"line":9,"column":null}},"3":{"start":{"line":10,"column":4},"end":{"line":10,"column":null}},"4":{"start":{"line":14,"column":2},"end":{"line":20,"column":null}},"5":{"start":{"line":15,"column":4},"end":{"line":19,"column":null}},"6":{"start":{"line":16,"column":6},"end":{"line":16,"column":null}},"7":{"start":{"line":18,"column":6},"end":{"line":18,"column":null}},"8":{"start":{"line":23,"column":16},"end":{"line":33,"column":null}},"9":{"start":{"line":24,"column":21},"end":{"line":24,"column":null}},"10":{"start":{"line":25,"column":18},"end":{"line":29,"column":null}},"11":{"start":{"line":27,"column":8},"end":{"line":28,"column":null}},"12":{"start":{"line":30,"column":4},"end":{"line":30,"column":null}},"13":{"start":{"line":30,"column":16},"end":{"line":30,"column":null}},"14":{"start":{"line":31,"column":4},"end":{"line":31,"column":null}},"15":{"start":{"line":32,"column":4},"end":{"line":32,"column":null}},"16":{"start":{"line":37,"column":19},"end":{"line":47,"column":null}},"17":{"start":{"line":38,"column":21},"end":{"line":38,"column":null}},"18":{"start":{"line":39,"column":19},"end":{"line":41,"column":null}},"19":{"start":{"line":40,"column":13},"end":{"line":40,"column":null}},"20":{"start":{"line":42,"column":4},"end":{"line":42,"column":null}},"21":{"start":{"line":42,"column":16},"end":{"line":42,"column":null}},"22":{"start":{"line":43,"column":4},"end":{"line":43,"column":null}},"23":{"start":{"line":44,"column":4},"end":{"line":44,"column":null}},"24":{"start":{"line":45,"column":4},"end":{"line":45,"column":null}},"25":{"start":{"line":46,"column":4},"end":{"line":46,"column":null}},"26":{"start":{"line":49,"column":17},"end":{"line":51,"column":null}},"27":{"start":{"line":50,"column":4},"end":{"line":50,"column":null}},"28":{"start":{"line":53,"column":2},"end":{"line":56,"column":null}},"29":{"start":{"line":62,"column":2},"end":{"line":62,"column":null}}},"fnMap":{"0":{"name":"AuthProvider","decl":{"start":{"line":7,"column":16},"end":{"line":7,"column":29}},"loc":{"start":{"line":7,"column":43},"end":{"line":58,"column":null}},"line":7},"1":{"name":"(anonymous_1)","decl":{"start":{"line":8,"column":35},"end":{"line":8,"column":41}},"loc":{"start":{"line":8,"column":41},"end":{"line":11,"column":3}},"line":8},"2":{"name":"(anonymous_2)","decl":{"start":{"line":14,"column":12},"end":{"line":14,"column":18}},"loc":{"start":{"line":14,"column":18},"end":{"line":20,"column":5}},"line":14},"3":{"name":"(anonymous_3)","decl":{"start":{"line":23,"column":16},"end":{"line":23,"column":17}},"loc":{"start":{"line":23,"column":37},"end":{"line":33,"column":null}},"line":23},"4":{"name":"(anonymous_4)","decl":{"start":{"line":26,"column":6},"end":{"line":26,"column":7}},"loc":{"start":{"line":27,"column":8},"end":{"line":28,"column":null}},"line":27},"5":{"name":"(anonymous_5)","decl":{"start":{"line":37,"column":19},"end":{"line":37,"column":20}},"loc":{"start":{"line":37,"column":32},"end":{"line":47,"column":null}},"line":37},"6":{"name":"(anonymous_6)","decl":{"start":{"line":40,"column":6},"end":{"line":40,"column":7}},"loc":{"start":{"line":40,"column":13},"end":{"line":40,"column":null}},"line":40},"7":{"name":"(anonymous_7)","decl":{"start":{"line":49,"column":17},"end":{"line":49,"column":23}},"loc":{"start":{"line":49,"column":23},"end":{"line":51,"column":null}},"line":49},"8":{"name":"useAuth","decl":{"start":{"line":61,"column":16},"end":{"line":61,"column":26}},"loc":{"start":{"line":61,"column":26},"end":{"line":63,"column":null}},"line":61}},"branchMap":{"0":{"loc":{"start":{"line":10,"column":11},"end":{"line":10,"column":null}},"type":"cond-expr","locations":[{"start":{"line":10,"column":17},"end":{"line":10,"column":35}},{"start":{"line":10,"column":35},"end":{"line":10,"column":null}}],"line":10},"1":{"loc":{"start":{"line":15,"column":4},"end":{"line":19,"column":null}},"type":"if","locations":[{"start":{"line":15,"column":4},"end":{"line":19,"column":null}},{"start":{"line":17,"column":11},"end":{"line":19,"column":null}}],"line":15},"2":{"loc":{"start":{"line":24,"column":32},"end":{"line":24,"column":72}},"type":"binary-expr","locations":[{"start":{"line":24,"column":32},"end":{"line":24,"column":68}},{"start":{"line":24,"column":68},"end":{"line":24,"column":72}}],"line":24},"3":{"loc":{"start":{"line":27,"column":8},"end":{"line":28,"column":null}},"type":"binary-expr","locations":[{"start":{"line":27,"column":8},"end":{"line":27,"column":null}},{"start":{"line":28,"column":8},"end":{"line":28,"column":null}}],"line":27},"4":{"loc":{"start":{"line":30,"column":4},"end":{"line":30,"column":null}},"type":"if","locations":[{"start":{"line":30,"column":4},"end":{"line":30,"column":null}},{"start":{},"end":{}}],"line":30},"5":{"loc":{"start":{"line":38,"column":32},"end":{"line":38,"column":72}},"type":"binary-expr","locations":[{"start":{"line":38,"column":32},"end":{"line":38,"column":68}},{"start":{"line":38,"column":68},"end":{"line":38,"column":72}}],"line":38},"6":{"loc":{"start":{"line":42,"column":4},"end":{"line":42,"column":null}},"type":"if","locations":[{"start":{"line":42,"column":4},"end":{"line":42,"column":null}},{"start":{},"end":{}}],"line":42}},"s":{"0":1,"1":0,"2":0,"3":0,"4":0,"5":0,"6":0,"7":0,"8":0,"9":0,"10":0,"11":0,"12":0,"13":0,"14":0,"15":0,"16":0,"17":0,"18":0,"19":0,"20":0,"21":0,"22":0,"23":0,"24":0,"25":0,"26":0,"27":0,"28":0,"29":14},"f":{"0":0,"1":0,"2":0,"3":0,"4":0,"5":0,"6":0,"7":0,"8":14},"b":{"0":[0,0],"1":[0,0],"2":[0,0],"3":[0,0],"4":[0,0],"5":[0,0],"6":[0,0]},"meta":{"lastBranch":7,"lastFunction":9,"lastStatement":30,"seen":{"s:4:6:4:Infinity":0,"f:7:16:7:29":0,"s:8:22:11:Infinity":1,"f:8:35:8:41":1,"s:9:16:9:Infinity":2,"s:10:4:10:Infinity":3,"b:10:17:10:35:10:35:10:Infinity":0,"s:14:2:20:Infinity":4,"f:14:12:14:18":2,"b:15:4:19:Infinity:17:11:19:Infinity":1,"s:15:4:19:Infinity":5,"s:16:6:16:Infinity":6,"s:18:6:18:Infinity":7,"s:23:16:33:Infinity":8,"f:23:16:23:17":3,"s:24:21:24:Infinity":9,"b:24:32:24:68:24:68:24:72":2,"s:25:18:29:Infinity":10,"f:26:6:26:7":4,"s:27:8:28:Infinity":11,"b:27:8:27:Infinity:28:8:28:Infinity":3,"b:30:4:30:Infinity:undefined:undefined:undefined:undefined":4,"s:30:4:30:Infinity":12,"s:30:16:30:Infinity":13,"s:31:4:31:Infinity":14,"s:32:4:32:Infinity":15,"s:37:19:47:Infinity":16,"f:37:19:37:20":5,"s:38:21:38:Infinity":17,"b:38:32:38:68:38:68:38:72":5,"s:39:19:41:Infinity":18,"f:40:6:40:7":6,"s:40:13:40:Infinity":19,"b:42:4:42:Infinity:undefined:undefined:undefined:undefined":6,"s:42:4:42:Infinity":20,"s:42:16:42:Infinity":21,"s:43:4:43:Infinity":22,"s:44:4:44:Infinity":23,"s:45:4:45:Infinity":24,"s:46:4:46:Infinity":25,"s:49:17:51:Infinity":26,"f:49:17:49:23":7,"s:50:4:50:Infinity":27,"s:53:2:56:Infinity":28,"f:61:16:61:26":8,"s:62:2:62:Infinity":29}}}
,"C:\\Repositorios\\KeyLab\\src\\data\\productos.js": {"path":"C:\\Repositorios\\KeyLab\\src\\data\\productos.js","statementMap":{"0":{"start":{"line":1,"column":25},"end":{"line":266,"column":1}}},"fnMap":{},"branchMap":{},"s":{"0":0},"f":{},"b":{},"meta":{"lastBranch":0,"lastFunction":0,"lastStatement":1,"seen":{"s:1:25:266:1":0}}}
,"C:\\Repositorios\\KeyLab\\src\\pages\\Carrito.jsx": {"path":"C:\\Repositorios\\KeyLab\\src\\pages\\Carrito.jsx","statementMap":{"0":{"start":{"line":2,"column":2},"end":{"line":24,"column":null}}},"fnMap":{"0":{"name":"Carrito","decl":{"start":{"line":1,"column":9},"end":{"line":1,"column":19}},"loc":{"start":{"line":1,"column":19},"end":{"line":26,"column":null}},"line":1}},"branchMap":{},"s":{"0":0},"f":{"0":0},"b":{},"meta":{"lastBranch":0,"lastFunction":1,"lastStatement":1,"seen":{"f:1:9:1:19":0,"s:2:2:24:Infinity":0}}}
,"C:\\Repositorios\\KeyLab\\src\\pages\\Cases.jsx": {"path":"C:\\Repositorios\\KeyLab\\src\\pages\\Cases.jsx","statementMap":{"0":{"start":{"line":6,"column":16},"end":{"line":6,"column":null}},"1":{"start":{"line":6,"column":40},"end":{"line":6,"column":63}},"2":{"start":{"line":8,"column":2},"end":{"line":16,"column":null}}},"fnMap":{"0":{"name":"Cases","decl":{"start":{"line":5,"column":9},"end":{"line":5,"column":17}},"loc":{"start":{"line":5,"column":17},"end":{"line":18,"column":null}},"line":5},"1":{"name":"(anonymous_1)","decl":{"start":{"line":6,"column":33},"end":{"line":6,"column":34}},"loc":{"start":{"line":6,"column":40},"end":{"line":6,"column":63}},"line":6}},"branchMap":{"0":{"loc":{"start":{"line":11,"column":7},"end":{"line":14,"column":null}},"type":"cond-expr","locations":[{"start":{"line":12,"column":8},"end":{"line":12,"column":null}},{"start":{"line":14,"column":8},"end":{"line":14,"column":null}}],"line":11}},"s":{"0":0,"1":0,"2":0},"f":{"0":0,"1":0},"b":{"0":[0,0]},"meta":{"lastBranch":1,"lastFunction":2,"lastStatement":3,"seen":{"f:5:9:5:17":0,"s:6:16:6:Infinity":0,"f:6:33:6:34":1,"s:6:40:6:63":1,"s:8:2:16:Infinity":2,"b:12:8:12:Infinity:14:8:14:Infinity":0}}}
,"C:\\Repositorios\\KeyLab\\src\\pages\\Contacto.jsx": {"path":"C:\\Repositorios\\KeyLab\\src\\pages\\Contacto.jsx","statementMap":{"0":{"start":{"line":7,"column":30},"end":{"line":11,"column":null}},"1":{"start":{"line":13,"column":24},"end":{"line":13,"column":null}},"2":{"start":{"line":16,"column":23},"end":{"line":22,"column":null}},"3":{"start":{"line":17,"column":28},"end":{"line":17,"column":null}},"4":{"start":{"line":18,"column":4},"end":{"line":21,"column":null}},"5":{"start":{"line":25,"column":23},"end":{"line":75,"column":null}},"6":{"start":{"line":26,"column":4},"end":{"line":26,"column":null}},"7":{"start":{"line":29,"column":4},"end":{"line":37,"column":null}},"8":{"start":{"line":30,"column":6},"end":{"line":30,"column":null}},"9":{"start":{"line":31,"column":6},"end":{"line":35,"column":null}},"10":{"start":{"line":36,"column":6},"end":{"line":36,"column":null}},"11":{"start":{"line":39,"column":4},"end":{"line":47,"column":null}},"12":{"start":{"line":40,"column":6},"end":{"line":40,"column":null}},"13":{"start":{"line":41,"column":6},"end":{"line":45,"column":null}},"14":{"start":{"line":46,"column":6},"end":{"line":46,"column":null}},"15":{"start":{"line":49,"column":4},"end":{"line":57,"column":null}},"16":{"start":{"line":50,"column":6},"end":{"line":50,"column":null}},"17":{"start":{"line":51,"column":6},"end":{"line":55,"column":null}},"18":{"start":{"line":56,"column":6},"end":{"line":56,"column":null}},"19":{"start":{"line":60,"column":4},"end":{"line":60,"column":null}},"20":{"start":{"line":61,"column":4},"end":{"line":65,"column":null}},"21":{"start":{"line":67,"column":4},"end":{"line":67,"column":null}},"22":{"start":{"line":70,"column":4},"end":{"line":74,"column":null}},"23":{"start":{"line":77,"column":2},"end":{"line":116,"column":null}}},"fnMap":{"0":{"name":"Contacto","decl":{"start":{"line":6,"column":9},"end":{"line":6,"column":20}},"loc":{"start":{"line":6,"column":20},"end":{"line":118,"column":null}},"line":6},"1":{"name":"(anonymous_1)","decl":{"start":{"line":16,"column":23},"end":{"line":16,"column":24}},"loc":{"start":{"line":16,"column":30},"end":{"line":22,"column":null}},"line":16},"2":{"name":"(anonymous_2)","decl":{"start":{"line":25,"column":23},"end":{"line":25,"column":24}},"loc":{"start":{"line":25,"column":30},"end":{"line":75,"column":null}},"line":25}},"branchMap":{"0":{"loc":{"start":{"line":29,"column":4},"end":{"line":37,"column":null}},"type":"if","locations":[{"start":{"line":29,"column":4},"end":{"line":37,"column":null}},{"start":{},"end":{}}],"line":29},"1":{"loc":{"start":{"line":39,"column":4},"end":{"line":47,"column":null}},"type":"if","locations":[{"start":{"line":39,"column":4},"end":{"line":47,"column":null}},{"start":{},"end":{}}],"line":39},"2":{"loc":{"start":{"line":49,"column":4},"end":{"line":57,"column":null}},"type":"if","locations":[{"start":{"line":49,"column":4},"end":{"line":57,"column":null}},{"start":{},"end":{}}],"line":49},"3":{"loc":{"start":{"line":82,"column":7},"end":{"line":82,"column":null}},"type":"binary-expr","locations":[{"start":{"line":82,"column":7},"end":{"line":82,"column":16}},{"start":{"line":82,"column":16},"end":{"line":82,"column":null}}],"line":82}},"s":{"0":0,"1":0,"2":0,"3":0,"4":0,"5":0,"6":0,"7":0,"8":0,"9":0,"10":0,"11":0,"12":0,"13":0,"14":0,"15":0,"16":0,"17":0,"18":0,"19":0,"20":0,"21":0,"22":0,"23":0},"f":{"0":0,"1":0,"2":0},"b":{"0":[0,0],"1":[0,0],"2":[0,0],"3":[0,0]},"meta":{"lastBranch":4,"lastFunction":3,"lastStatement":24,"seen":{"f:6:9:6:20":0,"s:7:30:11:Infinity":0,"s:13:24:13:Infinity":1,"s:16:23:22:Infinity":2,"f:16:23:16:24":1,"s:17:28:17:Infinity":3,"s:18:4:21:Infinity":4,"s:25:23:75:Infinity":5,"f:25:23:25:24":2,"s:26:4:26:Infinity":6,"b:29:4:37:Infinity:undefined:undefined:undefined:undefined":0,"s:29:4:37:Infinity":7,"s:30:6:30:Infinity":8,"s:31:6:35:Infinity":9,"s:36:6:36:Infinity":10,"b:39:4:47:Infinity:undefined:undefined:undefined:undefined":1,"s:39:4:47:Infinity":11,"s:40:6:40:Infinity":12,"s:41:6:45:Infinity":13,"s:46:6:46:Infinity":14,"b:49:4:57:Infinity:undefined:undefined:undefined:undefined":2,"s:49:4:57:Infinity":15,"s:50:6:50:Infinity":16,"s:51:6:55:Infinity":17,"s:56:6:56:Infinity":18,"s:60:4:60:Infinity":19,"s:61:4:65:Infinity":20,"s:67:4:67:Infinity":21,"s:70:4:74:Infinity":22,"s:77:2:116:Infinity":23,"b:82:7:82:16:82:16:82:Infinity":3}}}
,"C:\\Repositorios\\KeyLab\\src\\pages\\DetalleProducto.jsx": {"path":"C:\\Repositorios\\KeyLab\\src\\pages\\DetalleProducto.jsx","statementMap":{"0":{"start":{"line":7,"column":13},"end":{"line":7,"column":null}},"1":{"start":{"line":8,"column":19},"end":{"line":8,"column":null}},"2":{"start":{"line":8,"column":41},"end":{"line":8,"column":60}},"3":{"start":{"line":10,"column":2},"end":{"line":12,"column":null}},"4":{"start":{"line":11,"column":4},"end":{"line":11,"column":null}},"5":{"start":{"line":14,"column":27},"end":{"line":18,"column":null}},"6":{"start":{"line":15,"column":4},"end":{"line":17,"column":null}},"7":{"start":{"line":16,"column":6},"end":{"line":16,"column":null}},"8":{"start":{"line":20,"column":2},"end":{"line":41,"column":null}}},"fnMap":{"0":{"name":"DetalleProducto","decl":{"start":{"line":6,"column":24},"end":{"line":6,"column":42}},"loc":{"start":{"line":6,"column":42},"end":{"line":43,"column":null}},"line":6},"1":{"name":"(anonymous_1)","decl":{"start":{"line":8,"column":34},"end":{"line":8,"column":35}},"loc":{"start":{"line":8,"column":41},"end":{"line":8,"column":60}},"line":8},"2":{"name":"(anonymous_2)","decl":{"start":{"line":14,"column":27},"end":{"line":14,"column":33}},"loc":{"start":{"line":14,"column":33},"end":{"line":18,"column":null}},"line":14}},"branchMap":{"0":{"loc":{"start":{"line":10,"column":2},"end":{"line":12,"column":null}},"type":"if","locations":[{"start":{"line":10,"column":2},"end":{"line":12,"column":null}},{"start":{},"end":{}}],"line":10},"1":{"loc":{"start":{"line":15,"column":4},"end":{"line":17,"column":null}},"type":"if","locations":[{"start":{"line":15,"column":4},"end":{"line":17,"column":null}},{"start":{},"end":{}}],"line":15}},"s":{"0":0,"1":0,"2":0,"3":0,"4":0,"5":0,"6":0,"7":0,"8":0},"f":{"0":0,"1":0,"2":0},"b":{"0":[0,0],"1":[0,0]},"meta":{"lastBranch":2,"lastFunction":3,"lastStatement":9,"seen":{"f:6:24:6:42":0,"s:7:13:7:Infinity":0,"s:8:19:8:Infinity":1,"f:8:34:8:35":1,"s:8:41:8:60":2,"b:10:2:12:Infinity:undefined:undefined:undefined:undefined":0,"s:10:2:12:Infinity":3,"s:11:4:11:Infinity":4,"s:14:27:18:Infinity":5,"f:14:27:14:33":2,"b:15:4:17:Infinity:undefined:undefined:undefined:undefined":1,"s:15:4:17:Infinity":6,"s:16:6:16:Infinity":7,"s:20:2:41:Infinity":8}}}
,"C:\\Repositorios\\KeyLab\\src\\pages\\Home.jsx": {"path":"C:\\Repositorios\\KeyLab\\src\\pages\\Home.jsx","statementMap":{"0":{"start":{"line":8,"column":38},"end":{"line":8,"column":null}},"1":{"start":{"line":10,"column":25},"end":{"line":17,"column":null}},"2":{"start":{"line":19,"column":2},"end":{"line":25,"column":null}},"3":{"start":{"line":20,"column":23},"end":{"line":22,"column":null}},"4":{"start":{"line":21,"column":6},"end":{"line":21,"column":null}},"5":{"start":{"line":21,"column":23},"end":{"line":21,"column":66}},"6":{"start":{"line":24,"column":4},"end":{"line":24,"column":null}},"7":{"start":{"line":24,"column":17},"end":{"line":24,"column":null}},"8":{"start":{"line":27,"column":21},"end":{"line":29,"column":null}},"9":{"start":{"line":28,"column":4},"end":{"line":28,"column":null}},"10":{"start":{"line":28,"column":21},"end":{"line":28,"column":88}},"11":{"start":{"line":31,"column":21},"end":{"line":33,"column":null}},"12":{"start":{"line":32,"column":4},"end":{"line":32,"column":null}},"13":{"start":{"line":32,"column":21},"end":{"line":32,"column":64}},"14":{"start":{"line":35,"column":2},"end":{"line":60,"column":null}}},"fnMap":{"0":{"name":"Home","decl":{"start":{"line":7,"column":9},"end":{"line":7,"column":16}},"loc":{"start":{"line":7,"column":16},"end":{"line":62,"column":null}},"line":7},"1":{"name":"(anonymous_1)","decl":{"start":{"line":19,"column":12},"end":{"line":19,"column":18}},"loc":{"start":{"line":19,"column":18},"end":{"line":25,"column":5}},"line":19},"2":{"name":"(anonymous_2)","decl":{"start":{"line":20,"column":35},"end":{"line":20,"column":41}},"loc":{"start":{"line":20,"column":41},"end":{"line":22,"column":7}},"line":20},"3":{"name":"(anonymous_3)","decl":{"start":{"line":21,"column":22},"end":{"line":21,"column":23}},"loc":{"start":{"line":21,"column":23},"end":{"line":21,"column":66}},"line":21},"4":{"name":"(anonymous_4)","decl":{"start":{"line":24,"column":11},"end":{"line":24,"column":17}},"loc":{"start":{"line":24,"column":17},"end":{"line":24,"column":null}},"line":24},"5":{"name":"(anonymous_5)","decl":{"start":{"line":27,"column":21},"end":{"line":27,"column":27}},"loc":{"start":{"line":27,"column":27},"end":{"line":29,"column":null}},"line":27},"6":{"name":"(anonymous_6)","decl":{"start":{"line":28,"column":20},"end":{"line":28,"column":21}},"loc":{"start":{"line":28,"column":21},"end":{"line":28,"column":88}},"line":28},"7":{"name":"(anonymous_7)","decl":{"start":{"line":31,"column":21},"end":{"line":31,"column":27}},"loc":{"start":{"line":31,"column":27},"end":{"line":33,"column":null}},"line":31},"8":{"name":"(anonymous_8)","decl":{"start":{"line":32,"column":20},"end":{"line":32,"column":21}},"loc":{"start":{"line":32,"column":21},"end":{"line":32,"column":64}},"line":32}},"branchMap":{},"s":{"0":0,"1":0,"2":0,"3":0,"4":0,"5":0,"6":0,"7":0,"8":0,"9":0,"10":0,"11":0,"12":0,"13":0,"14":0},"f":{"0":0,"1":0,"2":0,"3":0,"4":0,"5":0,"6":0,"7":0,"8":0},"b":{},"meta":{"lastBranch":0,"lastFunction":9,"lastStatement":15,"seen":{"f:7:9:7:16":0,"s:8:38:8:Infinity":0,"s:10:25:17:Infinity":1,"s:19:2:25:Infinity":2,"f:19:12:19:18":1,"s:20:23:22:Infinity":3,"f:20:35:20:41":2,"s:21:6:21:Infinity":4,"f:21:22:21:23":3,"s:21:23:21:66":5,"s:24:4:24:Infinity":6,"f:24:11:24:17":4,"s:24:17:24:Infinity":7,"s:27:21:29:Infinity":8,"f:27:21:27:27":5,"s:28:4:28:Infinity":9,"f:28:20:28:21":6,"s:28:21:28:88":10,"s:31:21:33:Infinity":11,"f:31:21:31:27":7,"s:32:4:32:Infinity":12,"f:32:20:32:21":8,"s:32:21:32:64":13,"s:35:2:60:Infinity":14}}}
,"C:\\Repositorios\\KeyLab\\src\\pages\\Keycaps.jsx": {"path":"C:\\Repositorios\\KeyLab\\src\\pages\\Keycaps.jsx","statementMap":{"0":{"start":{"line":6,"column":18},"end":{"line":6,"column":null}},"1":{"start":{"line":6,"column":42},"end":{"line":6,"column":67}},"2":{"start":{"line":8,"column":2},"end":{"line":16,"column":null}}},"fnMap":{"0":{"name":"Keycaps","decl":{"start":{"line":5,"column":9},"end":{"line":5,"column":19}},"loc":{"start":{"line":5,"column":19},"end":{"line":18,"column":null}},"line":5},"1":{"name":"(anonymous_1)","decl":{"start":{"line":6,"column":35},"end":{"line":6,"column":36}},"loc":{"start":{"line":6,"column":42},"end":{"line":6,"column":67}},"line":6}},"branchMap":{"0":{"loc":{"start":{"line":11,"column":7},"end":{"line":14,"column":null}},"type":"cond-expr","locations":[{"start":{"line":12,"column":8},"end":{"line":12,"column":null}},{"start":{"line":14,"column":8},"end":{"line":14,"column":null}}],"line":11}},"s":{"0":0,"1":0,"2":0},"f":{"0":0,"1":0},"b":{"0":[0,0]},"meta":{"lastBranch":1,"lastFunction":2,"lastStatement":3,"seen":{"f:5:9:5:19":0,"s:6:18:6:Infinity":0,"f:6:35:6:36":1,"s:6:42:6:67":1,"s:8:2:16:Infinity":2,"b:12:8:12:Infinity:14:8:14:Infinity":0}}}
,"C:\\Repositorios\\KeyLab\\src\\pages\\Login.jsx": {"path":"C:\\Repositorios\\KeyLab\\src\\pages\\Login.jsx","statementMap":{"0":{"start":{"line":7,"column":22},"end":{"line":7,"column":null}},"1":{"start":{"line":8,"column":26},"end":{"line":8,"column":null}},"2":{"start":{"line":9,"column":8},"end":{"line":9,"column":null}},"3":{"start":{"line":10,"column":16},"end":{"line":10,"column":null}},"4":{"start":{"line":12,"column":2},"end":{"line":18,"column":null}},"5":{"start":{"line":13,"column":4},"end":{"line":13,"column":null}},"6":{"start":{"line":14,"column":4},"end":{"line":14,"column":null}},"7":{"start":{"line":15,"column":4},"end":{"line":17,"column":null}},"8":{"start":{"line":16,"column":6},"end":{"line":16,"column":null}},"9":{"start":{"line":20,"column":24},"end":{"line":48,"column":null}},"10":{"start":{"line":21,"column":18},"end":{"line":21,"column":null}},"11":{"start":{"line":23,"column":4},"end":{"line":36,"column":null}},"12":{"start":{"line":24,"column":22},"end":{"line":24,"column":null}},"13":{"start":{"line":25,"column":6},"end":{"line":35,"column":null}},"14":{"start":{"line":26,"column":8},"end":{"line":26,"column":null}},"15":{"start":{"line":27,"column":6},"end":{"line":35,"column":null}},"16":{"start":{"line":28,"column":8},"end":{"line":28,"column":null}},"17":{"start":{"line":30,"column":24},"end":{"line":30,"column":null}},"18":{"start":{"line":31,"column":23},"end":{"line":31,"column":null}},"19":{"start":{"line":32,"column":8},"end":{"line":34,"column":null}},"20":{"start":{"line":33,"column":10},"end":{"line":33,"column":null}},"21":{"start":{"line":38,"column":4},"end":{"line":45,"column":null}},"22":{"start":{"line":39,"column":22},"end":{"line":39,"column":null}},"23":{"start":{"line":40,"column":6},"end":{"line":44,"column":null}},"24":{"start":{"line":41,"column":8},"end":{"line":41,"column":null}},"25":{"start":{"line":42,"column":6},"end":{"line":44,"column":null}},"26":{"start":{"line":43,"column":8},"end":{"line":43,"column":null}},"27":{"start":{"line":47,"column":4},"end":{"line":47,"column":null}},"28":{"start":{"line":50,"column":23},"end":{"line":54,"column":null}},"29":{"start":{"line":51,"column":28},"end":{"line":51,"column":null}},"30":{"start":{"line":52,"column":4},"end":{"line":52,"column":null}},"31":{"start":{"line":52,"column":23},"end":{"line":52,"column":50}},"32":{"start":{"line":53,"column":4},"end":{"line":53,"column":null}},"33":{"start":{"line":53,"column":25},"end":{"line":53,"column":73}},"34":{"start":{"line":56,"column":23},"end":{"line":83,"column":null}},"35":{"start":{"line":57,"column":4},"end":{"line":57,"column":null}},"36":{"start":{"line":59,"column":26},"end":{"line":62,"column":null}},"37":{"start":{"line":63,"column":4},"end":{"line":63,"column":null}},"38":{"start":{"line":65,"column":22},"end":{"line":65,"column":null}},"39":{"start":{"line":66,"column":4},"end":{"line":66,"column":null}},"40":{"start":{"line":66,"column":19},"end":{"line":66,"column":null}},"41":{"start":{"line":69,"column":20},"end":{"line":69,"column":null}},"42":{"start":{"line":71,"column":4},"end":{"line":74,"column":null}},"43":{"start":{"line":72,"column":6},"end":{"line":72,"column":null}},"44":{"start":{"line":73,"column":6},"end":{"line":73,"column":null}},"45":{"start":{"line":77,"column":17},"end":{"line":77,"column":null}},"46":{"start":{"line":78,"column":4},"end":{"line":82,"column":null}},"47":{"start":{"line":79,"column":6},"end":{"line":79,"column":null}},"48":{"start":{"line":81,"column":6},"end":{"line":81,"column":null}},"49":{"start":{"line":85,"column":2},"end":{"line":180,"column":null}}},"fnMap":{"0":{"name":"Login","decl":{"start":{"line":6,"column":9},"end":{"line":6,"column":17}},"loc":{"start":{"line":6,"column":17},"end":{"line":182,"column":null}},"line":6},"1":{"name":"(anonymous_1)","decl":{"start":{"line":12,"column":12},"end":{"line":12,"column":18}},"loc":{"start":{"line":12,"column":18},"end":{"line":18,"column":5}},"line":12},"2":{"name":"(anonymous_2)","decl":{"start":{"line":15,"column":11},"end":{"line":15,"column":17}},"loc":{"start":{"line":15,"column":17},"end":{"line":17,"column":null}},"line":15},"3":{"name":"(anonymous_3)","decl":{"start":{"line":20,"column":24},"end":{"line":20,"column":25}},"loc":{"start":{"line":20,"column":42},"end":{"line":48,"column":null}},"line":20},"4":{"name":"(anonymous_4)","decl":{"start":{"line":50,"column":23},"end":{"line":50,"column":24}},"loc":{"start":{"line":50,"column":34},"end":{"line":54,"column":null}},"line":50},"5":{"name":"(anonymous_5)","decl":{"start":{"line":52,"column":12},"end":{"line":52,"column":13}},"loc":{"start":{"line":52,"column":23},"end":{"line":52,"column":50}},"line":52},"6":{"name":"(anonymous_6)","decl":{"start":{"line":53,"column":14},"end":{"line":53,"column":15}},"loc":{"start":{"line":53,"column":25},"end":{"line":53,"column":73}},"line":53},"7":{"name":"(anonymous_7)","decl":{"start":{"line":56,"column":23},"end":{"line":56,"column":24}},"loc":{"start":{"line":56,"column":34},"end":{"line":83,"column":null}},"line":56}},"branchMap":{"0":{"loc":{"start":{"line":23,"column":4},"end":{"line":36,"column":null}},"type":"if","locations":[{"start":{"line":23,"column":4},"end":{"line":36,"column":null}},{"start":{},"end":{}}],"line":23},"1":{"loc":{"start":{"line":25,"column":6},"end":{"line":35,"column":null}},"type":"if","locations":[{"start":{"line":25,"column":6},"end":{"line":35,"column":null}},{"start":{"line":27,"column":6},"end":{"line":35,"column":null}}],"line":25},"2":{"loc":{"start":{"line":27,"column":6},"end":{"line":35,"column":null}},"type":"if","locations":[{"start":{"line":27,"column":6},"end":{"line":35,"column":null}},{"start":{"line":29,"column":13},"end":{"line":35,"column":null}}],"line":27},"3":{"loc":{"start":{"line":32,"column":8},"end":{"line":34,"column":null}},"type":"if","locations":[{"start":{"line":32,"column":8},"end":{"line":34,"column":null}},{"start":{},"end":{}}],"line":32},"4":{"loc":{"start":{"line":32,"column":12},"end":{"line":32,"column":71}},"type":"binary-expr","locations":[{"start":{"line":32,"column":12},"end":{"line":32,"column":30}},{"start":{"line":32,"column":30},"end":{"line":32,"column":71}}],"line":32},"5":{"loc":{"start":{"line":38,"column":4},"end":{"line":45,"column":null}},"type":"if","locations":[{"start":{"line":38,"column":4},"end":{"line":45,"column":null}},{"start":{},"end":{}}],"line":38},"6":{"loc":{"start":{"line":40,"column":6},"end":{"line":44,"column":null}},"type":"if","locations":[{"start":{"line":40,"column":6},"end":{"line":44,"column":null}},{"start":{"line":42,"column":6},"end":{"line":44,"column":null}}],"line":40},"7":{"loc":{"start":{"line":42,"column":6},"end":{"line":44,"column":null}},"type":"if","locations":[{"start":{"line":42,"column":6},"end":{"line":44,"column":null}},{"start":{},"end":{}}],"line":42},"8":{"loc":{"start":{"line":42,"column":17},"end":{"line":42,"column":60}},"type":"binary-expr","locations":[{"start":{"line":42,"column":17},"end":{"line":42,"column":39}},{"start":{"line":42,"column":39},"end":{"line":42,"column":60}}],"line":42},"9":{"loc":{"start":{"line":66,"column":4},"end":{"line":66,"column":null}},"type":"if","locations":[{"start":{"line":66,"column":4},"end":{"line":66,"column":null}},{"start":{},"end":{}}],"line":66},"10":{"loc":{"start":{"line":71,"column":4},"end":{"line":74,"column":null}},"type":"if","locations":[{"start":{"line":71,"column":4},"end":{"line":74,"column":null}},{"start":{},"end":{}}],"line":71},"11":{"loc":{"start":{"line":78,"column":4},"end":{"line":82,"column":null}},"type":"if","locations":[{"start":{"line":78,"column":4},"end":{"line":82,"column":null}},{"start":{"line":80,"column":11},"end":{"line":82,"column":null}}],"line":78},"12":{"loc":{"start":{"line":119,"column":31},"end":{"line":119,"column":null}},"type":"cond-expr","locations":[{"start":{"line":119,"column":46},"end":{"line":119,"column":61}},{"start":{"line":119,"column":61},"end":{"line":119,"column":null}}],"line":119},"13":{"loc":{"start":{"line":146,"column":31},"end":{"line":146,"column":null}},"type":"cond-expr","locations":[{"start":{"line":146,"column":49},"end":{"line":146,"column":64}},{"start":{"line":146,"column":64},"end":{"line":146,"column":null}}],"line":146}},"s":{"0":14,"1":14,"2":14,"3":14,"4":14,"5":5,"6":5,"7":5,"8":5,"9":14,"10":12,"11":12,"12":6,"13":6,"14":1,"15":5,"16":0,"17":5,"18":5,"19":5,"20":0,"21":12,"22":6,"23":6,"24":1,"25":5,"26":0,"27":12,"28":14,"29":6,"30":6,"31":6,"32":6,"33":6,"34":14,"35":3,"36":3,"37":3,"38":3,"39":3,"40":1,"41":2,"42":2,"43":1,"44":1,"45":1,"46":1,"47":1,"48":0,"49":14},"f":{"0":14,"1":5,"2":5,"3":12,"4":6,"5":6,"6":6,"7":3},"b":{"0":[6,6],"1":[1,5],"2":[0,5],"3":[0,5],"4":[5,5],"5":[6,6],"6":[1,5],"7":[0,5],"8":[5,5],"9":[1,2],"10":[1,1],"11":[1,0],"12":[1,13],"13":[1,13]},"meta":{"lastBranch":14,"lastFunction":8,"lastStatement":50,"seen":{"f:6:9:6:17":0,"s:7:22:7:Infinity":0,"s:8:26:8:Infinity":1,"s:9:8:9:Infinity":2,"s:10:16:10:Infinity":3,"s:12:2:18:Infinity":4,"f:12:12:12:18":1,"s:13:4:13:Infinity":5,"s:14:4:14:Infinity":6,"s:15:4:17:Infinity":7,"f:15:11:15:17":2,"s:16:6:16:Infinity":8,"s:20:24:48:Infinity":9,"f:20:24:20:25":3,"s:21:18:21:Infinity":10,"b:23:4:36:Infinity:undefined:undefined:undefined:undefined":0,"s:23:4:36:Infinity":11,"s:24:22:24:Infinity":12,"b:25:6:35:Infinity:27:6:35:Infinity":1,"s:25:6:35:Infinity":13,"s:26:8:26:Infinity":14,"b:27:6:35:Infinity:29:13:35:Infinity":2,"s:27:6:35:Infinity":15,"s:28:8:28:Infinity":16,"s:30:24:30:Infinity":17,"s:31:23:31:Infinity":18,"b:32:8:34:Infinity:undefined:undefined:undefined:undefined":3,"s:32:8:34:Infinity":19,"b:32:12:32:30:32:30:32:71":4,"s:33:10:33:Infinity":20,"b:38:4:45:Infinity:undefined:undefined:undefined:undefined":5,"s:38:4:45:Infinity":21,"s:39:22:39:Infinity":22,"b:40:6:44:Infinity:42:6:44:Infinity":6,"s:40:6:44:Infinity":23,"s:41:8:41:Infinity":24,"b:42:6:44:Infinity:undefined:undefined:undefined:undefined":7,"s:42:6:44:Infinity":25,"b:42:17:42:39:42:39:42:60":8,"s:43:8:43:Infinity":26,"s:47:4:47:Infinity":27,"s:50:23:54:Infinity":28,"f:50:23:50:24":4,"s:51:28:51:Infinity":29,"s:52:4:52:Infinity":30,"f:52:12:52:13":5,"s:52:23:52:50":31,"s:53:4:53:Infinity":32,"f:53:14:53:15":6,"s:53:25:53:73":33,"s:56:23:83:Infinity":34,"f:56:23:56:24":7,"s:57:4:57:Infinity":35,"s:59:26:62:Infinity":36,"s:63:4:63:Infinity":37,"s:65:22:65:Infinity":38,"b:66:4:66:Infinity:undefined:undefined:undefined:undefined":9,"s:66:4:66:Infinity":39,"s:66:19:66:Infinity":40,"s:69:20:69:Infinity":41,"b:71:4:74:Infinity:undefined:undefined:undefined:undefined":10,"s:71:4:74:Infinity":42,"s:72:6:72:Infinity":43,"s:73:6:73:Infinity":44,"s:77:17:77:Infinity":45,"b:78:4:82:Infinity:80:11:82:Infinity":11,"s:78:4:82:Infinity":46,"s:79:6:79:Infinity":47,"s:81:6:81:Infinity":48,"s:85:2:180:Infinity":49,"b:119:46:119:61:119:61:119:Infinity":12,"b:146:49:146:64:146:64:146:Infinity":13}}}
,"C:\\Repositorios\\KeyLab\\src\\pages\\Nosotros.jsx": {"path":"C:\\Repositorios\\KeyLab\\src\\pages\\Nosotros.jsx","statementMap":{"0":{"start":{"line":4,"column":2},"end":{"line":17,"column":null}}},"fnMap":{"0":{"name":"Nosotros","decl":{"start":{"line":3,"column":9},"end":{"line":3,"column":20}},"loc":{"start":{"line":3,"column":20},"end":{"line":19,"column":null}},"line":3}},"branchMap":{},"s":{"0":0},"f":{"0":0},"b":{},"meta":{"lastBranch":0,"lastFunction":1,"lastStatement":1,"seen":{"f:3:9:3:20":0,"s:4:2:17:Infinity":0}}}
,"C:\\Repositorios\\KeyLab\\src\\pages\\PerfilUsuario.jsx": {"path":"C:\\Repositorios\\KeyLab\\src\\pages\\PerfilUsuario.jsx","statementMap":{"0":{"start":{"line":4,"column":24},"end":{"line":4,"column":null}},"1":{"start":{"line":6,"column":2},"end":{"line":10,"column":null}}},"fnMap":{"0":{"name":"PerfilUsuario","decl":{"start":{"line":3,"column":9},"end":{"line":3,"column":25}},"loc":{"start":{"line":3,"column":25},"end":{"line":12,"column":null}},"line":3}},"branchMap":{},"s":{"0":0,"1":0},"f":{"0":0},"b":{},"meta":{"lastBranch":0,"lastFunction":1,"lastStatement":2,"seen":{"f:3:9:3:25":0,"s:4:24:4:Infinity":0,"s:6:2:10:Infinity":1}}}
,"C:\\Repositorios\\KeyLab\\src\\pages\\Productos.jsx": {"path":"C:\\Repositorios\\KeyLab\\src\\pages\\Productos.jsx","statementMap":{"0":{"start":{"line":2,"column":2},"end":{"line":8,"column":null}}},"fnMap":{"0":{"name":"Productos","decl":{"start":{"line":1,"column":9},"end":{"line":1,"column":21}},"loc":{"start":{"line":1,"column":21},"end":{"line":10,"column":null}},"line":1}},"branchMap":{},"s":{"0":0},"f":{"0":0},"b":{},"meta":{"lastBranch":0,"lastFunction":1,"lastStatement":1,"seen":{"f:1:9:1:21":0,"s:2:2:8:Infinity":0}}}
,"C:\\Repositorios\\KeyLab\\src\\pages\\Registro.jsx": {"path":"C:\\Repositorios\\KeyLab\\src\\pages\\Registro.jsx","statementMap":{"0":{"start":{"line":7,"column":22},"end":{"line":14,"column":null}},"1":{"start":{"line":15,"column":26},"end":{"line":15,"column":null}},"2":{"start":{"line":16,"column":8},"end":{"line":16,"column":null}},"3":{"start":{"line":17,"column":19},"end":{"line":17,"column":null}},"4":{"start":{"line":19,"column":2},"end":{"line":22,"column":null}},"5":{"start":{"line":20,"column":4},"end":{"line":20,"column":null}},"6":{"start":{"line":21,"column":4},"end":{"line":21,"column":null}},"7":{"start":{"line":21,"column":17},"end":{"line":21,"column":null}},"8":{"start":{"line":24,"column":24},"end":{"line":52,"column":null}},"9":{"start":{"line":25,"column":18},"end":{"line":25,"column":null}},"10":{"start":{"line":27,"column":4},"end":{"line":29,"column":null}},"11":{"start":{"line":28,"column":6},"end":{"line":28,"column":null}},"12":{"start":{"line":31,"column":4},"end":{"line":39,"column":null}},"13":{"start":{"line":32,"column":22},"end":{"line":32,"column":null}},"14":{"start":{"line":33,"column":22},"end":{"line":33,"column":null}},"15":{"start":{"line":34,"column":21},"end":{"line":34,"column":null}},"16":{"start":{"line":35,"column":6},"end":{"line":38,"column":null}},"17":{"start":{"line":35,"column":20},"end":{"line":35,"column":null}},"18":{"start":{"line":35,"column":30},"end":{"line":38,"column":null}},"19":{"start":{"line":37,"column":8},"end":{"line":37,"column":null}},"20":{"start":{"line":41,"column":4},"end":{"line":45,"column":null}},"21":{"start":{"line":42,"column":6},"end":{"line":44,"column":null}},"22":{"start":{"line":42,"column":25},"end":{"line":42,"column":null}},"23":{"start":{"line":42,"column":35},"end":{"line":44,"column":null}},"24":{"start":{"line":44,"column":8},"end":{"line":44,"column":null}},"25":{"start":{"line":47,"column":4},"end":{"line":49,"column":null}},"26":{"start":{"line":48,"column":6},"end":{"line":48,"column":null}},"27":{"start":{"line":51,"column":4},"end":{"line":51,"column":null}},"28":{"start":{"line":54,"column":23},"end":{"line":58,"column":null}},"29":{"start":{"line":55,"column":28},"end":{"line":55,"column":null}},"30":{"start":{"line":56,"column":4},"end":{"line":56,"column":null}},"31":{"start":{"line":56,"column":23},"end":{"line":56,"column":50}},"32":{"start":{"line":57,"column":4},"end":{"line":57,"column":null}},"33":{"start":{"line":57,"column":25},"end":{"line":57,"column":73}},"34":{"start":{"line":60,"column":23},"end":{"line":85,"column":null}},"35":{"start":{"line":61,"column":4},"end":{"line":61,"column":null}},"36":{"start":{"line":63,"column":22},"end":{"line":63,"column":null}},"37":{"start":{"line":64,"column":4},"end":{"line":64,"column":null}},"38":{"start":{"line":64,"column":38},"end":{"line":64,"column":79}},"39":{"start":{"line":65,"column":4},"end":{"line":65,"column":null}},"40":{"start":{"line":67,"column":4},"end":{"line":67,"column":null}},"41":{"start":{"line":67,"column":48},"end":{"line":67,"column":null}},"42":{"start":{"line":69,"column":20},"end":{"line":76,"column":null}},"43":{"start":{"line":78,"column":4},"end":{"line":81,"column":null}},"44":{"start":{"line":79,"column":6},"end":{"line":79,"column":null}},"45":{"start":{"line":80,"column":6},"end":{"line":80,"column":null}},"46":{"start":{"line":83,"column":4},"end":{"line":83,"column":null}},"47":{"start":{"line":84,"column":4},"end":{"line":84,"column":null}},"48":{"start":{"line":87,"column":2},"end":{"line":296,"column":null}}},"fnMap":{"0":{"name":"Registro","decl":{"start":{"line":6,"column":9},"end":{"line":6,"column":20}},"loc":{"start":{"line":6,"column":20},"end":{"line":298,"column":null}},"line":6},"1":{"name":"(anonymous_1)","decl":{"start":{"line":19,"column":12},"end":{"line":19,"column":18}},"loc":{"start":{"line":19,"column":18},"end":{"line":22,"column":5}},"line":19},"2":{"name":"(anonymous_2)","decl":{"start":{"line":21,"column":11},"end":{"line":21,"column":17}},"loc":{"start":{"line":21,"column":17},"end":{"line":21,"column":null}},"line":21},"3":{"name":"(anonymous_3)","decl":{"start":{"line":24,"column":24},"end":{"line":24,"column":25}},"loc":{"start":{"line":24,"column":42},"end":{"line":52,"column":null}},"line":24},"4":{"name":"(anonymous_4)","decl":{"start":{"line":54,"column":23},"end":{"line":54,"column":24}},"loc":{"start":{"line":54,"column":30},"end":{"line":58,"column":null}},"line":54},"5":{"name":"(anonymous_5)","decl":{"start":{"line":56,"column":12},"end":{"line":56,"column":13}},"loc":{"start":{"line":56,"column":23},"end":{"line":56,"column":50}},"line":56},"6":{"name":"(anonymous_6)","decl":{"start":{"line":57,"column":14},"end":{"line":57,"column":15}},"loc":{"start":{"line":57,"column":25},"end":{"line":57,"column":73}},"line":57},"7":{"name":"(anonymous_7)","decl":{"start":{"line":60,"column":23},"end":{"line":60,"column":24}},"loc":{"start":{"line":60,"column":30},"end":{"line":85,"column":null}},"line":60},"8":{"name":"(anonymous_8)","decl":{"start":{"line":64,"column":30},"end":{"line":64,"column":31}},"loc":{"start":{"line":64,"column":38},"end":{"line":64,"column":79}},"line":64}},"branchMap":{"0":{"loc":{"start":{"line":27,"column":4},"end":{"line":29,"column":null}},"type":"if","locations":[{"start":{"line":27,"column":4},"end":{"line":29,"column":null}},{"start":{},"end":{}}],"line":27},"1":{"loc":{"start":{"line":27,"column":8},"end":{"line":27,"column":73}},"type":"binary-expr","locations":[{"start":{"line":27,"column":8},"end":{"line":27,"column":58}},{"start":{"line":27,"column":58},"end":{"line":27,"column":73}}],"line":27},"2":{"loc":{"start":{"line":31,"column":4},"end":{"line":39,"column":null}},"type":"if","locations":[{"start":{"line":31,"column":4},"end":{"line":39,"column":null}},{"start":{},"end":{}}],"line":31},"3":{"loc":{"start":{"line":35,"column":6},"end":{"line":38,"column":null}},"type":"if","locations":[{"start":{"line":35,"column":6},"end":{"line":38,"column":null}},{"start":{"line":35,"column":30},"end":{"line":38,"column":null}}],"line":35},"4":{"loc":{"start":{"line":35,"column":30},"end":{"line":38,"column":null}},"type":"if","locations":[{"start":{"line":35,"column":30},"end":{"line":38,"column":null}},{"start":{},"end":{}}],"line":35},"5":{"loc":{"start":{"line":36,"column":15},"end":{"line":36,"column":74}},"type":"binary-expr","locations":[{"start":{"line":36,"column":15},"end":{"line":36,"column":33}},{"start":{"line":36,"column":33},"end":{"line":36,"column":74}}],"line":36},"6":{"loc":{"start":{"line":41,"column":4},"end":{"line":45,"column":null}},"type":"if","locations":[{"start":{"line":41,"column":4},"end":{"line":45,"column":null}},{"start":{},"end":{}}],"line":41},"7":{"loc":{"start":{"line":42,"column":6},"end":{"line":44,"column":null}},"type":"if","locations":[{"start":{"line":42,"column":6},"end":{"line":44,"column":null}},{"start":{"line":42,"column":35},"end":{"line":44,"column":null}}],"line":42},"8":{"loc":{"start":{"line":42,"column":35},"end":{"line":44,"column":null}},"type":"if","locations":[{"start":{"line":42,"column":35},"end":{"line":44,"column":null}},{"start":{},"end":{}}],"line":42},"9":{"loc":{"start":{"line":43,"column":15},"end":{"line":43,"column":null}},"type":"binary-expr","locations":[{"start":{"line":43,"column":15},"end":{"line":43,"column":35}},{"start":{"line":43,"column":35},"end":{"line":43,"column":null}}],"line":43},"10":{"loc":{"start":{"line":47,"column":4},"end":{"line":49,"column":null}},"type":"if","locations":[{"start":{"line":47,"column":4},"end":{"line":49,"column":null}},{"start":{},"end":{}}],"line":47},"11":{"loc":{"start":{"line":47,"column":8},"end":{"line":47,"column":58}},"type":"binary-expr","locations":[{"start":{"line":47,"column":8},"end":{"line":47,"column":33}},{"start":{"line":47,"column":33},"end":{"line":47,"column":58}}],"line":47},"12":{"loc":{"start":{"line":67,"column":4},"end":{"line":67,"column":null}},"type":"if","locations":[{"start":{"line":67,"column":4},"end":{"line":67,"column":null}},{"start":{},"end":{}}],"line":67},"13":{"loc":{"start":{"line":78,"column":4},"end":{"line":81,"column":null}},"type":"if","locations":[{"start":{"line":78,"column":4},"end":{"line":81,"column":null}},{"start":{},"end":{}}],"line":78},"14":{"loc":{"start":{"line":122,"column":31},"end":{"line":122,"column":null}},"type":"cond-expr","locations":[{"start":{"line":122,"column":44},"end":{"line":122,"column":59}},{"start":{"line":122,"column":59},"end":{"line":122,"column":null}}],"line":122},"15":{"loc":{"start":{"line":148,"column":31},"end":{"line":148,"column":null}},"type":"cond-expr","locations":[{"start":{"line":148,"column":47},"end":{"line":148,"column":62}},{"start":{"line":148,"column":62},"end":{"line":148,"column":null}}],"line":148},"16":{"loc":{"start":{"line":174,"column":31},"end":{"line":174,"column":null}},"type":"cond-expr","locations":[{"start":{"line":174,"column":50},"end":{"line":174,"column":65}},{"start":{"line":174,"column":65},"end":{"line":174,"column":null}}],"line":174},"17":{"loc":{"start":{"line":200,"column":31},"end":{"line":200,"column":null}},"type":"cond-expr","locations":[{"start":{"line":200,"column":46},"end":{"line":200,"column":61}},{"start":{"line":200,"column":61},"end":{"line":200,"column":null}}],"line":200},"18":{"loc":{"start":{"line":226,"column":31},"end":{"line":226,"column":null}},"type":"cond-expr","locations":[{"start":{"line":226,"column":49},"end":{"line":226,"column":64}},{"start":{"line":226,"column":64},"end":{"line":226,"column":null}}],"line":226},"19":{"loc":{"start":{"line":252,"column":31},"end":{"line":252,"column":null}},"type":"cond-expr","locations":[{"start":{"line":252,"column":50},"end":{"line":252,"column":65}},{"start":{"line":252,"column":65},"end":{"line":252,"column":null}}],"line":252}},"s":{"0":0,"1":0,"2":0,"3":0,"4":0,"5":0,"6":0,"7":0,"8":0,"9":0,"10":0,"11":0,"12":0,"13":0,"14":0,"15":0,"16":0,"17":0,"18":0,"19":0,"20":0,"21":0,"22":0,"23":0,"24":0,"25":0,"26":0,"27":0,"28":0,"29":0,"30":0,"31":0,"32":0,"33":0,"34":0,"35":0,"36":0,"37":0,"38":0,"39":0,"40":0,"41":0,"42":0,"43":0,"44":0,"45":0,"46":0,"47":0,"48":0},"f":{"0":0,"1":0,"2":0,"3":0,"4":0,"5":0,"6":0,"7":0,"8":0},"b":{"0":[0,0],"1":[0,0],"2":[0,0],"3":[0,0],"4":[0,0],"5":[0,0],"6":[0,0],"7":[0,0],"8":[0,0],"9":[0,0],"10":[0,0],"11":[0,0],"12":[0,0],"13":[0,0],"14":[0,0],"15":[0,0],"16":[0,0],"17":[0,0],"18":[0,0],"19":[0,0]},"meta":{"lastBranch":20,"lastFunction":9,"lastStatement":49,"seen":{"f:6:9:6:20":0,"s:7:22:14:Infinity":0,"s:15:26:15:Infinity":1,"s:16:8:16:Infinity":2,"s:17:19:17:Infinity":3,"s:19:2:22:Infinity":4,"f:19:12:19:18":1,"s:20:4:20:Infinity":5,"s:21:4:21:Infinity":6,"f:21:11:21:17":2,"s:21:17:21:Infinity":7,"s:24:24:52:Infinity":8,"f:24:24:24:25":3,"s:25:18:25:Infinity":9,"b:27:4:29:Infinity:undefined:undefined:undefined:undefined":0,"s:27:4:29:Infinity":10,"b:27:8:27:58:27:58:27:73":1,"s:28:6:28:Infinity":11,"b:31:4:39:Infinity:undefined:undefined:undefined:undefined":2,"s:31:4:39:Infinity":12,"s:32:22:32:Infinity":13,"s:33:22:33:Infinity":14,"s:34:21:34:Infinity":15,"b:35:6:38:Infinity:35:30:38:Infinity":3,"s:35:6:38:Infinity":16,"s:35:20:35:Infinity":17,"b:35:30:38:Infinity:undefined:undefined:undefined:undefined":4,"s:35:30:38:Infinity":18,"b:36:15:36:33:36:33:36:74":5,"s:37:8:37:Infinity":19,"b:41:4:45:Infinity:undefined:undefined:undefined:undefined":6,"s:41:4:45:Infinity":20,"b:42:6:44:Infinity:42:35:44:Infinity":7,"s:42:6:44:Infinity":21,"s:42:25:42:Infinity":22,"b:42:35:44:Infinity:undefined:undefined:undefined:undefined":8,"s:42:35:44:Infinity":23,"b:43:15:43:35:43:35:43:Infinity":9,"s:44:8:44:Infinity":24,"b:47:4:49:Infinity:undefined:undefined:undefined:undefined":10,"s:47:4:49:Infinity":25,"b:47:8:47:33:47:33:47:58":11,"s:48:6:48:Infinity":26,"s:51:4:51:Infinity":27,"s:54:23:58:Infinity":28,"f:54:23:54:24":4,"s:55:28:55:Infinity":29,"s:56:4:56:Infinity":30,"f:56:12:56:13":5,"s:56:23:56:50":31,"s:57:4:57:Infinity":32,"f:57:14:57:15":6,"s:57:25:57:73":33,"s:60:23:85:Infinity":34,"f:60:23:60:24":7,"s:61:4:61:Infinity":35,"s:63:22:63:Infinity":36,"s:64:4:64:Infinity":37,"f:64:30:64:31":8,"s:64:38:64:79":38,"s:65:4:65:Infinity":39,"b:67:4:67:Infinity:undefined:undefined:undefined:undefined":12,"s:67:4:67:Infinity":40,"s:67:48:67:Infinity":41,"s:69:20:76:Infinity":42,"b:78:4:81:Infinity:undefined:undefined:undefined:undefined":13,"s:78:4:81:Infinity":43,"s:79:6:79:Infinity":44,"s:80:6:80:Infinity":45,"s:83:4:83:Infinity":46,"s:84:4:84:Infinity":47,"s:87:2:296:Infinity":48,"b:122:44:122:59:122:59:122:Infinity":14,"b:148:47:148:62:148:62:148:Infinity":15,"b:174:50:174:65:174:65:174:Infinity":16,"b:200:46:200:61:200:61:200:Infinity":17,"b:226:49:226:64:226:64:226:Infinity":18,"b:252:50:252:65:252:65:252:Infinity":19}}}
,"C:\\Repositorios\\KeyLab\\src\\pages\\Switches.jsx": {"path":"C:\\Repositorios\\KeyLab\\src\\pages\\Switches.jsx","statementMap":{"0":{"start":{"line":6,"column":19},"end":{"line":6,"column":null}},"1":{"start":{"line":6,"column":43},"end":{"line":6,"column":69}},"2":{"start":{"line":8,"column":2},"end":{"line":16,"column":null}}},"fnMap":{"0":{"name":"Switches","decl":{"start":{"line":5,"column":9},"end":{"line":5,"column":20}},"loc":{"start":{"line":5,"column":20},"end":{"line":18,"column":null}},"line":5},"1":{"name":"(anonymous_1)","decl":{"start":{"line":6,"column":36},"end":{"line":6,"column":37}},"loc":{"start":{"line":6,"column":43},"end":{"line":6,"column":69}},"line":6}},"branchMap":{"0":{"loc":{"start":{"line":11,"column":7},"end":{"line":14,"column":null}},"type":"cond-expr","locations":[{"start":{"line":12,"column":8},"end":{"line":12,"column":null}},{"start":{"line":14,"column":8},"end":{"line":14,"column":null}}],"line":11}},"s":{"0":0,"1":0,"2":0},"f":{"0":0,"1":0},"b":{"0":[0,0]},"meta":{"lastBranch":1,"lastFunction":2,"lastStatement":3,"seen":{"f:5:9:5:20":0,"s:6:19:6:Infinity":0,"f:6:36:6:37":1,"s:6:43:6:69":1,"s:8:2:16:Infinity":2,"b:12:8:12:Infinity:14:8:14:Infinity":0}}}
,"C:\\Repositorios\\KeyLab\\src\\pages\\Teclados.jsx": {"path":"C:\\Repositorios\\KeyLab\\src\\pages\\Teclados.jsx","statementMap":{"0":{"start":{"line":6,"column":19},"end":{"line":6,"column":null}},"1":{"start":{"line":6,"column":43},"end":{"line":6,"column":69}},"2":{"start":{"line":8,"column":2},"end":{"line":16,"column":null}}},"fnMap":{"0":{"name":"Teclados","decl":{"start":{"line":5,"column":9},"end":{"line":5,"column":20}},"loc":{"start":{"line":5,"column":20},"end":{"line":18,"column":null}},"line":5},"1":{"name":"(anonymous_1)","decl":{"start":{"line":6,"column":36},"end":{"line":6,"column":37}},"loc":{"start":{"line":6,"column":43},"end":{"line":6,"column":69}},"line":6}},"branchMap":{"0":{"loc":{"start":{"line":11,"column":7},"end":{"line":14,"column":null}},"type":"cond-expr","locations":[{"start":{"line":12,"column":8},"end":{"line":12,"column":null}},{"start":{"line":14,"column":8},"end":{"line":14,"column":null}}],"line":11}},"s":{"0":0,"1":0,"2":0},"f":{"0":0,"1":0},"b":{"0":[0,0]},"meta":{"lastBranch":1,"lastFunction":2,"lastStatement":3,"seen":{"f:5:9:5:20":0,"s:6:19:6:Infinity":0,"f:6:36:6:37":1,"s:6:43:6:69":1,"s:8:2:16:Infinity":2,"b:12:8:12:Infinity:14:8:14:Infinity":0}}}
,"C:\\Repositorios\\KeyLab\\src\\pages\\TestCard.jsx": {"path":"C:\\Repositorios\\KeyLab\\src\\pages\\TestCard.jsx","statementMap":{"0":{"start":{"line":6,"column":2},"end":{"line":280,"column":null}},"1":{"start":{"line":225,"column":12},"end":{"line":246,"column":null}}},"fnMap":{"0":{"name":"TestCard","decl":{"start":{"line":5,"column":9},"end":{"line":5,"column":20}},"loc":{"start":{"line":5,"column":20},"end":{"line":282,"column":null}},"line":5},"1":{"name":"(anonymous_1)","decl":{"start":{"line":224,"column":34},"end":{"line":224,"column":35}},"loc":{"start":{"line":225,"column":12},"end":{"line":246,"column":null}},"line":225}},"branchMap":{},"s":{"0":0,"1":0},"f":{"0":0,"1":0},"b":{},"meta":{"lastBranch":0,"lastFunction":2,"lastStatement":2,"seen":{"f:5:9:5:20":0,"s:6:2:280:Infinity":0,"f:224:34:224:35":1,"s:225:12:246:Infinity":1}}}
,"C:\\Repositorios\\KeyLab\\src\\pages\\TestLayout.jsx": {"path":"C:\\Repositorios\\KeyLab\\src\\pages\\TestLayout.jsx","statementMap":{"0":{"start":{"line":4,"column":2},"end":{"line":62,"column":null}}},"fnMap":{"0":{"name":"TestLayout","decl":{"start":{"line":3,"column":9},"end":{"line":3,"column":22}},"loc":{"start":{"line":3,"column":22},"end":{"line":64,"column":null}},"line":3}},"branchMap":{},"s":{"0":0},"f":{"0":0},"b":{},"meta":{"lastBranch":0,"lastFunction":1,"lastStatement":1,"seen":{"f:3:9:3:22":0,"s:4:2:62:Infinity":0}}}
,"C:\\Repositorios\\KeyLab\\src\\pages\\Ubicacion.jsx": {"path":"C:\\Repositorios\\KeyLab\\src\\pages\\Ubicacion.jsx","statementMap":{"0":{"start":{"line":4,"column":2},"end":{"line":29,"column":null}}},"fnMap":{"0":{"name":"Ubicacion","decl":{"start":{"line":3,"column":9},"end":{"line":3,"column":21}},"loc":{"start":{"line":3,"column":21},"end":{"line":31,"column":null}},"line":3}},"branchMap":{},"s":{"0":0},"f":{"0":0},"b":{},"meta":{"lastBranch":0,"lastFunction":1,"lastStatement":1,"seen":{"f:3:9:3:21":0,"s:4:2:29:Infinity":0}}}
,"C:\\Repositorios\\KeyLab\\src\\ui\\Alert.jsx": {"path":"C:\\Repositorios\\KeyLab\\src\\ui\\Alert.jsx","statementMap":{"0":{"start":{"line":3,"column":17},"end":{"line":12,"column":null}},"1":{"start":{"line":14,"column":14},"end":{"line":62,"column":null}},"2":{"start":{"line":25,"column":46},"end":{"line":25,"column":null}},"3":{"start":{"line":26,"column":23},"end":{"line":26,"column":null}},"4":{"start":{"line":27,"column":20},"end":{"line":27,"column":null}},"5":{"start":{"line":29,"column":2},"end":{"line":31,"column":null}},"6":{"start":{"line":30,"column":4},"end":{"line":30,"column":null}},"7":{"start":{"line":33,"column":23},"end":{"line":38,"column":null}},"8":{"start":{"line":40,"column":22},"end":{"line":46,"column":null}},"9":{"start":{"line":41,"column":4},"end":{"line":43,"column":null}},"10":{"start":{"line":42,"column":6},"end":{"line":42,"column":null}},"11":{"start":{"line":45,"column":4},"end":{"line":45,"column":null}},"12":{"start":{"line":48,"column":2},"end":{"line":60,"column":null}}},"fnMap":{"0":{"name":"(anonymous_0)","decl":{"start":{"line":14,"column":14},"end":{"line":14,"column":15}},"loc":{"start":{"line":24,"column":6},"end":{"line":62,"column":null}},"line":24},"1":{"name":"(anonymous_1)","decl":{"start":{"line":40,"column":22},"end":{"line":40,"column":23}},"loc":{"start":{"line":40,"column":33},"end":{"line":46,"column":null}},"line":40}},"branchMap":{"0":{"loc":{"start":{"line":15,"column":2},"end":{"line":15,"column":null}},"type":"default-arg","locations":[{"start":{"line":15,"column":12},"end":{"line":15,"column":null}}],"line":15},"1":{"loc":{"start":{"line":16,"column":2},"end":{"line":16,"column":null}},"type":"default-arg","locations":[{"start":{"line":16,"column":16},"end":{"line":16,"column":null}}],"line":16},"2":{"loc":{"start":{"line":20,"column":2},"end":{"line":20,"column":null}},"type":"default-arg","locations":[{"start":{"line":20,"column":14},"end":{"line":20,"column":null}}],"line":20},"3":{"loc":{"start":{"line":21,"column":2},"end":{"line":21,"column":null}},"type":"default-arg","locations":[{"start":{"line":21,"column":15},"end":{"line":21,"column":null}}],"line":21},"4":{"loc":{"start":{"line":27,"column":20},"end":{"line":27,"column":null}},"type":"cond-expr","locations":[{"start":{"line":27,"column":35},"end":{"line":27,"column":52}},{"start":{"line":27,"column":52},"end":{"line":27,"column":null}}],"line":27},"5":{"loc":{"start":{"line":29,"column":2},"end":{"line":31,"column":null}},"type":"if","locations":[{"start":{"line":29,"column":2},"end":{"line":31,"column":null}},{"start":{},"end":{}}],"line":29},"6":{"loc":{"start":{"line":35,"column":4},"end":{"line":35,"column":null}},"type":"binary-expr","locations":[{"start":{"line":35,"column":4},"end":{"line":35,"column":25}},{"start":{"line":35,"column":25},"end":{"line":35,"column":null}}],"line":35},"7":{"loc":{"start":{"line":36,"column":4},"end":{"line":36,"column":null}},"type":"binary-expr","locations":[{"start":{"line":36,"column":4},"end":{"line":36,"column":19}},{"start":{"line":36,"column":19},"end":{"line":36,"column":null}}],"line":36},"8":{"loc":{"start":{"line":41,"column":4},"end":{"line":43,"column":null}},"type":"if","locations":[{"start":{"line":41,"column":4},"end":{"line":43,"column":null}},{"start":{},"end":{}}],"line":41},"9":{"loc":{"start":{"line":50,"column":7},"end":{"line":50,"column":null}},"type":"binary-expr","locations":[{"start":{"line":50,"column":7},"end":{"line":50,"column":18}},{"start":{"line":50,"column":18},"end":{"line":50,"column":null}}],"line":50},"10":{"loc":{"start":{"line":52,"column":7},"end":{"line":58,"column":null}},"type":"binary-expr","locations":[{"start":{"line":52,"column":7},"end":{"line":52,"column":null}},{"start":{"line":53,"column":8},"end":{"line":58,"column":null}}],"line":52}},"s":{"0":0,"1":0,"2":0,"3":0,"4":0,"5":0,"6":0,"7":0,"8":0,"9":0,"10":0,"11":0,"12":0},"f":{"0":0,"1":0},"b":{"0":[0],"1":[0],"2":[0],"3":[0],"4":[0,0],"5":[0,0],"6":[0,0],"7":[0,0],"8":[0,0],"9":[0,0],"10":[0,0]},"meta":{"lastBranch":11,"lastFunction":2,"lastStatement":13,"seen":{"s:3:17:12:Infinity":0,"s:14:14:62:Infinity":1,"f:14:14:14:15":0,"b:15:12:15:Infinity":0,"b:16:16:16:Infinity":1,"b:20:14:20:Infinity":2,"b:21:15:21:Infinity":3,"s:25:46:25:Infinity":2,"s:26:23:26:Infinity":3,"s:27:20:27:Infinity":4,"b:27:35:27:52:27:52:27:Infinity":4,"b:29:2:31:Infinity:undefined:undefined:undefined:undefined":5,"s:29:2:31:Infinity":5,"s:30:4:30:Infinity":6,"s:33:23:38:Infinity":7,"b:35:4:35:25:35:25:35:Infinity":6,"b:36:4:36:19:36:19:36:Infinity":7,"s:40:22:46:Infinity":8,"f:40:22:40:23":1,"b:41:4:43:Infinity:undefined:undefined:undefined:undefined":8,"s:41:4:43:Infinity":9,"s:42:6:42:Infinity":10,"s:45:4:45:Infinity":11,"s:48:2:60:Infinity":12,"b:50:7:50:18:50:18:50:Infinity":9,"b:52:7:52:Infinity:53:8:58:Infinity":10}}}
,"C:\\Repositorios\\KeyLab\\src\\ui\\Button.jsx": {"path":"C:\\Repositorios\\KeyLab\\src\\ui\\Button.jsx","statementMap":{"0":{"start":{"line":3,"column":17},"end":{"line":13,"column":null}},"1":{"start":{"line":15,"column":14},"end":{"line":19,"column":null}},"2":{"start":{"line":21,"column":6},"end":{"line":58,"column":null}},"3":{"start":{"line":32,"column":23},"end":{"line":34,"column":null}},"4":{"start":{"line":36,"column":20},"end":{"line":36,"column":null}},"5":{"start":{"line":37,"column":21},"end":{"line":37,"column":null}},"6":{"start":{"line":39,"column":18},"end":{"line":45,"column":null}},"7":{"start":{"line":47,"column":2},"end":{"line":56,"column":null}},"8":{"start":{"line":60,"column":0},"end":{"line":60,"column":null}}},"fnMap":{"0":{"name":"(anonymous_0)","decl":{"start":{"line":21,"column":26},"end":{"line":21,"column":27}},"loc":{"start":{"line":31,"column":11},"end":{"line":58,"column":1}},"line":31}},"branchMap":{"0":{"loc":{"start":{"line":22,"column":2},"end":{"line":22,"column":null}},"type":"default-arg","locations":[{"start":{"line":22,"column":12},"end":{"line":22,"column":null}}],"line":22},"1":{"loc":{"start":{"line":23,"column":2},"end":{"line":23,"column":null}},"type":"default-arg","locations":[{"start":{"line":23,"column":9},"end":{"line":23,"column":null}}],"line":23},"2":{"loc":{"start":{"line":24,"column":2},"end":{"line":24,"column":null}},"type":"default-arg","locations":[{"start":{"line":24,"column":12},"end":{"line":24,"column":null}}],"line":24},"3":{"loc":{"start":{"line":25,"column":2},"end":{"line":25,"column":null}},"type":"default-arg","locations":[{"start":{"line":25,"column":10},"end":{"line":25,"column":null}}],"line":25},"4":{"loc":{"start":{"line":26,"column":2},"end":{"line":26,"column":null}},"type":"default-arg","locations":[{"start":{"line":26,"column":9},"end":{"line":26,"column":null}}],"line":26},"5":{"loc":{"start":{"line":27,"column":2},"end":{"line":27,"column":null}},"type":"default-arg","locations":[{"start":{"line":27,"column":13},"end":{"line":27,"column":null}}],"line":27},"6":{"loc":{"start":{"line":28,"column":2},"end":{"line":28,"column":null}},"type":"default-arg","locations":[{"start":{"line":28,"column":14},"end":{"line":28,"column":null}}],"line":28},"7":{"loc":{"start":{"line":32,"column":23},"end":{"line":34,"column":null}},"type":"cond-expr","locations":[{"start":{"line":33,"column":6},"end":{"line":33,"column":null}},{"start":{"line":34,"column":6},"end":{"line":34,"column":null}}],"line":32},"8":{"loc":{"start":{"line":34,"column":6},"end":{"line":34,"column":null}},"type":"binary-expr","locations":[{"start":{"line":34,"column":6},"end":{"line":34,"column":27}},{"start":{"line":34,"column":27},"end":{"line":34,"column":null}}],"line":34},"9":{"loc":{"start":{"line":36,"column":20},"end":{"line":36,"column":null}},"type":"binary-expr","locations":[{"start":{"line":36,"column":20},"end":{"line":36,"column":35}},{"start":{"line":36,"column":35},"end":{"line":36,"column":null}}],"line":36},"10":{"loc":{"start":{"line":37,"column":21},"end":{"line":37,"column":null}},"type":"cond-expr","locations":[{"start":{"line":37,"column":29},"end":{"line":37,"column":39}},{"start":{"line":37,"column":39},"end":{"line":37,"column":null}}],"line":37}},"s":{"0":0,"1":0,"2":0,"3":0,"4":0,"5":0,"6":0,"7":0,"8":0},"f":{"0":0},"b":{"0":[0],"1":[0],"2":[0],"3":[0],"4":[0],"5":[0],"6":[0],"7":[0,0],"8":[0,0],"9":[0,0],"10":[0,0]},"meta":{"lastBranch":11,"lastFunction":1,"lastStatement":9,"seen":{"s:3:17:13:Infinity":0,"s:15:14:19:Infinity":1,"s:21:6:58:Infinity":2,"f:21:26:21:27":0,"b:22:12:22:Infinity":0,"b:23:9:23:Infinity":1,"b:24:12:24:Infinity":2,"b:25:10:25:Infinity":3,"b:26:9:26:Infinity":4,"b:27:13:27:Infinity":5,"b:28:14:28:Infinity":6,"s:32:23:34:Infinity":3,"b:33:6:33:Infinity:34:6:34:Infinity":7,"b:34:6:34:27:34:27:34:Infinity":8,"s:36:20:36:Infinity":4,"b:36:20:36:35:36:35:36:Infinity":9,"s:37:21:37:Infinity":5,"b:37:29:37:39:37:39:37:Infinity":10,"s:39:18:45:Infinity":6,"s:47:2:56:Infinity":7,"s:60:0:60:Infinity":8}}}
,"C:\\Repositorios\\KeyLab\\src\\ui\\Card.jsx": {"path":"C:\\Repositorios\\KeyLab\\src\\ui\\Card.jsx","statementMap":{"0":{"start":{"line":4,"column":13},"end":{"line":21,"column":null}},"1":{"start":{"line":10,"column":18},"end":{"line":14,"column":null}},"2":{"start":{"line":16,"column":2},"end":{"line":19,"column":null}},"3":{"start":{"line":23,"column":0},"end":{"line":23,"column":null}},"4":{"start":{"line":26,"column":13},"end":{"line":38,"column":null}},"5":{"start":{"line":31,"column":18},"end":{"line":31,"column":null}},"6":{"start":{"line":33,"column":2},"end":{"line":36,"column":null}},"7":{"start":{"line":40,"column":0},"end":{"line":40,"column":null}},"8":{"start":{"line":43,"column":13},"end":{"line":55,"column":null}},"9":{"start":{"line":48,"column":18},"end":{"line":48,"column":null}},"10":{"start":{"line":50,"column":2},"end":{"line":53,"column":null}},"11":{"start":{"line":57,"column":0},"end":{"line":57,"column":null}},"12":{"start":{"line":60,"column":13},"end":{"line":74,"column":null}},"13":{"start":{"line":66,"column":20},"end":{"line":66,"column":null}},"14":{"start":{"line":67,"column":18},"end":{"line":67,"column":null}},"15":{"start":{"line":69,"column":2},"end":{"line":72,"column":null}},"16":{"start":{"line":76,"column":0},"end":{"line":76,"column":null}},"17":{"start":{"line":79,"column":13},"end":{"line":91,"column":null}},"18":{"start":{"line":84,"column":18},"end":{"line":84,"column":null}},"19":{"start":{"line":86,"column":2},"end":{"line":89,"column":null}},"20":{"start":{"line":93,"column":0},"end":{"line":93,"column":null}},"21":{"start":{"line":96,"column":13},"end":{"line":108,"column":null}},"22":{"start":{"line":101,"column":18},"end":{"line":101,"column":null}},"23":{"start":{"line":103,"column":2},"end":{"line":106,"column":null}},"24":{"start":{"line":110,"column":0},"end":{"line":110,"column":null}},"25":{"start":{"line":113,"column":13},"end":{"line":125,"column":null}},"26":{"start":{"line":120,"column":18},"end":{"line":120,"column":null}},"27":{"start":{"line":122,"column":2},"end":{"line":123,"column":null}},"28":{"start":{"line":127,"column":0},"end":{"line":127,"column":null}}},"fnMap":{"0":{"name":"(anonymous_0)","decl":{"start":{"line":4,"column":31},"end":{"line":4,"column":32}},"loc":{"start":{"line":9,"column":11},"end":{"line":21,"column":1}},"line":9},"1":{"name":"(anonymous_1)","decl":{"start":{"line":26,"column":37},"end":{"line":26,"column":38}},"loc":{"start":{"line":30,"column":11},"end":{"line":38,"column":1}},"line":30},"2":{"name":"(anonymous_2)","decl":{"start":{"line":43,"column":35},"end":{"line":43,"column":36}},"loc":{"start":{"line":47,"column":11},"end":{"line":55,"column":1}},"line":47},"3":{"name":"(anonymous_3)","decl":{"start":{"line":60,"column":36},"end":{"line":60,"column":37}},"loc":{"start":{"line":65,"column":11},"end":{"line":74,"column":1}},"line":65},"4":{"name":"(anonymous_4)","decl":{"start":{"line":79,"column":35},"end":{"line":79,"column":36}},"loc":{"start":{"line":83,"column":11},"end":{"line":91,"column":1}},"line":83},"5":{"name":"(anonymous_5)","decl":{"start":{"line":96,"column":37},"end":{"line":96,"column":38}},"loc":{"start":{"line":100,"column":11},"end":{"line":108,"column":1}},"line":100},"6":{"name":"(anonymous_6)","decl":{"start":{"line":113,"column":34},"end":{"line":113,"column":35}},"loc":{"start":{"line":119,"column":11},"end":{"line":125,"column":1}},"line":119}},"branchMap":{"0":{"loc":{"start":{"line":5,"column":2},"end":{"line":5,"column":null}},"type":"default-arg","locations":[{"start":{"line":5,"column":11},"end":{"line":5,"column":null}}],"line":5},"1":{"loc":{"start":{"line":6,"column":2},"end":{"line":6,"column":null}},"type":"default-arg","locations":[{"start":{"line":6,"column":14},"end":{"line":6,"column":null}}],"line":6},"2":{"loc":{"start":{"line":12,"column":4},"end":{"line":12,"column":null}},"type":"binary-expr","locations":[{"start":{"line":12,"column":4},"end":{"line":12,"column":14}},{"start":{"line":12,"column":14},"end":{"line":12,"column":null}}],"line":12},"3":{"loc":{"start":{"line":27,"column":2},"end":{"line":27,"column":null}},"type":"default-arg","locations":[{"start":{"line":27,"column":14},"end":{"line":27,"column":null}}],"line":27},"4":{"loc":{"start":{"line":44,"column":2},"end":{"line":44,"column":null}},"type":"default-arg","locations":[{"start":{"line":44,"column":14},"end":{"line":44,"column":null}}],"line":44},"5":{"loc":{"start":{"line":62,"column":2},"end":{"line":62,"column":null}},"type":"default-arg","locations":[{"start":{"line":62,"column":14},"end":{"line":62,"column":null}}],"line":62},"6":{"loc":{"start":{"line":66,"column":20},"end":{"line":66,"column":null}},"type":"binary-expr","locations":[{"start":{"line":66,"column":20},"end":{"line":66,"column":26}},{"start":{"line":66,"column":26},"end":{"line":66,"column":null}}],"line":66},"7":{"loc":{"start":{"line":80,"column":2},"end":{"line":80,"column":null}},"type":"default-arg","locations":[{"start":{"line":80,"column":14},"end":{"line":80,"column":null}}],"line":80},"8":{"loc":{"start":{"line":97,"column":2},"end":{"line":97,"column":null}},"type":"default-arg","locations":[{"start":{"line":97,"column":14},"end":{"line":97,"column":null}}],"line":97},"9":{"loc":{"start":{"line":114,"column":2},"end":{"line":114,"column":null}},"type":"default-arg","locations":[{"start":{"line":114,"column":12},"end":{"line":114,"column":null}}],"line":114},"10":{"loc":{"start":{"line":116,"column":2},"end":{"line":116,"column":null}},"type":"default-arg","locations":[{"start":{"line":116,"column":8},"end":{"line":116,"column":null}}],"line":116},"11":{"loc":{"start":{"line":117,"column":2},"end":{"line":117,"column":null}},"type":"default-arg","locations":[{"start":{"line":117,"column":14},"end":{"line":117,"column":null}}],"line":117}},"s":{"0":0,"1":0,"2":0,"3":0,"4":0,"5":0,"6":0,"7":0,"8":0,"9":0,"10":0,"11":0,"12":0,"13":0,"14":0,"15":0,"16":0,"17":0,"18":0,"19":0,"20":0,"21":0,"22":0,"23":0,"24":0,"25":0,"26":0,"27":0,"28":0},"f":{"0":0,"1":0,"2":0,"3":0,"4":0,"5":0,"6":0},"b":{"0":[0],"1":[0],"2":[0,0],"3":[0],"4":[0],"5":[0],"6":[0,0],"7":[0],"8":[0],"9":[0],"10":[0],"11":[0]},"meta":{"lastBranch":12,"lastFunction":7,"lastStatement":29,"seen":{"s:4:13:21:Infinity":0,"f:4:31:4:32":0,"b:5:11:5:Infinity":0,"b:6:14:6:Infinity":1,"s:10:18:14:Infinity":1,"b:12:4:12:14:12:14:12:Infinity":2,"s:16:2:19:Infinity":2,"s:23:0:23:Infinity":3,"s:26:13:38:Infinity":4,"f:26:37:26:38":1,"b:27:14:27:Infinity":3,"s:31:18:31:Infinity":5,"s:33:2:36:Infinity":6,"s:40:0:40:Infinity":7,"s:43:13:55:Infinity":8,"f:43:35:43:36":2,"b:44:14:44:Infinity":4,"s:48:18:48:Infinity":9,"s:50:2:53:Infinity":10,"s:57:0:57:Infinity":11,"s:60:13:74:Infinity":12,"f:60:36:60:37":3,"b:62:14:62:Infinity":5,"s:66:20:66:Infinity":13,"b:66:20:66:26:66:26:66:Infinity":6,"s:67:18:67:Infinity":14,"s:69:2:72:Infinity":15,"s:76:0:76:Infinity":16,"s:79:13:91:Infinity":17,"f:79:35:79:36":4,"b:80:14:80:Infinity":7,"s:84:18:84:Infinity":18,"s:86:2:89:Infinity":19,"s:93:0:93:Infinity":20,"s:96:13:108:Infinity":21,"f:96:37:96:38":5,"b:97:14:97:Infinity":8,"s:101:18:101:Infinity":22,"s:103:2:106:Infinity":23,"s:110:0:110:Infinity":24,"s:113:13:125:Infinity":25,"f:113:34:113:35":6,"b:114:12:114:Infinity":9,"b:116:8:116:Infinity":10,"b:117:14:117:Infinity":11,"s:120:18:120:Infinity":26,"s:122:2:123:Infinity":27,"s:127:0:127:Infinity":28}}}
,"C:\\Repositorios\\KeyLab\\src\\ui\\FormField.jsx": {"path":"C:\\Repositorios\\KeyLab\\src\\ui\\FormField.jsx","statementMap":{"0":{"start":{"line":3,"column":26},"end":{"line":17,"column":null}},"1":{"start":{"line":4,"column":2},"end":{"line":6,"column":null}},"2":{"start":{"line":5,"column":4},"end":{"line":5,"column":null}},"3":{"start":{"line":8,"column":2},"end":{"line":10,"column":null}},"4":{"start":{"line":9,"column":4},"end":{"line":9,"column":null}},"5":{"start":{"line":12,"column":2},"end":{"line":14,"column":null}},"6":{"start":{"line":13,"column":4},"end":{"line":13,"column":null}},"7":{"start":{"line":16,"column":2},"end":{"line":16,"column":null}},"8":{"start":{"line":19,"column":26},"end":{"line":33,"column":null}},"9":{"start":{"line":20,"column":2},"end":{"line":22,"column":null}},"10":{"start":{"line":21,"column":4},"end":{"line":21,"column":null}},"11":{"start":{"line":24,"column":2},"end":{"line":30,"column":null}},"12":{"start":{"line":25,"column":4},"end":{"line":29,"column":null}},"13":{"start":{"line":32,"column":2},"end":{"line":32,"column":null}},"14":{"start":{"line":35,"column":6},"end":{"line":171,"column":null}},"15":{"start":{"line":58,"column":20},"end":{"line":58,"column":null}},"16":{"start":{"line":59,"column":20},"end":{"line":59,"column":null}},"17":{"start":{"line":60,"column":18},"end":{"line":60,"column":null}},"18":{"start":{"line":61,"column":16},"end":{"line":61,"column":null}},"19":{"start":{"line":63,"column":25},"end":{"line":63,"column":null}},"20":{"start":{"line":64,"column":25},"end":{"line":69,"column":null}},"21":{"start":{"line":71,"column":23},"end":{"line":74,"column":null}},"22":{"start":{"line":76,"column":24},"end":{"line":97,"column":null}},"23":{"start":{"line":77,"column":4},"end":{"line":79,"column":null}},"24":{"start":{"line":78,"column":6},"end":{"line":78,"column":null}},"25":{"start":{"line":81,"column":4},"end":{"line":96,"column":null}},"26":{"start":{"line":82,"column":6},"end":{"line":88,"column":null}},"27":{"start":{"line":83,"column":8},"end":{"line":86,"column":null}},"28":{"start":{"line":90,"column":59},"end":{"line":90,"column":null}},"29":{"start":{"line":91,"column":6},"end":{"line":94,"column":null}},"30":{"start":{"line":99,"column":23},"end":{"line":107,"column":null}},"31":{"start":{"line":109,"column":2},"end":{"line":111,"column":null}},"32":{"start":{"line":110,"column":4},"end":{"line":110,"column":null}},"33":{"start":{"line":113,"column":25},"end":{"line":116,"column":null}},"34":{"start":{"line":119,"column":24},"end":{"line":119,"column":null}},"35":{"start":{"line":120,"column":26},"end":{"line":123,"column":null}},"36":{"start":{"line":126,"column":4},"end":{"line":163,"column":null}},"37":{"start":{"line":166,"column":2},"end":{"line":169,"column":null}},"38":{"start":{"line":173,"column":0},"end":{"line":173,"column":null}}},"fnMap":{"0":{"name":"(anonymous_0)","decl":{"start":{"line":3,"column":26},"end":{"line":3,"column":27}},"loc":{"start":{"line":3,"column":55},"end":{"line":17,"column":null}},"line":3},"1":{"name":"(anonymous_1)","decl":{"start":{"line":19,"column":26},"end":{"line":19,"column":27}},"loc":{"start":{"line":19,"column":76},"end":{"line":33,"column":null}},"line":19},"2":{"name":"(anonymous_2)","decl":{"start":{"line":35,"column":29},"end":{"line":35,"column":30}},"loc":{"start":{"line":57,"column":11},"end":{"line":171,"column":1}},"line":57},"3":{"name":"(anonymous_3)","decl":{"start":{"line":76,"column":24},"end":{"line":76,"column":30}},"loc":{"start":{"line":76,"column":30},"end":{"line":97,"column":null}},"line":76},"4":{"name":"(anonymous_4)","decl":{"start":{"line":81,"column":23},"end":{"line":81,"column":24}},"loc":{"start":{"line":81,"column":35},"end":{"line":96,"column":5}},"line":81}},"branchMap":{"0":{"loc":{"start":{"line":4,"column":2},"end":{"line":6,"column":null}},"type":"if","locations":[{"start":{"line":4,"column":2},"end":{"line":6,"column":null}},{"start":{},"end":{}}],"line":4},"1":{"loc":{"start":{"line":8,"column":2},"end":{"line":10,"column":null}},"type":"if","locations":[{"start":{"line":8,"column":2},"end":{"line":10,"column":null}},{"start":{},"end":{}}],"line":8},"2":{"loc":{"start":{"line":8,"column":6},"end":{"line":8,"column":47}},"type":"binary-expr","locations":[{"start":{"line":8,"column":6},"end":{"line":8,"column":29}},{"start":{"line":8,"column":29},"end":{"line":8,"column":47}}],"line":8},"3":{"loc":{"start":{"line":12,"column":2},"end":{"line":14,"column":null}},"type":"if","locations":[{"start":{"line":12,"column":2},"end":{"line":14,"column":null}},{"start":{},"end":{}}],"line":12},"4":{"loc":{"start":{"line":20,"column":2},"end":{"line":22,"column":null}},"type":"if","locations":[{"start":{"line":20,"column":2},"end":{"line":22,"column":null}},{"start":{},"end":{}}],"line":20},"5":{"loc":{"start":{"line":24,"column":2},"end":{"line":30,"column":null}},"type":"if","locations":[{"start":{"line":24,"column":2},"end":{"line":30,"column":null}},{"start":{},"end":{}}],"line":24},"6":{"loc":{"start":{"line":24,"column":6},"end":{"line":24,"column":47}},"type":"binary-expr","locations":[{"start":{"line":24,"column":6},"end":{"line":24,"column":29}},{"start":{"line":24,"column":29},"end":{"line":24,"column":47}}],"line":24},"7":{"loc":{"start":{"line":27,"column":6},"end":{"line":27,"column":null}},"type":"binary-expr","locations":[{"start":{"line":27,"column":6},"end":{"line":27,"column":16}},{"start":{"line":27,"column":16},"end":{"line":27,"column":null}}],"line":27},"8":{"loc":{"start":{"line":39,"column":2},"end":{"line":39,"column":null}},"type":"default-arg","locations":[{"start":{"line":39,"column":9},"end":{"line":39,"column":null}}],"line":39},"9":{"loc":{"start":{"line":40,"column":2},"end":{"line":40,"column":null}},"typ
[...]
olumn":2},"end":{"line":55,"column":null}},"11":{"start":{"line":55,"column":10},"end":{"line":55,"column":null}},"12":{"start":{"line":56,"column":2},"end":{"line":56,"column":null}},"13":{"start":{"line":56,"column":10},"end":{"line":56,"column":null}},"14":{"start":{"line":57,"column":2},"end":{"line":57,"column":null}},"15":{"start":{"line":57,"column":10},"end":{"line":57,"column":null}},"16":{"start":{"line":58,"column":2},"end":{"line":58,"column":null}},"17":{"start":{"line":58,"column":10},"end":{"line":58,"column":null}},"18":{"start":{"line":59,"column":2},"end":{"line":59,"column":null}},"19":{"start":{"line":59,"column":10},"end":{"line":59,"column":null}},"20":{"start":{"line":60,"column":2},"end":{"line":60,"column":null}},"21":{"start":{"line":60,"column":11},"end":{"line":60,"column":null}},"22":{"start":{"line":63,"column":2},"end":{"line":65,"column":null}},"23":{"start":{"line":64,"column":4},"end":{"line":64,"column":null}},"24":{"start":{"line":67,"column":18},"end":{"line":67,"column":null}},"25":{"start":{"line":69,"column":2},"end":{"line":72,"column":null}},"26":{"start":{"line":76,"column":0},"end":{"line":76,"column":null}}},"fnMap":{"0":{"name":"(anonymous_0)","decl":{"start":{"line":4,"column":36},"end":{"line":4,"column":37}},"loc":{"start":{"line":9,"column":11},"end":{"line":20,"column":1}},"line":9},"1":{"name":"(anonymous_1)","decl":{"start":{"line":25,"column":30},"end":{"line":25,"column":31}},"loc":{"start":{"line":29,"column":11},"end":{"line":37,"column":1}},"line":29},"2":{"name":"(anonymous_2)","decl":{"start":{"line":42,"column":30},"end":{"line":42,"column":31}},"loc":{"start":{"line":52,"column":11},"end":{"line":74,"column":1}},"line":52}},"branchMap":{"0":{"loc":{"start":{"line":5,"column":2},"end":{"line":5,"column":null}},"type":"default-arg","locations":[{"start":{"line":5,"column":10},"end":{"line":5,"column":null}}],"line":5},"1":{"loc":{"start":{"line":6,"column":2},"end":{"line":6,"column":null}},"type":"default-arg","locations":[{"start":{"line":6,"column":14},"end":{"line":6,"column":null}}],"line":6},"2":{"loc":{"start":{"line":11,"column":4},"end":{"line":11,"column":null}},"type":"cond-expr","locations":[{"start":{"line":11,"column":12},"end":{"line":11,"column":32}},{"start":{"line":11,"column":32},"end":{"line":11,"column":null}}],"line":11},"3":{"loc":{"start":{"line":26,"column":2},"end":{"line":26,"column":null}},"type":"default-arg","locations":[{"start":{"line":26,"column":14},"end":{"line":26,"column":null}}],"line":26},"4":{"loc":{"start":{"line":49,"column":2},"end":{"line":49,"column":null}},"type":"default-arg","locations":[{"start":{"line":49,"column":14},"end":{"line":49,"column":null}}],"line":49},"5":{"loc":{"start":{"line":55,"column":2},"end":{"line":55,"column":null}},"type":"if","locations":[{"start":{"line":55,"column":2},"end":{"line":55,"column":null}},{"start":{},"end":{}}],"line":55},"6":{"loc":{"start":{"line":56,"column":2},"end":{"line":56,"column":null}},"type":"if","locations":[{"start":{"line":56,"column":2},"end":{"line":56,"column":null}},{"start":{},"end":{}}],"line":56},"7":{"loc":{"start":{"line":57,"column":2},"end":{"line":57,"column":null}},"type":"if","locations":[{"start":{"line":57,"column":2},"end":{"line":57,"column":null}},{"start":{},"end":{}}],"line":57},"8":{"loc":{"start":{"line":58,"column":2},"end":{"line":58,"column":null}},"type":"if","locations":[{"start":{"line":58,"column":2},"end":{"line":58,"column":null}},{"start":{},"end":{}}],"line":58},"9":{"loc":{"start":{"line":59,"column":2},"end":{"line":59,"column":null}},"type":"if","locations":[{"start":{"line":59,"column":2},"end":{"line":59,"column":null}},{"start":{},"end":{}}],"line":59},"10":{"loc":{"start":{"line":60,"column":2},"end":{"line":60,"column":null}},"type":"if","locations":[{"start":{"line":60,"column":2},"end":{"line":60,"column":null}},{"start":{},"end":{}}],"line":60},"11":{"loc":{"start":{"line":63,"column":2},"end":{"line":65,"column":null}},"type":"if","locations":[{"start":{"line":63,"column":2},"end":{"line":65,"column":null}},{"start":{},"end":{}}],"line":63}},"s":{"0":0,"1":0,"2":0,"3":0,"4":0,"5":0,"6":0,"7":0,"8":0,"9":0,"10":0,"11":0,"12":0,"13":0,"14":0,"15":0,"16":0,"17":0,"18":0,"19":0,"20":0,"21":0,"22":0,"23":0,"24":0,"25":0,"26":0},"f":{"0":0,"1":0,"2":0},"b":{"0":[0],"1":[0],"2":[0,0],"3":[0],"4":[0],"5":[0,0],"6":[0,0],"7":[0,0],"8":[0,0],"9":[0,0],"10":[0,0],"11":[0,0]},"meta":{"lastBranch":12,"lastFunction":3,"lastStatement":27,"seen":{"s:4:13:20:Infinity":0,"f:4:36:4:37":0,"b:5:10:5:Infinity":0,"b:6:14:6:Infinity":1,"s:10:18:13:Infinity":1,"b:11:12:11:32:11:32:11:Infinity":2,"s:15:2:18:Infinity":2,"s:22:0:22:Infinity":3,"s:25:13:37:Infinity":4,"f:25:30:25:31":1,"b:26:14:26:Infinity":3,"s:30:18:30:Infinity":5,"s:32:2:35:Infinity":6,"s:39:0:39:Infinity":7,"s:42:13:74:Infinity":8,"f:42:30:42:31":2,"b:49:14:49:Infinity":4,"s:53:21:53:Infinity":9,"b:55:2:55:Infinity:undefined:undefined:undefined:undefined":5,"s:55:2:55:Infinity":10,"s:55:10:55:Infinity":11,"b:56:2:56:Infinity:undefined:undefined:undefined:undefined":6,"s:56:2:56:Infinity":12,"s:56:10:56:Infinity":13,"b:57:2:57:Infinity:undefined:undefined:undefined:undefined":7,"s:57:2:57:Infinity":14,"s:57:10:57:Infinity":15,"b:58:2:58:Infinity:undefined:undefined:undefined:undefined":8,"s:58:2:58:Infinity":16,"s:58:10:58:Infinity":17,"b:59:2:59:Infinity:undefined:undefined:undefined:undefined":9,"s:59:2:59:Infinity":18,"s:59:10:59:Infinity":19,"b:60:2:60:Infinity:undefined:undefined:undefined:undefined":10,"s:60:2:60:Infinity":20,"s:60:11:60:Infinity":21,"b:63:2:65:Infinity:undefined:undefined:undefined:undefined":11,"s:63:2:65:Infinity":22,"s:64:4:64:Infinity":23,"s:67:18:67:Infinity":24,"s:69:2:72:Infinity":25,"s:76:0:76:Infinity":26}}}
,"C:\\Repositorios\\KeyLab\\src\\ui\\Table.jsx": {"path":"C:\\Repositorios\\KeyLab\\src\\ui\\Table.jsx","statementMap":{"0":{"start":{"line":3,"column":24},"end":{"line":43,"column":null}},"1":{"start":{"line":12,"column":18},"end":{"line":12,"column":null}},"2":{"start":{"line":14,"column":2},"end":{"line":16,"column":null}},"3":{"start":{"line":15,"column":4},"end":{"line":15,"column":null}},"4":{"start":{"line":18,"column":2},"end":{"line":20,"column":null}},"5":{"start":{"line":19,"column":4},"end":{"line":19,"column":null}},"6":{"start":{"line":22,"column":2},"end":{"line":24,"column":null}},"7":{"start":{"line":23,"column":4},"end":{"line":23,"column":null}},"8":{"start":{"line":26,"column":2},"end":{"line":28,"column":null}},"9":{"start":{"line":27,"column":4},"end":{"line":27,"column":null}},"10":{"start":{"line":30,"column":2},"end":{"line":32,"column":null}},"11":{"start":{"line":31,"column":4},"end":{"line":31,"column":null}},"12":{"start":{"line":34,"column":2},"end":{"line":36,"column":null}},"13":{"start":{"line":35,"column":4},"end":{"line":35,"column":null}},"14":{"start":{"line":38,"column":2},"end":{"line":40,"column":null}},"15":{"start":{"line":39,"column":4},"end":{"line":39,"column":null}},"16":{"start":{"line":42,"column":2},"end":{"line":42,"column":null}},"17":{"start":{"line":45,"column":23},"end":{"line":59,"column":null}},"18":{"start":{"line":46,"column":2},"end":{"line":48,"column":null}},"19":{"start":{"line":47,"column":4},"end":{"line":47,"column":null}},"20":{"start":{"line":50,"column":26},"end":{"line":52,"column":null}},"21":{"start":{"line":54,"column":2},"end":{"line":57,"column":null}},"22":{"start":{"line":61,"column":21},"end":{"line":80,"column":null}},"23":{"start":{"line":74,"column":4},"end":{"line":76,"column":null}},"24":{"start":{"line":79,"column":2},"end":{"line":79,"column":null}},"25":{"start":{"line":82,"column":25},"end":{"line":85,"column":null}},"26":{"start":{"line":83,"column":2},"end":{"line":85,"column":null}},"27":{"start":{"line":88,"column":25},"end":{"line":91,"column":null}},"28":{"start":{"line":89,"column":2},"end":{"line":91,"column":null}},"29":{"start":{"line":94,"column":25},"end":{"line":97,"column":null}},"30":{"start":{"line":95,"column":2},"end":{"line":97,"column":null}},"31":{"start":{"line":100,"column":24},"end":{"line":103,"column":null}},"32":{"start":{"line":101,"column":2},"end":{"line":103,"column":null}},"33":{"start":{"line":106,"column":13},"end":{"line":122,"column":null}},"34":{"start":{"line":113,"column":6},"end":{"line":113,"column":null}},"35":{"start":{"line":115,"column":20},"end":{"line":115,"column":null}},"36":{"start":{"line":117,"column":2},"end":{"line":120,"column":null}},"37":{"start":{"line":124,"column":0},"end":{"line":124,"column":null}}},"fnMap":{"0":{"name":"(anonymous_0)","decl":{"start":{"line":3,"column":24},"end":{"line":3,"column":25}},"loc":{"start":{"line":11,"column":6},"end":{"line":43,"column":null}},"line":11},"1":{"name":"(anonymous_1)","decl":{"start":{"line":45,"column":23},"end":{"line":45,"column":24}},"loc":{"start":{"line":45,"column":46},"end":{"line":59,"column":null}},"line":45},"2":{"name":"(anonymous_2)","decl":{"start":{"line":61,"column":21},"end":{"line":61,"column":22}},"loc":{"start":{"line":72,"column":6},"end":{"line":80,"column":null}},"line":72},"3":{"name":"(anonymous_3)","decl":{"start":{"line":82,"column":25},"end":{"line":82,"column":26}},"loc":{"start":{"line":83,"column":2},"end":{"line":85,"column":null}},"line":83},"4":{"name":"(anonymous_4)","decl":{"start":{"line":88,"column":25},"end":{"line":88,"column":26}},"loc":{"start":{"line":89,"column":2},"end":{"line":91,"column":null}},"line":89},"5":{"name":"(anonymous_5)","decl":{"start":{"line":94,"column":25},"end":{"line":94,"column":26}},"loc":{"start":{"line":95,"column":2},"end":{"line":97,"column":null}},"line":95},"6":{"name":"(anonymous_6)","decl":{"start":{"line":100,"column":24},"end":{"line":100,"column":25}},"loc":{"start":{"line":101,"column":2},"end":{"line":103,"column":null}},"line":101},"7":{"name":"(anonymous_7)","decl":{"start":{"line":106,"column":36},"end":{"line":106,"column":37}},"loc":{"start":{"line":106,"column":52},"end":{"line":122,"column":1}},"line":106}},"branchMap":{"0":{"loc":{"start":{"line":14,"column":2},"end":{"line":16,"column":null}},"type":"if","locations":[{"start":{"line":14,"column":2},"end":{"line":16,"column":null}},{"start":{},"end":{}}],"line":14},"1":{"loc":{"start":{"line":15,"column":17},"end":{"line":15,"column":91}},"type":"cond-expr","locations":[{"start":{"line":15,"column":47},"end":{"line":15,"column":76}},{"start":{"line":15,"column":76},"end":{"line":15,"column":91}}],"line":15},"2":{"loc":{"start":{"line":18,"column":2},"end":{"line":20,"column":null}},"type":"if","locations":[{"start":{"line":18,"column":2},"end":{"line":20,"column":null}},{"start":{},"end":{}}],"line":18},"3":{"loc":{"start":{"line":22,"column":2},"end":{"line":24,"column":null}},"type":"if","locations":[{"start":{"line":22,"column":2},"end":{"line":24,"column":null}},{"start":{},"end":{}}],"line":22},"4":{"loc":{"start":{"line":26,"column":2},"end":{"line":28,"column":null}},"type":"if","locations":[{"start":{"line":26,"column":2},"end":{"line":28,"column":null}},{"start":{},"end":{}}],"line":26},"5":{"loc":{"start":{"line":30,"column":2},"end":{"line":32,"column":null}},"type":"if","locations":[{"start":{"line":30,"column":2},"end":{"line":32,"column":null}},{"start":{},"end":{}}],"line":30},"6":{"loc":{"start":{"line":34,"column":2},"end":{"line":36,"column":null}},"type":"if","locations":[{"start":{"line":34,"column":2},"end":{"line":36,"column":null}},{"start":{},"end":{}}],"line":34},"7":{"loc":{"start":{"line":38,"column":2},"end":{"line":40,"column":null}},"type":"if","locations":[{"start":{"line":38,"column":2},"end":{"line":40,"column":null}},{"start":{},"end":{}}],"line":38},"8":{"loc":{"start":{"line":46,"column":2},"end":{"line":48,"column":null}},"type":"if","locations":[{"start":{"line":46,"column":2},"end":{"line":48,"column":null}},{"start":{},"end":{}}],"line":46},"9":{"loc":{"start":{"line":50,"column":26},"end":{"line":52,"column":null}},"type":"cond-expr","locations":[{"start":{"line":51,"column":6},"end":{"line":51,"column":null}},{"start":{"line":52,"column":6},"end":{"line":52,"column":null}}],"line":50},"10":{"loc":{"start":{"line":62,"column":2},"end":{"line":62,"column":null}},"type":"default-arg","locations":[{"start":{"line":62,"column":12},"end":{"line":62,"column":null}}],"line":62},"11":{"loc":{"start":{"line":63,"column":2},"end":{"line":63,"column":null}},"type":"default-arg","locations":[{"start":{"line":63,"column":10},"end":{"line":63,"column":null}}],"line":63},"12":{"loc":{"start":{"line":64,"column":2},"end":{"line":64,"column":null}},"type":"default-arg","locations":[{"start":{"line":64,"column":13},"end":{"line":64,"column":null}}],"line":64},"13":{"loc":{"start":{"line":65,"column":2},"end":{"line":65,"column":null}},"type":"default-arg","locations":[{"start":{"line":65,"column":15},"end":{"line":65,"column":null}}],"line":65},"14":{"loc":{"start":{"line":68,"column":2},"end":{"line":68,"column":null}},"type":"default-arg","locations":[{"start":{"line":68,"column":15},"end":{"line":68,"column":null}}],"line":68},"15":{"loc":{"start":{"line":69,"column":2},"end":{"line":69,"column":null}},"type":"default-arg","locations":[{"start":{"line":69,"column":14},"end":{"line":69,"column":null}}],"line":69},"16":{"loc":{"start":{"line":82,"column":28},"end":{"line":82,"column":44}},"type":"default-arg","locations":[{"start":{"line":82,"column":40},"end":{"line":82,"column":44}}],"line":82},"17":{"loc":{"start":{"line":88,"column":28},"end":{"line":88,"column":44}},"type":"default-arg","locations":[{"start":{"line":88,"column":40},"end":{"line":88,"column":44}}],"line":88},"18":{"loc":{"start":{"line":94,"column":28},"end":{"line":94,"column":44}},"type":"default-arg","locations":[{"start":{"line":94,"column":40},"end":{"line":94,"column":44}}],"line":94},"19":{"loc":{"start":{"line":100,"column":27},"end":{"line":100,"column":43}},"type":"default-arg","locations":[{"start":{"line":100,"column":39},"end":{"line":100,"column":43}}],"line":100},"20":{"loc":{"start":{"line":109,"column":4},"end":{"line":109,"column":null}},"type":"default-arg","locations":[{"start":{"line":109,"column":16},"end":{"line":109,"column":null}}],"line":109},"21":{"loc":{"start":{"line":115,"column":20},"end":{"line":115,"column":null}},"type":"binary-expr","locations":[{"start":{"line":115,"column":20},"end":{"line":115,"column":26}},{"start":{"line":115,"column":26},"end":{"line":115,"column":null}}],"line":115}},"s":{"0":0,"1":0,"2":0,"3":0,"4":0,"5":0,"6":0,"7":0,"8":0,"9":0,"10":0,"11":0,"12":0,"13":0,"14":0,"15":0,"16":0,"17":0,"18":0,"19":0,"20":0,"21":0,"22":0,"23":0,"24":0,"25":0,"26":0,"27":0,"28":0,"29":0,"30":0,"31":0,"32":0,"33":0,"34":0,"35":0,"36":0,"37":0},"f":{"0":0,"1":0,"2":0,"3":0,"4":0,"5":0,"6":0,"7":0},"b":{"0":[0,0],"1":[0,0],"2":[0,0],"3":[0,0],"4":[0,0],"5":[0,0],"6":[0,0],"7":[0,0],"8":[0,0],"9":[0,0],"10":[0],"11":[0],"12":[0],"13":[0],"14":[0],"15":[0],"16":[0],"17":[0],"18":[0],"19":[0],"20":[0],"21":[0,0]},"meta":{"lastBranch":22,"lastFunction":8,"lastStatement":38,"seen":{"s:3:24:43:Infinity":0,"f:3:24:3:25":0,"s:12:18:12:Infinity":1,"b:14:2:16:Infinity:undefined:undefined:undefined:undefined":0,"s:14:2:16:Infinity":2,"s:15:4:15:Infinity":3,"b:15:47:15:76:15:76:15:91":1,"b:18:2:20:Infinity:undefined:undefined:undefined:undefined":2,"s:18:2:20:Infinity":4,"s:19:4:19:Infinity":5,"b:22:2:24:Infinity:undefined:undefined:undefined:undefined":3,"s:22:2:24:Infinity":6,"s:23:4:23:Infinity":7,"b:26:2:28:Infinity:undefined:undefined:undefined:undefined":4,"s:26:2:28:Infinity":8,"s:27:4:27:Infinity":9,"b:30:2:32:Infinity:undefined:undefined:undefined:undefined":5,"s:30:2:32:Infinity":10,"s:31:4:31:Infinity":11,"b:34:2:36:Infinity:undefined:undefined:undefined:undefined":6,"s:34:2:36:Infinity":12,"s:35:4:35:Infinity":13,"b:38:2:40:Infinity:undefined:undefined:undefined:undefined":7,"s:38:2:40:Infinity":14,"s:39:4:39:Infinity":15,"s:42:2:42:Infinity":16,"s:45:23:59:Infinity":17,"f:45:23:45:24":1,"b:46:2:48:Infinity:undefined:undefined:undefined:undefined":8,"s:46:2:48:Infinity":18,"s:47:4:47:Infinity":19,"s:50:26:52:Infinity":20,"b:51:6:51:Infinity:52:6:52:Infinity":9,"s:54:2:57:Infinity":21,"s:61:21:80:Infinity":22,"f:61:21:61:22":2,"b:62:12:62:Infinity":10,"b:63:10:63:Infinity":11,"b:64:13:64:Infinity":12,"b:65:15:65:Infinity":13,"b:68:15:68:Infinity":14,"b:69:14:69:Infinity":15,"s:74:4:76:Infinity":23,"s:79:2:79:Infinity":24,"s:82:25:85:Infinity":25,"f:82:25:82:26":3,"s:83:2:85:Infinity":26,"b:82:40:82:44":16,"s:88:25:91:Infinity":27,"f:88:25:88:26":4,"s:89:2:91:Infinity":28,"b:88:40:88:44":17,"s:94:25:97:Infinity":29,"f:94:25:94:26":5,"s:95:2:97:Infinity":30,"b:94:40:94:44":18,"s:100:24:103:Infinity":31,"f:100:24:100:25":6,"s:101:2:103:Infinity":32,"b:100:39:100:43":19,"s:106:13:122:Infinity":33,"f:106:36:106:37":7,"s:113:6:113:Infinity":34,"b:109:16:109:Infinity":20,"s:115:20:115:Infinity":35,"b:115:20:115:26:115:26:115:Infinity":21,"s:117:2:120:Infinity":36,"s:124:0:124:Infinity":37}}}
,"C:\\Repositorios\\KeyLab\\src\\ui\\index.js": {"path":"C:\\Repositorios\\KeyLab\\src\\ui\\index.js","statementMap":{},"fnMap":{},"branchMap":{},"s":{},"f":{},"b":{},"meta":{"lastBranch":0,"lastFunction":0,"lastStatement":0,"seen":{}}}
,"C:\\Repositorios\\KeyLab\\src\\utils\\auth.js": {"path":"C:\\Repositorios\\KeyLab\\src\\utils\\auth.js","statementMap":{"0":{"start":{"line":1,"column":27},"end":{"line":8,"column":1}},"1":{"start":{"line":10,"column":37},"end":{"line":10,"column":94}},"2":{"start":{"line":13,"column":2},"end":{"line":15,"column":3}},"3":{"start":{"line":14,"column":4},"end":{"line":14,"column":11}},"4":{"start":{"line":17,"column":2},"end":{"line":31,"column":3}},"5":{"start":{"line":18,"column":24},"end":{"line":18,"column":63}},"6":{"start":{"line":19,"column":27},"end":{"line":19,"column":69}},"7":{"start":{"line":20,"column":21},"end":{"line":20,"column":72}},"8":{"start":{"line":22,"column":23},"end":{"line":22,"column":42}},"9":{"start":{"line":23,"column":4},"end":{"line":25,"column":5}},"10":{"start":{"line":24,"column":6},"end":{"line":24,"column":13}},"11":{"start":{"line":27,"column":4},"end":{"line":27,"column":82}},"12":{"start":{"line":30,"column":4},"end":{"line":30,"column":82}}},"fnMap":{"0":{"name":"seedAdminUser","decl":{"start":{"line":12,"column":16},"end":{"line":12,"column":29}},"loc":{"start":{"line":12,"column":32},"end":{"line":32,"column":1}},"line":12}},"branchMap":{"0":{"loc":{"start":{"line":13,"column":2},"end":{"line":15,"column":3}},"type":"if","locations":[{"start":{"line":13,"column":2},"end":{"line":15,"column":3}},{"start":{},"end":{}}],"line":13},"1":{"loc":{"start":{"line":19,"column":27},"end":{"line":19,"column":69}},"type":"cond-expr","locations":[{"start":{"line":19,"column":41},"end":{"line":19,"column":64}},{"start":{"line":19,"column":67},"end":{"line":19,"column":69}}],"line":19},"2":{"loc":{"start":{"line":20,"column":21},"end":{"line":20,"column":72}},"type":"cond-expr","locations":[{"start":{"line":20,"column":53},"end":{"line":20,"column":67}},{"start":{"line":20,"column":70},"end":{"line":20,"column":72}}],"line":20},"3":{"loc":{"start":{"line":23,"column":4},"end":{"line":25,"column":5}},"type":"if","locations":[{"start":{"line":23,"column":4},"end":{"line":25,"column":5}},{"start":{},"end":{}}],"line":23}},"s":{"0":1,"1":1,"2":5,"3":0,"4":5,"5":5,"6":5,"7":5,"8":5,"9":5,"10":0,"11":5,"12":0},"f":{"0":5},"b":{"0":[0,5],"1":[0,5],"2":[5,0],"3":[0,5]},"meta":{"lastBranch":4,"lastFunction":1,"lastStatement":13,"seen":{"s:1:27:8:1":0,"s:10:37:10:94":1,"f:12:16:12:29":0,"b:13:2:15:3:undefined:undefined:undefined:undefined":0,"s:13:2:15:3":2,"s:14:4:14:11":3,"s:17:2:31:3":4,"s:18:24:18:63":5,"s:19:27:19:69":6,"b:19:41:19:64:19:67:19:69":1,"s:20:21:20:72":7,"b:20:53:20:67:20:70:20:72":2,"s:22:23:22:42":8,"b:23:4:25:5:undefined:undefined:undefined:undefined":3,"s:23:4:25:5":9,"s:24:6:24:13":10,"s:27:4:27:82":11,"s:30:4:30:82":12}}}
}
